#
# An unexpected error has been detected by Java Runtime Environment:
#
#  SIGSEGV (0xb) at pc=0x00007f09fc06fb4c, pid=430, tid=139680158947664
#
# Java VM: Java HotSpot(TM) 64-Bit Server VM (11.3-b02 mixed mode linux-amd64)
# Problematic frame:
# V  [libjvm.so+0x4a3b4c]
#
# If you would like to submit a bug report, please visit:
#   http://java.sun.com/webapps/bugreport/crash.jsp
#

---------------  T H R E A D  ---------------

Current thread (0x000000004017bc00):  VMThread [stack: 0x00007f09d2319000,0x00007f09d241a000] [id=434]

siginfo:si_signo=SIGSEGV: si_errno=0, si_code=128 (), si_addr=0x0000000000000000

Registers:
RAX=0x00000000000003d9, RBX=0x00007f09fc3b35b8, RCX=0x00007f09f76e2ee8, RDX=0xe4834824048b48ec
RSP=0x00007f09d24189b0, RBP=0x00007f09d24189c0, RSI=0x0000000040167fc0, RDI=0x00007f09f76e2ef8
R8 =0x00007f09d2a359e8, R9 =0x000000000000001a, R10=0x0000000000000004, R11=0x0000000000000020
R12=0x0000000000000000, R13=0x00007f09d24189d0, R14=0x00007f09fc3b35d8, R15=0x0000000040179a60
RIP=0x00007f09fc06fb4c, EFL=0x0000000000010202, CSGSFS=0x0000000000000033, ERR=0x0000000000000000
  TRAPNO=0x000000000000000d

Top of Stack: (sp=0x00007f09d24189b0)
0x00007f09d24189b0:   00007f09fc3b35d8 00007f09fc4afee0
0x00007f09d24189c0:   00007f09d2418a30 00007f09fc0eaa66
0x00007f09d24189d0:   0000000000010100 0000000000000000
0x00007f09d24189e0:   00000000423b3a50 0000000000022600
0x00007f09d24189f0:   00007f09d2418a10 000000004010bdc0
0x00007f09d2418a00:   00000000423b3a50 00000000000044ce
0x00007f09d2418a10:   00007f09d2418a30 00000000423b3a50
0x00007f09d2418a20:   00000000000044ce 0000000000000000
0x00007f09d2418a30:   00007f09d2418c60 00007f09fc0e99f1
0x00007f09d2418a40:   0000000000000000 00007f09d1f10c70
0x00007f09d2418a50:   000000004017a190 00007f09d5096fc0
0x00007f09d2418a60:   00000000000ee320 0000000000c490f0
0x00007f09d2418a70:   00007f09d2418c10 00007f09d2418bf0
0x00007f09d2418a80:   00007f09d2418b60 00007f09d2418b90
0x00007f09d2418a90:   0000000000010000 0000000000c490f0
0x00007f09d2418aa0:   00000000026b6fc0 0000000000c590f0
0x00007f09d2418ab0:   00007f09d2418b50 00007f09d2418b90
0x00007f09d2418ac0:   00007f09d2418bc0 00007f09d2418c20
0x00007f09d2418ad0:   0000000040122400 0000000040120830
0x00007f09d2418ae0:   0000000040120790 0000000040121dd0
0x00007f09d2418af0:   00000000fc3bc840 0000000040120430
0x00007f09d2418b00:   00007f09fc3b9330 0000000000000000
0x00007f09d2418b10:   00000000401209d0 000000004017a190
0x00007f09d2418b20:   0000000000000909 000000000a68c017
0x00007f09d2418b30:   00000000401d1700 00000000401798e0
0x00007f09d2418b40:   0000000000000000 0000000040179860
0x00007f09d2418b50:   0000000000000000 000000000a68c928
0x00007f09d2418b60:   00007f09d2010101 0000000040179c70
0x00007f09d2418b70:   0000000000000000 0000000040179bf0
0x00007f09d2418b80:   0000000040179b10 000000004010bdc0
0x00007f09d2418b90:   0000000040010100 0000000000000000
0x00007f09d2418ba0:   0000000000000000 0000000000000000 

Instructions: (pc=0x00007f09fc06fb4c)
0x00007f09fc06fb3c:   48 8b 34 c7 48 8b 4e 08 48 8b 51 10 48 8d 79 10
0x00007f09fc06fb4c:   ff 92 b8 00 00 00 48 8b 13 8b 02 85 c0 75 d5 eb 

Stack: [0x00007f09d2319000,0x00007f09d241a000],  sp=0x00007f09d24189b0,  free space=1022k
Native frames: (J=compiled Java code, j=interpreted, Vv=VM code, C=native code)
V  [libjvm.so+0x4a3b4c]
V  [libjvm.so+0x51ea66]
V  [libjvm.so+0x51d9f1]
V  [libjvm.so+0x51d4e4]
V  [libjvm.so+0x5fd987]
V  [libjvm.so+0x609caa]
V  [libjvm.so+0x609252]
V  [libjvm.so+0x6094d4]
V  [libjvm.so+0x608fce]
V  [libjvm.so+0x4e310a]

VM_Operation (0x00007f09ced86980): ParallelGCSystemGC, mode: safepoint, requested by thread 0x0000000040a58c00


---------------  P R O C E S S  ---------------

Java Threads: ( => current thread )
  0x000000004011a400 JavaThread "DestroyJavaVM" [_thread_blocked, id=431, stack(0x00007f09fb875000,0x00007f09fb976000)]
  0x0000000040940000 JavaThread "AWT-EventQueue-1" [_thread_blocked, id=463, stack(0x00007f09cea85000,0x00007f09ceb86000)]
  0x0000000040947400 JavaThread "TimerQueue" daemon [_thread_blocked, id=462, stack(0x00007f09cefaa000,0x00007f09cf0ab000)]
  0x0000000040888000 JavaThread "Thread-3" daemon [_thread_blocked, id=461, stack(0x00007f09ceb86000,0x00007f09cec87000)]
  0x0000000040a58c00 JavaThread "Timeable Event Queue Watch Dog" daemon [_thread_blocked, id=460, stack(0x00007f09cec87000,0x00007f09ced88000)]
  0x0000000040732000 JavaThread "AWT-Shutdown" [_thread_blocked, id=458, stack(0x00007f09cf279000,0x00007f09cf37a000)]
  0x00000000406d8800 JavaThread "AWT-XAWT" daemon [_thread_in_native, id=457, stack(0x00007f09cf37a000,0x00007f09cf47b000)]
  0x00000000404d5800 JavaThread "Java2D Disposer" daemon [_thread_blocked, id=456, stack(0x00007f09cfbc0000,0x00007f09cfcc1000)]
  0x0000000040486400 JavaThread "Timer-0" daemon [_thread_blocked, id=453, stack(0x00007f09d1327000,0x00007f09d1428000)]
  0x000000004040ac00 JavaThread "CLI Requests Server" daemon [_thread_in_native, id=452, stack(0x00007f09d1428000,0x00007f09d1529000)]
  0x0000000040411c00 JavaThread "Active Reference Queue Daemon" daemon [_thread_blocked, id=448, stack(0x00007f09d170a000,0x00007f09d180b000)]
  0x00000000401d8c00 JavaThread "Low Memory Detector" daemon [_thread_blocked, id=446, stack(0x00007f09d190c000,0x00007f09d1a0d000)]
  0x00000000401d4800 JavaThread "CompilerThread1" daemon [_thread_blocked, id=445, stack(0x00007f09d1a0d000,0x00007f09d1b0e000)]
  0x00000000401d2000 JavaThread "CompilerThread0" daemon [_thread_blocked, id=443, stack(0x00007f09d1b0e000,0x00007f09d1c0f000)]
  0x00000000401bc000 JavaThread "JDWP Command Reader" daemon [_thread_blocked, id=442, stack(0x00007f09d1c0f000,0x00007f09d1d10000)]
  0x00000000401ba400 JavaThread "JDWP Event Helper Thread" daemon [_thread_blocked, id=441, stack(0x00007f09d1d10000,0x00007f09d1e11000)]
  0x00000000401b6800 JavaThread "JDWP Transport Listener: dt_socket" daemon [_thread_blocked, id=440, stack(0x00007f09d1e11000,0x00007f09d1f12000)]
  0x00000000401a6400 JavaThread "Signal Dispatcher" daemon [_thread_blocked, id=437, stack(0x00007f09d2016000,0x00007f09d2117000)]
  0x0000000040188800 JavaThread "Finalizer" daemon [_thread_blocked, id=436, stack(0x00007f09d2117000,0x00007f09d2218000)]
  0x0000000040181800 JavaThread "Reference Handler" daemon [_thread_blocked, id=435, stack(0x00007f09d2218000,0x00007f09d2319000)]

Other Threads:
=>0x000000004017bc00 VMThread [stack: 0x00007f09d2319000,0x00007f09d241a000] [id=434]
  0x00000000401db400 WatcherThread [stack: 0x00007f09d180b000,0x00007f09d190c000] [id=447]

VM state:at safepoint (normal execution)

VM Mutex/Monitor currently owned by a thread:  ([mutex/lock_event])
[0x0000000040116ed0] UNKNOWN - owner thread: 0x000000004017bc00
[0x0000000040117510] UNKNOWN - owner thread: 0x0000000040a58c00

Heap
 PSYoungGen      total 65088K, used 64K [0x00007f09ecde0000, 0x00007f09f1d80000, 0x00007f09f75e0000)
  eden space 65024K, 0% used [0x00007f09ecde0000,0x00007f09ecde0000,0x00007f09f0d60000)
  from space 64K, 100% used [0x00007f09f0d60000,0x00007f09f0d70000,0x00007f09f0d70000)
  to   space 8256K, 0% used [0x00007f09f1570000,0x00007f09f1570000,0x00007f09f1d80000)
 PSOldGen        total 21504K, used 12580K [0x00007f09d7de0000, 0x00007f09d92e0000, 0x00007f09ecde0000)
  object space 21504K, 58% used [0x00007f09d7de0000,0x00007f09d8a290f0,0x00007f09d92e0000)
 PSPermGen       total 82240K, used 39643K [0x00007f09d29e0000, 0x00007f09d7a30000, 0x00007f09d7de0000)
  object space 82240K, 48% used [0x00007f09d29e0000,0x00007f09d5096fc0,0x00007f09d7a30000)

Dynamic libraries:
40000000-40009000 r-xp 00000000 08:05 295707                             /usr/lib64/jvm/java-1.6.0-sun-1.6.0/bin/java
40108000-4010a000 rwxp 00008000 08:05 295707                             /usr/lib64/jvm/java-1.6.0-sun-1.6.0/bin/java
4010a000-461f1000 rwxp 00000000 00:00 0                                  [heap]
7f09cda73000-7f09cda89000 r-xp 00000000 08:05 246524                     /usr/lib64/jvm/java-1.6.0-sun-1.6.0/jre/lib/amd64/libdcpr.so
7f09cda89000-7f09cdb8b000 ---p 00016000 08:05 246524                     /usr/lib64/jvm/java-1.6.0-sun-1.6.0/jre/lib/amd64/libdcpr.so
7f09cdb8b000-7f09cdba3000 rwxp 00018000 08:05 246524                     /usr/lib64/jvm/java-1.6.0-sun-1.6.0/jre/lib/amd64/libdcpr.so
7f09cdf0e000-7f09ce2af000 rwxs 00000000 00:04 29622310                   /SYSV00000000 (deleted)
7f09ce2af000-7f09ce2d8000 r-xs 00000000 08:05 763786                     /var/cache/fontconfig/7ef2298fde41cc6eeb7af42e48b7d293-x86-64.cache-2
7f09ce2d8000-7f09ce334000 r-xs 00000000 08:05 763913                     /var/cache/fontconfig/17090aa38d5c6f09fb8c5c354938f1d7-x86-64.cache-2
7f09ce334000-7f09ce390000 r-xs 00000000 08:05 763911                     /var/cache/fontconfig/df311e82a1a24c41a75c2c930223552e-x86-64.cache-2
7f09ce6d3000-7f09ce6d6000 rwxp 00000000 00:00 0 
7f09ce6d6000-7f09ce7d4000 rwxp 00000000 00:00 0 
7f09ce87d000-7f09ce883000 r-xp 00000000 08:05 246542                     /usr/lib64/jvm/java-1.6.0-sun-1.6.0/jre/lib/amd64/libmanagement.so
7f09ce883000-7f09ce982000 ---p 00006000 08:05 246542                     /usr/lib64/jvm/java-1.6.0-sun-1.6.0/jre/lib/amd64/libmanagement.so
7f09ce982000-7f09ce984000 rwxp 00005000 08:05 246542                     /usr/lib64/jvm/java-1.6.0-sun-1.6.0/jre/lib/amd64/libmanagement.so
7f09ce984000-7f09ce987000 rwxp 00000000 00:00 0 
7f09ce987000-7f09cea85000 rwxp 00000000 00:00 0 
7f09cea85000-7f09cea88000 ---p 00000000 00:00 0 
7f09cea88000-7f09ceb86000 rwxp 00000000 00:00 0 
7f09ceb86000-7f09ceb89000 ---p 00000000 00:00 0 
7f09ceb89000-7f09cec87000 rwxp 00000000 00:00 0 
7f09cec87000-7f09cec8a000 ---p 00000000 00:00 0 
7f09cec8a000-7f09ced88000 rwxp 00000000 00:00 0 
7f09ced88000-7f09ced8a000 r-xs 00007000 08:07 5661471                    /home/lsp/JavaProjects/MPUR/build/cluster/modules/org-timpgui-timpservice.jar
7f09ced8a000-7f09ced8c000 r-xs 0000c000 08:05 281361                     /usr/share/netbeans/platform9/modules/org-netbeans-modules-editor-mimelookup-impl.jar
7f09ced8c000-7f09ced8d000 r-xs 00000000 08:07 5661370                    /home/lsp/JavaProjects/MPUR/build/cluster/modules/org-timpgui-streakdataloader.jar
7f09ced8d000-7f09ced8e000 r-xs 00001000 08:07 5661491                    /home/lsp/JavaProjects/MPUR/build/cluster/modules/org-timpgui-ui-toolbar.jar
7f09ced8e000-7f09ced91000 r-xs 0001b000 08:05 281347                     /usr/share/netbeans/platform9/modules/org-netbeans-core-execution.jar
7f09ced91000-7f09ced92000 r-xs 00006000 08:05 281381                     /usr/share/netbeans/platform9/modules/org-openide-execution.jar
7f09ced92000-7f09ced94000 r-xs 00011000 08:07 5661372                    /home/lsp/JavaProjects/MPUR/build/cluster/modules/nl-vu-nat-tgofilesupport.jar
7f09ced94000-7f09ced96000 r-xs 0000f000 08:07 5661360                    /home/lsp/JavaProjects/MPUR/build/cluster/modules/org-timpgui-flimdataloader.jar
7f09ced96000-7f09ced98000 r-xs 00010000 08:05 281368                     /usr/share/netbeans/platform9/modules/org-netbeans-modules-progress-ui.jar
7f09ced98000-7f09ced99000 r-xs 00001000 08:07 5661448                    /home/lsp/JavaProjects/MPUR/build/cluster/modules/org-timpgui-asciidataloader.jar
7f09ced99000-7f09ced9b000 r-xs 0001a000 08:07 5661414                    /home/lsp/JavaProjects/MPUR/build/cluster/modules/nl-wur-flimdataloader.jar
7f09ced9b000-7f09ced9d000 r-xs 00007000 08:07 5661201                    /home/lsp/JavaProjects/MPUR/build/cluster/modules/nl-wur-flim-jfreechartcustom.jar
7f09ced9d000-7f09ceda3000 rwxs 00000000 00:04 28999717                   /SYSV00000000 (deleted)
7f09ceda3000-7f09ceda5000 r-xs 00017000 08:07 5661440                    /home/lsp/JavaProjects/MPUR/build/cluster/modules/nl-vu-nat-timpgui.jar
7f09ceda5000-7f09ceda6000 r-xs 00001000 08:07 5661480                    /home/lsp/JavaProjects/MPUR/build/cluster/modules/org-timpgui-ui.jar
7f09ceda6000-7f09cedaa000 r-xs 0006e000 08:05 281146                     /usr/share/netbeans/platform9/modules/ext/jna-3.0.2.jar
7f09cedaa000-7f09cedab000 r-xs 00000000 08:05 281354                     /usr/share/netbeans/platform9/modules/org-netbeans-libs-jna.jar
7f09cedab000-7f09cedb4000 r-xs 000b1000 08:05 280777                     /usr/share/netbeans/ide10/modules/org-netbeans-modules-projectui.jar
7f09cedb5000-7f09cedb8000 rwxs 00000000 00:04 28966948                   /SYSV00000000 (deleted)
7f09cedb8000-7f09cedbe000 rwxs 00000000 00:04 28934179                   /SYSV00000000 (deleted)
7f09cedbe000-7f09cedc2000 rwxs 00000000 00:04 28901409                   /SYSV00000000 (deleted)
7f09cedc2000-7f09cedc9000 r-xs 00110000 08:05 246652                     /usr/lib64/jvm/java-1.6.0-sun-1.6.0/jre/lib/resources.jar
7f09cedc9000-7f09cedd6000 r-xs 00000000 08:05 764109                     /var/cache/fontconfig/77e41c5059666d75f92e318d4be8c21e-x86-64.cache-2
7f09cedd6000-7f09ceddc000 r-xs 00000000 08:05 764112                     /var/cache/fontconfig/c16af864172909159ced9a806109b5c1-x86-64.cache-2
7f09ceddc000-7f09ceddf000 r-xs 000cb000 08:05 246592                     /usr/lib64/jvm/java-1.6.0-sun-1.6.0/jre/lib/ext/localedata.jar
7f09ceddf000-7f09cede3000 r-xs 00035000 08:07 5661358                    /home/lsp/JavaProjects/MPUR/build/cluster/modules/nl-vu-nat-tgmprojectsupport.jar
7f09cede3000-7f09cede5000 r-xs 0001a000 08:07 5661344                    /home/lsp/JavaProjects/MPUR/build/cluster/modules/nl-vu-nat-tgmfilesupport.jar
7f09cede5000-7f09cedea000 r-xs 0004b000 08:05 280801                     /usr/share/netbeans/ide10/modules/org-netbeans-modules-xml-multiview.jar
7f09cedea000-7f09ceded000 r-xs 00020000 08:05 281348                     /usr/share/netbeans/platform9/modules/org-netbeans-core-multiview.jar
7f09ceded000-7f09cedef000 r-xs 0001b000 08:05 280799                     /usr/share/netbeans/ide10/modules/org-netbeans-modules-xml-core.jar
7f09cedef000-7f09cedf1000 r-xs 00000000 08:07 5661173                    /home/lsp/JavaProjects/MPUR/build/cluster/modules/nl-vu-nat-api-tgm.jar
7f09cedf1000-7f09cedf5000 r-xs 00031000 08:05 280778                     /usr/share/netbeans/ide10/modules/org-netbeans-modules-projectuiapi.jar
7f09cedf5000-7f09cedf9000 r-xs 0002a000 08:05 280775                     /usr/share/netbeans/ide10/modules/org-netbeans-modules-projectapi.jar
7f09cedf9000-7f09cedfb000 r-xs 00002000 08:07 5661319                    /home/lsp/JavaProjects/MPUR/build/cluster/modules/org-timpgui-timpinterface.jar
7f09cedfb000-7f09cedfc000 r-xs 00004000 08:07 5661280                    /home/lsp/JavaProjects/MPUR/build/cluster/modules/nl-vu-nat-rjavainterface.jar
7f09cedfc000-7f09cedfe000 r-xs 00019000 08:07 5661314                    /home/lsp/JavaProjects/MPUR/build/cluster/modules/org-rosuda.jar
7f09cedfe000-7f09cedff000 r-xs 00006000 08:07 5668939                    /home/lsp/JavaProjects/MPUR/build/cluster/modules/ext/JRclient-RDA22-X.zip
7f09cedff000-7f09cee00000 r-xs 00000000 08:07 5661298                    /home/lsp/JavaProjects/MPUR/build/cluster/modules/org-rosuda-jrclient.jar
7f09cee00000-7f09cee01000 r-xs 00008000 08:07 5668920                    /home/lsp/JavaProjects/MPUR/build/cluster/modules/ext/JRI.jar
7f09cee01000-7f09cee02000 r-xs 00000000 08:07 5661211                    /home/lsp/JavaProjects/MPUR/build/cluster/modules/org-rosuda-JRI.jar
7f09cee03000-7f09cee06000 r-xs 00000000 08:05 764125                     /var/cache/fontconfig/c952848b32a83a3db68a27ab871288f2-x86-64.cache-2
7f09cee06000-7f09cee09000 r-xs 00000000 08:05 764122                     /var/cache/fontconfig/93752776b204d72ac734219656a941f8-x86-64.cache-2
7f09cee09000-7f09cee10000 r-xs 00000000 08:05 763914                     /var/cache/fontconfig/d62e99ef547d1d24cdb1bd22ec1a2976-x86-64.cache-2
7f09cee10000-7f09cee45000 r-xs 00000000 08:05 764086                     /var/cache/fontconfig/8d4af663993b81a124ee82e610bb31f9-x86-64.cache-2
7f09cee45000-7f09cee56000 r-xs 0014c000 08:07 5668894                    /home/lsp/JavaProjects/MPUR/build/cluster/modules/ext/jfreechart-1.0.13.jar
7f09cee56000-7f09cee57000 r-xs 00000000 08:07 5661191                    /home/lsp/JavaProjects/MPUR/build/cluster/modules/org-jfree-data.jar
7f09cee57000-7f09cee5d000 r-xs 00046000 08:07 5668891                    /home/lsp/JavaProjects/MPUR/build/cluster/modules/ext/jcommon-1.0.16.jar
7f09cee5d000-7f09cee5e000 r-xs 00000000 08:07 5661179                    /home/lsp/JavaProjects/MPUR/build/cluster/modules/org-jfree.jar
7f09cee5e000-7f09cee5f000 r-xs 00002000 08:07 5661316                    /home/lsp/JavaProjects/MPUR/build/cluster/modules/org-timpgui-structures.jar
7f09cee5f000-7f09cee61000 r-xs 0001a000 08:07 5668937                    /home/lsp/JavaProjects/MPUR/build/cluster/modules/ext/REngine-0.52.zip
7f09cee61000-7f09cee62000 r-xs 00000000 08:07 5661287                    /home/lsp/JavaProjects/MPUR/build/cluster/modules/org-rosuda-REngine.jar
7f09cee62000-7f09cee63000 r-xs 00000000 08:05 281360                     /usr/share/netbeans/platform9/modules/org-netbeans-modules-core-kit.jar
7f09cee63000-7f09cee66000 r-xs 0001f000 08:05 281367                     /usr/share/netbeans/platform9/modules/org-netbeans-modules-options-keymap.jar
7f09cee66000-7f09cee67000 r-xs 00000000 08:07 5660746                    /home/lsp/JavaProjects/MPUR/build/cluster/modules/locale/org-netbeans-core-windows_mpur.jar
7f09cee67000-7f09cee72000 r-xs 0015f000 08:05 281352                     /usr/share/netbeans/platform9/modules/org-netbeans-core-windows.jar
7f09cee72000-7f09cee75000 r-xs 0002d000 08:05 281371                     /usr/share/netbeans/platform9/modules/org-netbeans-modules-settings.jar
7f09cee75000-7f09cee78000 r-xs 0001d000 08:05 281363                     /usr/share/netbeans/platform9/modules/org-netbeans-modules-favorites.jar
7f09cee78000-7f09cee79000 r-xs 00001000 08:05 281372                     /usr/share/netbeans/platform9/modules/org-netbeans-modules-templates.jar
7f09cee79000-7f09cee7a000 r-xs 00008000 08:05 281152                     /usr/share/netbeans/platform9/modules/ext/script-api.jar
7f09cee7a000-7f09cee7b000 r-xs 00000000 08:05 281355                     /usr/share/netbeans/platform9/modules/org-netbeans-libs-jsr223.jar
7f09cee7b000-7f09cee7f000 r-xs 0003b000 08:05 281365                     /usr/share/netbeans/platform9/modules/org-netbeans-modules-masterfs.jar
7f09cee7f000-7f09cee88000 r-xs 000c0000 08:05 281359                     /usr/share/netbeans/platform9/modules/org-netbeans-modules-autoupdate-ui.jar
7f09cee88000-7f09cee8b000 r-xs 00036000 08:05 281351                     /usr/share/netbeans/platform9/modules/org-netbeans-core-ui.jar
7f09cee8b000-7f09cee94000 r-xs 000d1000 08:05 281353                     /usr/share/netbeans/platform9/modules/org-netbeans-core.jar
7f09cee94000-7f09cee97000 r-xs 0002f000 08:05 281375                     /usr/share/netbeans/platform9/modules/org-netbeans-swing-plaf.jar
7f09cee97000-7f09ceea4000 r-xs 000b6000 08:05 281376                     /usr/share/netbeans/platform9/modules/org-netbeans-swing-tabcontrol.jar
7f09ceea4000-7f09ceea6000 r-xs 00025000 08:05 281366                     /usr/share/netbeans/platform9/modules/org-netbeans-modules-options-api.jar
7f09ceea6000-7f09ceea9000 r-xs 00018000 08:05 281373                     /usr/share/netbeans/platform9/modules/org-netbeans-spi-quicksearch.jar
7f09ceea9000-7f09ceeab000 r-xs 0002d000 08:05 281154                     /usr/share/netbeans/platform9/modules/ext/updater.jar
7f09ceeab000-7f09ceeb0000 r-xs 0007a000 08:05 281358                     /usr/share/netbeans/platform9/modules/org-netbeans-modules-autoupdate-services.jar
7f09ceeb0000-7f09ceeb3000 r-xs 00012000 08:05 280705                     /usr/share/netbeans/ide10/modules/org-netbeans-api-xml.jar
7f09ceeb3000-7f09ceebc000 r-xs 000fb000 08:05 281384                     /usr/share/netbeans/platform9/modules/org-openide-loaders.jar
7f09ceebc000-7f09ceebd000 r-xs 00009000 08:05 281369                     /usr/share/netbeans/platform9/modules/org-netbeans-modules-queries.jar
7f09ceebd000-7f09ceebe000 r-xs 00007000 08:07 5661048                    /home/lsp/JavaProjects/MPUR/build/cluster/modules/nl-vu-nat-tgmodels.jar
7f09ceebe000-7f09ceec0000 r-xs 00008000 08:05 281863                     /usr/share/netbeans/java2/modules/ext/jaxws21/mimepull.jar
7f09ceec0000-7f09ceec2000 r-xs 0000f000 08:05 281864                     /usr/share/netbeans/java2/modules/ext/jaxws21/resolver.jar
7f09ceec2000-7f09ceeda000 r-xs 00122000 08:05 281861                     /usr/share/netbeans/java2/modules/ext/jaxws21/jaxws-rt.jar
7f09ceeda000-7f09ceedf000 r-xs 0004d000 08:05 281866                     /usr/share/netbeans/java2/modules/ext/jaxws21/sjsxp.jar
7f09ceedf000-7f09ceee7000 r-xs 00075000 08:05 281862                     /usr/share/netbeans/java2/modules/ext/jaxws21/jaxws-tools.jar
7f09ceee7000-7f09ceef9000 r-xs 000bf000 08:05 280312                     /usr/share/netbeans/ide10/modules/ext/jaxb/jaxb-impl.jar
7f09ceef9000-7f09cef34000 r-xs 002c1000 08:05 280313                     /usr/share/netbeans/ide10/modules/ext/jaxb/jaxb-xjc.jar
7f09cef34000-7f09cefaa000 rwxs 00000000 00:04 28835868                   /SYSV00000000 (deleted)
7f09cefaa000-7f09cefad000 ---p 00000000 00:00 0 
7f09cefad000-7f09cf0ab000 rwxp 00000000 00:00 0 
7f09cf0ab000-7f09cf0d4000 r-xs 00000000 08:05 763786                     /var/cache/fontconfig/7ef2298fde41cc6eeb7af42e48b7d293-x86-64.cache-2
7f09cf0d4000-7f09cf130000 r-xs 00000000 08:05 763913                     /var/cache/fontconfig/17090aa38d5c6f09fb8c5c354938f1d7-x86-64.cache-2
7f09cf130000-7f09cf18c000 r-xs 00000000 08:05 763911                     /var/cache/fontconfig/df311e82a1a24c41a75c2c930223552e-x86-64.cache-2
7f09cf18c000-7f09cf1c1000 r-xs 00000000 08:05 764086                     /var/cache/fontconfig/8d4af663993b81a124ee82e610bb31f9-x86-64.cache-2
7f09cf1c1000-7f09cf1c3000 r-xs 0000b000 08:05 280820                     /usr/share/netbeans/ide10/modules/org-openidex-util.jar
7f09cf1c3000-7f09cf1c5000 r-xs 00011000 08:07 5661403                    /home/lsp/JavaProjects/MPUR/build/cluster/modules/org-timpgui-projectmanagement.jar
7f09cf1c5000-7f09cf1c7000 r-xs 00012000 08:05 279254                     /usr/share/netbeans/java2/modules/ext/jaxws21/http.jar
7f09cf1c7000-7f09cf1cc000 r-xs 0003f000 08:05 281865                     /usr/share/netbeans/java2/modules/ext/jaxws21/saaj-impl.jar
7f09cf1cc000-7f09cf1cd000 r-xs 00002000 08:05 281867                     /usr/share/netbeans/java2/modules/ext/jaxws21/stax-ex.jar
7f09cf1cd000-7f09cf1d2000 r-xs 00043000 08:05 281855                     /usr/share/netbeans/java2/modules/ext/jaxws21/FastInfoset.jar
7f09cf1d2000-7f09cf1d4000 r-xs 0000d000 08:05 281868                     /usr/share/netbeans/java2/modules/ext/jaxws21/streambuffer.jar
7f09cf1d4000-7f09cf1d5000 r-xs 00003000 08:05 282180                     /usr/share/netbeans/java2/modules/org-netbeans-modules-websvc-jaxws21.jar
7f09cf1d5000-7f09cf1d7000 r-xs 00007000 08:05 281856                     /usr/share/netbeans/java2/modules/ext/jaxws21/api/jaxws-api.jar
7f09cf1d7000-7f09cf1d9000 r-xs 00003000 08:05 281859                     /usr/share/netbeans/java2/modules/ext/jaxws21/api/saaj-api.jar
7f09cf1d9000-7f09cf1da000 r-xs 00001000 08:05 281857                     /usr/share/netbeans/java2/modules/ext/jaxws21/api/jsr181-api.jar
7f09cf1da000-7f09cf1db000 r-xs 00001000 08:05 281858                     /usr/share/netbeans/java2/modules/ext/jaxws21/api/jsr250-api.jar
7f09cf1db000-7f09cf1dd000 r-xs 00000000 08:05 282181                     /usr/share/netbeans/java2/modules/org-netbeans-modules-websvc-jaxws21api.jar
7f09cf1dd000-7f09cf1e0000 r-xs 00013000 08:05 280310                     /usr/share/netbeans/ide10/modules/ext/jaxb/api/jaxb-api.jar
7f09cf1e0000-7f09cf1e2000 r-xs 00004000 08:05 280311                     /usr/share/netbeans/ide10/modules/ext/jaxb/api/jsr173_api.jar
7f09cf1e2000-7f09cf1e4000 r-xs 0000e000 08:05 280309                     /usr/share/netbeans/ide10/modules/ext/jaxb/activation.jar
7f09cf1e4000-7f09cf1e6000 r-xs 00007000 08:07 5668881                    /home/lsp/JavaProjects/MPUR/build/cluster/modules/ext/Jama-1.0.2.jar
7f09cf1e6000-7f09cf1f2000 r-xs 0013d000 08:05 281382                     /usr/share/netbeans/platform9/modules/org-openide-explorer.jar
7f09cf1f2000-7f09cf219000 rwxs 00000000 00:04 28803099                   /SYSV00000000 (deleted)
7f09cf219000-7f09cf279000 r-xp 00000000 08:05 755306                     /var/cache/libx11/compose/l4_030_313cb605_00280cc0
7f09cf279000-7f09cf27c000 ---p 00000000 00:00 0 
7f09cf27c000-7f09cf37a000 rwxp 00000000 00:00 0 
7f09cf37a000-7f09cf37d000 ---p 00000000 00:00 0 
7f09cf37d000-7f09cf47b000 rwxp 00000000 00:00 0 
7f09cf47b000-7f09cf480000 r-xp 00000000 08:05 1208308                    /usr/lib64/libXfixes.so.3.1.0
7f09cf480000-7f09cf67f000 ---p 00005000 08:05 1208308                    /usr/lib64/libXfixes.so.3.1.0
7f09cf67f000-7f09cf680000 r-xp 00004000 08:05 1208308                    /usr/lib64/libXfixes.so.3.1.0
7f09cf680000-7f09cf681000 rwxp 00005000 08:05 1208308                    /usr/lib64/libXfixes.so.3.1.0
7f09cf681000-7f09cf68a000 r-xp 00000000 08:05 1208307                    /usr/lib64/libXrender.so.1.3.0
7f09cf68a000-7f09cf889000 ---p 00009000 08:05 1208307                    /usr/lib64/libXrender.so.1.3.0
7f09cf889000-7f09cf88a000 r-xp 00008000 08:05 1208307                    /usr/lib64/libXrender.so.1.3.0
7f09cf88a000-7f09cf88b000 rwxp 00009000 08:05 1208307                    /usr/lib64/libXrender.so.1.3.0
7f09cf88b000-7f09cf895000 r-xp 00000000 08:05 1208326                    /usr/lib64/libXcursor.so.1.0.2
7f09cf895000-7f09cfa94000 ---p 0000a000 08:05 1208326                    /usr/lib64/libXcursor.so.1.0.2
7f09cfa94000-7f09cfa95000 r-xp 00009000 08:05 1208326                    /usr/lib64/libXcursor.so.1.0.2
7f09cfa95000-7f09cfa96000 rwxp 0000a000 08:05 1208326                    /usr/lib64/libXcursor.so.1.0.2
7f09cfa97000-7f09cfa9a000 r-xs 00040000 08:05 281350                     /usr/share/netbeans/platform9/modules/org-netbeans-core-output2.jar
7f09cfa9a000-7f09cfa9c000 r-xs 00003000 08:05 281383                     /usr/share/netbeans/platform9/modules/org-openide-io.jar
7f09cfa9c000-7f09cfaa0000 r-xs 00026000 08:05 281377                     /usr/share/netbeans/platform9/modules/org-openide-actions.jar
7f09cfaa0000-7f09cfaa3000 r-xs 00027000 08:05 281374                     /usr/share/netbeans/platform9/modules/org-netbeans-swing-outline.jar
7f09cfaa3000-7f09cfaa6000 r-xs 00048000 08:05 281387                     /usr/share/netbeans/platform9/modules/org-openide-text.jar
7f09cfaa6000-7f09cfaa8000 r-xs 0001b000 08:05 281389                     /usr/share/netbeans/platform9/modules/org-openide-windows.jar
7f09cfaa8000-7f09cfaad000 r-xs 00063000 08:05 281385                     /usr/share/netbeans/platform9/modules/org-openide-nodes.jar
7f09cfaad000-7f09cfaaf000 r-xs 00024000 08:05 281380                     /usr/share/netbeans/platform9/modules/org-openide-dialogs.jar
7f09cfaaf000-7f09cfab1000 r-xs 0000c000 08:05 281345                     /usr/share/netbeans/platform9/modules/org-netbeans-api-progress.jar
7f09cfab1000-7f09cfab2000 r-xs 0001c000 08:05 281153                     /usr/share/netbeans/platform9/modules/ext/swing-layout-1.0.3.jar
7f09cfab2000-7f09cfab3000 r-xs 00000000 08:05 281344                     /usr/share/netbeans/platform9/modules/org-jdesktop-layout.jar
7f09cfab3000-7f09cfab4000 r-xs 00005000 08:05 281362                     /usr/share/netbeans/platform9/modules/org-netbeans-modules-editor-mimelookup.jar
7f09cfab4000-7f09cfab8000 r-xs 00056000 08:05 281378                     /usr/share/netbeans/platform9/modules/org-openide-awt.jar
7f09cfab8000-7f09cfabf000 r-xp 00000000 08:05 246547                     /usr/lib64/jvm/java-1.6.0-sun-1.6.0/jre/lib/amd64/libnio.so
7f09cfabf000-7f09cfbbe000 ---p 00007000 08:05 246547                     /usr/lib64/jvm/java-1.6.0-sun-1.6.0/jre/lib/amd64/libnio.so
7f09cfbbe000-7f09cfbc0000 rwxp 00006000 08:05 246547                     /usr/lib64/jvm/java-1.6.0-sun-1.6.0/jre/lib/amd64/libnio.so
7f09cfbc0000-7f09cfbc3000 ---p 00000000 00:00 0 
7f09cfbc3000-7f09cfcc1000 rwxp 00000000 00:00 0 
7f09cfcc1000-7f09cfd3f000 r-xp 00000000 08:05 246590                     /usr/lib64/jvm/java-1.6.0-sun-1.6.0/jre/lib/amd64/libfontmanager.so
7f09cfd3f000-7f09cfe3e000 ---p 0007e000 08:05 246590                     /usr/lib64/jvm/java-1.6.0-sun-1.6.0/jre/lib/amd64/libfontmanager.so
7f09cfe3e000-7f09cfe54000 rwxp 0007d000 08:05 246590                     /usr/lib64/jvm/java-1.6.0-sun-1.6.0/jre/lib/amd64/libfontmanager.so
7f09cfe54000-7f09cfe65000 rwxp 00000000 00:00 0 
7f09cfe65000-7f09cfe80000 r-xp 00000000 08:05 1208129                    /usr/lib64/libxcb.so.1.0.0
7f09cfe80000-7f09d007f000 ---p 0001b000 08:05 1208129                    /usr/lib64/libxcb.so.1.0.0
7f09d007f000-7f09d0080000 r-xp 0001a000 08:05 1208129                    /usr/lib64/libxcb.so.1.0.0
7f09d0080000-7f09d0081000 rwxp 0001b000 08:05 1208129                    /usr/lib64/libxcb.so.1.0.0
7f09d0081000-7f09d0082000 r-xp 00000000 08:05 1208124                    /usr/lib64/libxcb-xlib.so.0.0.0
7f09d0082000-7f09d0281000 ---p 00001000 08:05 1208124                    /usr/lib64/libxcb-xlib.so.0.0.0
7f09d0281000-7f09d0282000 r-xp 00000000 08:05 1208124                    /usr/lib64/libxcb-xlib.so.0.0.0
7f09d0282000-7f09d0283000 rwxp 00001000 08:05 1208124                    /usr/lib64/libxcb-xlib.so.0.0.0
7f09d0283000-7f09d0285000 r-xp 00000000 08:05 1208087                    /usr/lib64/libXau.so.6.0.0
7f09d0285000-7f09d0485000 ---p 00002000 08:05 1208087                    /usr/lib64/libXau.so.6.0.0
7f09d0485000-7f09d0486000 r-xp 00002000 08:05 1208087                    /usr/lib64/libXau.so.6.0.0
7f09d0486000-7f09d0487000 rwxp 00003000 08:05 1208087                    /usr/lib64/libXau.so.6.0.0
7f09d0487000-7f09d0490000 r-xp 00000000 08:05 1208333                    /usr/lib64/libXi.so.6.0.0
7f09d0490000-7f09d068f000 ---p 00009000 08:05 1208333                    /usr/lib64/libXi.so.6.0.0
7f09d068f000-7f09d0690000 r-xp 00008000 08:05 1208333                    /usr/lib64/libXi.so.6.0.0
7f09d0690000-7f09d0691000 rwxp 00009000 08:05 1208333                    /usr/lib64/libXi.so.6.0.0
7f09d0691000-7f09d0696000 r-xp 00000000 08:05 1208338                    /usr/lib64/libXtst.so.6.1.0
7f09d0696000-7f09d0896000 ---p 00005000 08:05 1208338                    /usr/lib64/libXtst.so.6.1.0
7f09d0896000-7f09d0897000 r-xp 00005000 08:05 1208338                    /usr/lib64/libXtst.so.6.1.0
7f09d0897000-7f09d0898000 rwxp 00006000 08:05 1208338                    /usr/lib64/libXtst.so.6.1.0
7f09d0898000-7f09d09cf000 r-xp 00000000 08:05 1208203                    /usr/lib64/libX11.so.6.2.0
7f09d09cf000-7f09d0bcf000 ---p 00137000 08:05 1208203                    /usr/lib64/libX11.so.6.2.0
7f09d0bcf000-7f09d0bd0000 r-xp 00137000 08:05 1208203                    /usr/lib64/libX11.so.6.2.0
7f09d0bd0000-7f09d0bd5000 rwxp 00138000 08:05 1208203                    /usr/lib64/libX11.so.6.2.0
7f09d0bd5000-7f09d0be6000 r-xp 00000000 08:05 1208211                    /usr/lib64/libXext.so.6.4.0
7f09d0be6000-7f09d0de5000 ---p 00011000 08:05 1208211                    /usr/lib64/libXext.so.6.4.0
7f09d0de5000-7f09d0de6000 r-xp 00010000 08:05 1208211                    /usr/lib64/libXext.so.6.4.0
7f09d0de6000-7f09d0de7000 rwxp 00011000 08:05 1208211                    /usr/lib64/libXext.so.6.4.0
7f09d0de7000-7f09d0de8000 r-xs 00002000 08:05 280713                     /usr/share/netbeans/ide10/modules/org-netbeans-libs-jaxb.jar
7f09d0de8000-7f09d0de9000 r-xs 00000000 08:07 5661040                    /home/lsp/JavaProjects/MPUR/build/cluster/modules/Jama.jar
7f09d0de9000-7f09d0df6000 r-xs 00000000 08:05 764109                     /var/cache/fontconfig/77e41c5059666d75f92e318d4be8c21e-x86-64.cache-2
7f09d0df6000-7f09d0dfc000 r-xs 00000000 08:05 764112                     /var/cache/fontconfig/c16af864172909159ced9a806109b5c1-x86-64.cache-2
7f09d0dfc000-7f09d0dff000 r-xs 00000000 08:05 764125                     /var/cache/fontconfig/c952848b32a83a3db68a27ab871288f2-x86-64.cache-2
7f09d0dff000-7f09d0e02000 r-xs 00000000 08:05 764122                     /var/cache/fontconfig/93752776b204d72ac734219656a941f8-x86-64.cache-2
7f09d0e02000-7f09d0e09000 r-xs 00000000 08:05 763914                     /var/cache/fontconfig/d62e99ef547d1d24cdb1bd22ec1a2976-x86-64.cache-2
7f09d0e09000-7f09d0e4a000 r-xp 00000000 08:05 246564                     /usr/lib64/jvm/java-1.6.0-sun-1.6.0/jre/lib/amd64/xawt/libmawt.so
7f09d0e4a000-7f09d0f49000 ---p 00041000 08:05 246564                     /usr/lib64/jvm/java-1.6.0-sun-1.6.0/jre/lib/amd64/xawt/libmawt.so
7f09d0f49000-7f09d0f55000 rwxp 00040000 08:05 246564                     /usr/lib64/jvm/java-1.6.0-sun-1.6.0/jre/lib/amd64/xawt/libmawt.so
7f09d0f55000-7f09d0f56000 rwxp 00000000 00:00 0 
7f09d0f56000-7f09d0fe8000 r-xp 00000000 08:05 246522                     /usr/lib64/jvm/java-1.6.0-sun-1.6.0/jre/lib/amd64/libawt.so
7f09d0fe8000-7f09d10e7000 ---p 00092000 08:05 246522                     /usr/lib64/jvm/java-1.6.0-sun-1.6.0/jre/lib/amd64/libawt.so
7f09d10e7000-7f09d1100000 rwxp 00091000 08:05 246522                     /usr/lib64/jvm/java-1.6.0-sun-1.6.0/jre/lib/amd64/libawt.so
7f09d1100000-7f09d1125000 rwxp 00000000 00:00 0 
7f09d1125000-7f09d1128000 rwxp 00000000 00:00 0 
7f09d1128000-7f09d1226000 rwxp 00000000 00:00 0 
7f09d1226000-7f09d1229000 rwxp 00000000 00:00 0 
7f09d1229000-7f09d1327000 rwxp 00000000 00:00 0 
7f09d1327000-7f09d132a000 ---p 00000000 00:00 0 
7f09d132a000-7f09d1428000 rwxp 00000000 00:00 0 
7f09d1428000-7f09d142b000 ---p 00000000 00:00 0 
7f09d142b000-7f09d158a000 rwxp 00000000 00:00 0 
7f09d158a000-7f09d159d000 r-xp 00000000 08:05 246546                     /usr/lib64/jvm/java-1.6.0-sun-1.6.0/jre/lib/amd64/libnet.so
7f09d159d000-7f09d169e000 ---p 00013000 08:05 246546                     /usr/lib64/jvm/java-1.6.0-sun-1.6.0/jre/lib/amd64/libnet.so
7f09d169e000-7f09d16a1000 rwxp 00014000 08:05 246546                     /usr/lib64/jvm/java-1.6.0-sun-1.6.0/jre/lib/amd64/libnet.so
7f09d16a1000-7f09d16ff000 r-xs 00b8c000 08:05 295743                     /usr/lib64/jvm/java-1.6.0-sun-1.6.0/lib/tools.jar
7f09d16ff000-7f09d1705000 r-xs 0001e000 08:05 295738                     /usr/lib64/jvm/java-1.6.0-sun-1.6.0/lib/dt.jar
7f09d1705000-7f09d1706000 r-xs 00001000 08:05 281141                     /usr/share/netbeans/platform9/lib/locale/org-openide-util_zh_CN.jar
7f09d1706000-7f09d1707000 r-xs 00001000 08:05 281140                     /usr/share/netbeans/platform9/lib/locale/org-openide-util_pt_BR.jar
7f09d1707000-7f09d1708000 r-xs 00001000 08:05 281139                     /usr/share/netbeans/platform9/lib/locale/org-openide-util_ja.jar
7f09d1708000-7f09d1709000 r-xs 00000000 08:05 281138                     /usr/share/netbeans/platform9/lib/locale/org-openide-modules_zh_CN.jar
7f09d1709000-7f09d170a000 r-xs 00000000 08:05 281137                     /usr/share/netbeans/platform9/lib/locale/org-openide-modules_pt_BR.jar
7f09d170a000-7f09d170d000 ---p 00000000 00:00 0 
7f09d170d000-7f09d180b000 rwxp 00000000 00:00 0 
7f09d180b000-7f09d180c000 ---p 00000000 00:00 0 
7f09d180c000-7f09d190c000 rwxp 00000000 00:00 0 
7f09d190c000-7f09d190f000 ---p 00000000 00:00 0 
7f09d190f000-7f09d1a0d000 rwxp 00000000 00:00 0 
7f09d1a0d000-7f09d1a10000 ---p 00000000 00:00 0 
7f09d1a10000-7f09d1b0e000 rwxp 00000000 00:00 0 
7f09d1b0e000-7f09d1b11000 ---p 00000000 00:00 0 
7f09d1b11000-7f09d1c0f000 rwxp 00000000 00:00 0 
7f09d1c0f000-7f09d1c12000 ---p 00000000 00:00 0 
7f09d1c12000-7f09d1d10000 rwxp 00000000 00:00 0 
7f09d1d10000-7f09d1d13000 ---p 00000000 00:00 0 
7f09d1d13000-7f09d1e11000 rwxp 00000000 00:00 0 
7f09d1e11000-7f09d1e14000 ---p 00000000 00:00 0 
7f09d1e14000-7f09d1f12000 rwxp 00000000 00:00 0 
7f09d1f12000-7f09d1f15000 r-xp 00000000 08:05 246526                     /usr/lib64/jvm/java-1.6.0-sun-1.6.0/jre/lib/amd64/libdt_socket.so
7f09d1f15000-7f09d2014000 ---p 00003000 08:05 246526                     /usr/lib64/jvm/java-1.6.0-sun-1.6.0/jre/lib/amd64/libdt_socket.so
7f09d2014000-7f09d2016000 rwxp 00002000 08:05 246526                     /usr/lib64/jvm/java-1.6.0-sun-1.6.0/jre/lib/amd64/libdt_socket.so
7f09d2016000-7f09d2019000 ---p 00000000 00:00 0 
7f09d2019000-7f09d2117000 rwxp 00000000 00:00 0 
7f09d2117000-7f09d211a000 ---p 00000000 00:00 0 
7f09d211a000-7f09d2218000 rwxp 00000000 00:00 0 
7f09d2218000-7f09d221b000 ---p 00000000 00:00 0 
7f09d221b000-7f09d2319000 rwxp 00000000 00:00 0 
7f09d2319000-7f09d231a000 ---p 00000000 00:00 0 
7f09d231a000-7f09d247d000 rwxp 00000000 00:00 0 
7f09d247d000-7f09d260f000 r-xs 02f34000 08:05 246653                     /usr/lib64/jvm/java-1.6.0-sun-1.6.0/jre/lib/rt.jar
7f09d260f000-7f09d2610000 ---p 00000000 00:00 0 
7f09d2610000-7f09d2710000 rwxp 00000000 00:00 0 
7f09d2710000-7f09d2711000 ---p 00000000 00:00 0 
7f09d2711000-7f09d281c000 rwxp 00000000 00:00 0 
7f09d281c000-7f09d28b9000 rwxp 00000000 00:00 0 
7f09d28b9000-7f09d28e2000 rwxp 00000000 00:00 0 
7f09d28e2000-7f09d28e3000 rwxp 00000000 00:00 0 
7f09d28e3000-7f09d28ee000 rwxp 00000000 00:00 0 
7f09d28ee000-7f09d298b000 rwxp 00000000 00:00 0 
7f09d298b000-7f09d29b3000 rwxp 00000000 00:00 0 
7f09d29b3000-7f09d29df000 rwxp 00000000 00:00 0 
7f09d29df000-7f09d7a30000 rwxp 00000000 00:00 0 
7f09d7a30000-7f09d7de0000 rwxp 00000000 00:00 0 
7f09d7de0000-7f09d92e0000 rwxp 00000000 00:00 0 
7f09d92e0000-7f09ecde0000 rwxp 00000000 00:00 0 
7f09ecde0000-7f09f1d80000 rwxp 00000000 00:00 0 
7f09f1d80000-7f09f75e0000 rwxp 00000000 00:00 0 
7f09f75e0000-7f09f75e1000 r-xs 00000000 08:05 281136                     /usr/share/netbeans/platform9/lib/locale/org-openide-modules_ja.jar
7f09f75e1000-7f09f75e2000 r-xs 00000000 08:05 281135                     /usr/share/netbeans/platform9/lib/locale/boot_zh_CN.jar
7f09f75e2000-7f09f75e3000 r-xs 00000000 08:05 281134                     /usr/share/netbeans/platform9/lib/locale/boot_pt_BR.jar
7f09f75e3000-7f09f75e8000 r-xs 00085000 08:05 281129                     /usr/share/netbeans/platform9/core/org-openide-filesystems.jar
7f09f75e8000-7f09f75ed000 r-xs 00093000 08:05 281122                     /usr/share/netbeans/platform9/core/core.jar
7f09f75ed000-7f09f75f7000 rwxp 00000000 00:00 0 
7f09f75f7000-7f09f76ad000 rwxp 00000000 00:00 0 
7f09f76ad000-7f09f791d000 rwxp 00000000 00:00 0 
7f09f791d000-7f09fa6ad000 rwxp 00000000 00:00 0 
7f09fa6ad000-7f09fa6bb000 r-xp 00000000 08:05 246555                     /usr/lib64/jvm/java-1.6.0-sun-1.6.0/jre/lib/amd64/libzip.so
7f09fa6bb000-7f09fa7bd000 ---p 0000e000 08:05 246555                     /usr/lib64/jvm/java-1.6.0-sun-1.6.0/jre/lib/amd64/libzip.so
7f09fa7bd000-7f09fa7c0000 rwxp 00010000 08:05 246555                     /usr/lib64/jvm/java-1.6.0-sun-1.6.0/jre/lib/amd64/libzip.so
7f09fa7c0000-7f09fa7c1000 rwxp 00000000 00:00 0 
7f09fa7c1000-7f09fa7ea000 r-xp 00000000 08:05 246535                     /usr/lib64/jvm/java-1.6.0-sun-1.6.0/jre/lib/amd64/libjava.so
7f09fa7ea000-7f09fa8e9000 ---p 00029000 08:05 246535                     /usr/lib64/jvm/java-1.6.0-sun-1.6.0/jre/lib/amd64/libjava.so
7f09fa8e9000-7f09fa8f0000 rwxp 00028000 08:05 246535                     /usr/lib64/jvm/java-1.6.0-sun-1.6.0/jre/lib/amd64/libjava.so
7f09fa8f0000-7f09fa8fd000 r-xp 00000000 08:05 246554                     /usr/lib64/jvm/java-1.6.0-sun-1.6.0/jre/lib/amd64/libverify.so
7f09fa8fd000-7f09fa9fc000 ---p 0000d000 08:05 246554                     /usr/lib64/jvm/java-1.6.0-sun-1.6.0/jre/lib/amd64/libverify.so
7f09fa9fc000-7f09fa9ff000 rwxp 0000c000 08:05 246554                     /usr/lib64/jvm/java-1.6.0-sun-1.6.0/jre/lib/amd64/libverify.so
7f09fa9ff000-7f09faa0a000 r-xp 00000000 08:05 500925                     /lib64/libnss_files-2.9.so
7f09faa0a000-7f09fac09000 ---p 0000b000 08:05 500925                     /lib64/libnss_files-2.9.so
7f09fac09000-7f09fac0a000 r-xp 0000a000 08:05 500925                     /lib64/libnss_files-2.9.so
7f09fac0a000-7f09fac0b000 rwxp 0000b000 08:05 500925                     /lib64/libnss_files-2.9.so
7f09fac0b000-7f09fac15000 r-xp 00000000 08:05 500710                     /lib64/libnss_nis-2.9.so
7f09fac15000-7f09fae14000 ---p 0000a000 08:05 500710                     /lib64/libnss_nis-2.9.so
7f09fae14000-7f09fae15000 r-xp 00009000 08:05 500710                     /lib64/libnss_nis-2.9.so
7f09fae15000-7f09fae16000 rwxp 0000a000 08:05 500710                     /lib64/libnss_nis-2.9.so
7f09fae16000-7f09fae1d000 r-xp 00000000 08:05 500843                     /lib64/libnss_compat-2.9.so
7f09fae1d000-7f09fb01c000 ---p 00007000 08:05 500843                     /lib64/libnss_compat-2.9.so
7f09fb01c000-7f09fb01d000 r-xp 00006000 08:05 500843                     /lib64/libnss_compat-2.9.so
7f09fb01d000-7f09fb01e000 rwxp 00007000 08:05 500843                     /lib64/libnss_compat-2.9.so
7f09fb01e000-7f09fb107000 r-xp 00000000 08:05 1215831                    /usr/lib/locale/en_US.utf8/LC_COLLATE
7f09fb107000-7f09fb10a000 r-xp 00000000 08:05 246548                     /usr/lib64/jvm/java-1.6.0-sun-1.6.0/jre/lib/amd64/libnpt.so
7f09fb10a000-7f09fb209000 ---p 00003000 08:05 246548                     /usr/lib64/jvm/java-1.6.0-sun-1.6.0/jre/lib/amd64/libnpt.so
7f09fb209000-7f09fb20a000 rwxp 00002000 08:05 246548                     /usr/lib64/jvm/java-1.6.0-sun-1.6.0/jre/lib/amd64/libnpt.so
7f09fb20a000-7f09fb240000 r-xp 00000000 08:05 246538                     /usr/lib64/jvm/java-1.6.0-sun-1.6.0/jre/lib/amd64/libjdwp.so
7f09fb240000-7f09fb33f000 ---p 00036000 08:05 246538                     /usr/lib64/jvm/java-1.6.0-sun-1.6.0/jre/lib/amd64/libjdwp.so
7f09fb33f000-7f09fb348000 rwxp 00035000 08:05 246538                     /usr/lib64/jvm/java-1.6.0-sun-1.6.0/jre/lib/amd64/libjdwp.so
7f09fb348000-7f09fb349000 rwxp 00000000 00:00 0 
7f09fb349000-7f09fb35e000 r-xp 00000000 08:05 500837                     /lib64/libnsl-2.9.so
7f09fb35e000-7f09fb55d000 ---p 00015000 08:05 500837                     /lib64/libnsl-2.9.so
7f09fb55d000-7f09fb55e000 r-xp 00014000 08:05 500837                     /lib64/libnsl-2.9.so
7f09fb55e000-7f09fb55f000 rwxp 00015000 08:05 500837                     /lib64/libnsl-2.9.so
7f09fb55f000-7f09fb561000 rwxp 00000000 00:00 0 
7f09fb561000-7f09fb568000 r-xp 00000000 08:05 246557                     /usr/lib64/jvm/java-1.6.0-sun-1.6.0/jre/lib/amd64/native_threads/libhpi.so
7f09fb568000-7f09fb669000 ---p 00007000 08:05 246557                     /usr/lib64/jvm/java-1.6.0-sun-1.6.0/jre/lib/amd64/native_threads/libhpi.so
7f09fb669000-7f09fb66b000 rwxp 00008000 08:05 246557                     /usr/lib64/jvm/java-1.6.0-sun-1.6.0/jre/lib/amd64/native_threads/libhpi.so
7f09fb66b000-7f09fb66c000 rwxp 00000000 00:00 0 
7f09fb66c000-7f09fb674000 r-xp 00000000 08:05 500933                     /lib64/librt-2.9.so
7f09fb674000-7f09fb873000 ---p 00008000 08:05 500933                     /lib64/librt-2.9.so
7f09fb873000-7f09fb874000 r-xp 00007000 08:05 500933                     /lib64/librt-2.9.so
7f09fb874000-7f09fb875000 rwxp 00008000 08:05 500933                     /lib64/librt-2.9.so
7f09fb875000-7f09fb878000 ---p 00000000 00:00 0 
7f09fb878000-7f09fb976000 rwxp 00000000 00:00 0 
7f09fb976000-7f09fb9cb000 r-xp 00000000 08:05 500718                     /lib64/libm-2.9.so
7f09fb9cb000-7f09fbbca000 ---p 00055000 08:05 500718                     /lib64/libm-2.9.so
7f09fbbca000-7f09fbbcb000 r-xp 00054000 08:05 500718                     /lib64/libm-2.9.so
7f09fbbcb000-7f09fbbcc000 rwxp 00055000 08:05 500718                     /lib64/libm-2.9.so
7f09fbbcc000-7f09fc259000 r-xp 00000000 08:05 246562                     /usr/lib64/jvm/java-1.6.0-sun-1.6.0/jre/lib/amd64/server/libjvm.so
7f09fc259000-7f09fc358000 ---p 0068d000 08:05 246562                     /usr/lib64/jvm/java-1.6.0-sun-1.6.0/jre/lib/amd64/server/libjvm.so
7f09fc358000-7f09fc4a9000 rwxp 0068c000 08:05 246562                     /usr/lib64/jvm/java-1.6.0-sun-1.6.0/jre/lib/amd64/server/libjvm.so
7f09fc4a9000-7f09fc4e6000 rwxp 00000000 00:00 0 
7f09fc4e6000-7f09fc635000 r-xp 00000000 08:05 500699                     /lib64/libc-2.9.so
7f09fc635000-7f09fc835000 ---p 0014f000 08:05 500699                     /lib64/libc-2.9.so
7f09fc835000-7f09fc839000 r-xp 0014f000 08:05 500699                     /lib64/libc-2.9.so
7f09fc839000-7f09fc83a000 rwxp 00153000 08:05 500699                     /lib64/libc-2.9.so
7f09fc83a000-7f09fc83f000 rwxp 00000000 00:00 0 
7f09fc83f000-7f09fc841000 r-xp 00000000 08:05 500715                     /lib64/libdl-2.9.so
7f09fc841000-7f09fca41000 ---p 00002000 08:05 500715                     /lib64/libdl-2.9.so
7f09fca41000-7f09fca42000 r-xp 00002000 08:05 500715                     /lib64/libdl-2.9.so
7f09fca42000-7f09fca43000 rwxp 00003000 08:05 500715                     /lib64/libdl-2.9.so
7f09fca43000-7f09fca59000 r-xp 00000000 08:05 500850                     /lib64/libpthread-2.9.so
7f09fca59000-7f09fcc59000 ---p 00016000 08:05 500850                     /lib64/libpthread-2.9.so
7f09fcc59000-7f09fcc5a000 r-xp 00016000 08:05 500850                     /lib64/libpthread-2.9.so
7f09fcc5a000-7f09fcc5b000 rwxp 00017000 08:05 500850                     /lib64/libpthread-2.9.so
7f09fcc5b000-7f09fcc5f000 rwxp 00000000 00:00 0 
7f09fcc5f000-7f09fcc7d000 r-xp 00000000 08:05 500702                     /lib64/ld-2.9.so
7f09fcc7d000-7f09fcc7e000 r-xs 00000000 08:05 281133                     /usr/share/netbeans/platform9/lib/locale/boot_ja.jar
7f09fcc7e000-7f09fcc7f000 r-xs 00002000 08:07 5652540                    /home/lsp/JavaProjects/MPUR/build/cluster/core/locale/core_mpur.jar
7f09fcc7f000-7f09fcc80000 r-xs 00001000 08:05 281123                     /usr/share/netbeans/platform9/core/locale/core_ja.jar
7f09fcc80000-7f09fcc81000 r-xs 00001000 08:05 281125                     /usr/share/netbeans/platform9/core/locale/core_zh_CN.jar
7f09fcc81000-7f09fcc87000 r-xs 00093000 08:05 281144                     /usr/share/netbeans/platform9/lib/org-openide-util.jar
7f09fcc87000-7f09fcd0b000 rwxp 00000000 00:00 0 
7f09fcd0b000-7f09fcd0c000 rwxp 00000000 00:00 0 
7f09fcd0c000-7f09fcd4b000 r-xp 00000000 08:05 1215830                    /usr/lib/locale/en_US.utf8/LC_CTYPE
7f09fcd4b000-7f09fcd4d000 rwxp 00000000 00:00 0 
7f09fcd4d000-7f09fcd54000 r-xp 00000000 08:05 246589                     /usr/lib64/jvm/java-1.6.0-sun-1.6.0/jre/lib/amd64/jli/libjli.so
7f09fcd54000-7f09fce55000 ---p 00007000 08:05 246589                     /usr/lib64/jvm/java-1.6.0-sun-1.6.0/jre/lib/amd64/jli/libjli.so
7f09fce55000-7f09fce57000 rwxp 00008000 08:05 246589                     /usr/lib64/jvm/java-1.6.0-sun-1.6.0/jre/lib/amd64/jli/libjli.so
7f09fce57000-7f09fce58000 rwxp 00000000 00:00 0 
7f09fce58000-7f09fce59000 r-xs 00001000 08:05 281124                     /usr/share/netbeans/platform9/core/locale/core_pt_BR.jar
7f09fce59000-7f09fce5a000 r-xs 00001000 08:05 281128                     /usr/share/netbeans/platform9/core/locale/org-openide-filesystems_zh_CN.jar
7f09fce5a000-7f09fce5b000 r-xs 00001000 08:05 281127                     /usr/share/netbeans/platform9/core/locale/org-openide-filesystems_pt_BR.jar
7f09fce5b000-7f09fce5c000 r-xs 00001000 08:05 281126                     /usr/share/netbeans/platform9/core/locale/org-openide-filesystems_ja.jar
7f09fce5c000-7f09fce5d000 r-xs 00005000 08:05 281143                     /usr/share/netbeans/platform9/lib/org-openide-modules.jar
7f09fce5d000-7f09fce5f000 r-xs 0003d000 08:05 281132                     /usr/share/netbeans/platform9/lib/boot.jar
7f09fce5f000-7f09fce67000 rwxs 00000000 08:05 657833                     /tmp/hsperfdata_lsp/430
7f09fce67000-7f09fce68000 r-xp 00000000 08:05 1215812                    /usr/lib/locale/en_US.utf8/LC_NUMERIC
7f09fce68000-7f09fce69000 r-xp 00000000 08:05 1209226                    /usr/lib/locale/en_US.utf8/LC_TIME
7f09fce69000-7f09fce6a000 r-xp 00000000 08:05 1209225                    /usr/lib/locale/en_US.utf8/LC_MONETARY
7f09fce6a000-7f09fce6b000 r-xp 00000000 08:05 1215805                    /usr/lib/locale/en_US.utf8/LC_MESSAGES/SYS_LC_MESSAGES
7f09fce6b000-7f09fce6c000 r-xp 00000000 08:05 1215742                    /usr/lib/locale/en_US.utf8/LC_PAPER
7f09fce6c000-7f09fce6d000 r-xp 00000000 08:05 1215755                    /usr/lib/locale/en_US.utf8/LC_NAME
7f09fce6d000-7f09fce6e000 r-xp 00000000 08:05 1206754                    /usr/lib/locale/en_US.utf8/LC_ADDRESS
7f09fce6e000-7f09fce6f000 r-xp 00000000 08:05 1215721                    /usr/lib/locale/en_US.utf8/LC_TELEPHONE
7f09fce6f000-7f09fce70000 r-xp 00000000 08:05 1215743                    /usr/lib/locale/en_US.utf8/LC_MEASUREMENT
7f09fce70000-7f09fce77000 r-xs 00000000 08:05 1281524                    /usr/lib64/gconv/gconv-modules.cache
7f09fce77000-7f09fce78000 r-xp 00000000 08:05 1209224                    /usr/lib/locale/en_US.utf8/LC_IDENTIFICATION
7f09fce78000-7f09fce79000 rwxp 00000000 00:00 0 
7f09fce79000-7f09fce7a000 ---p 00000000 00:00 0 
7f09fce7a000-7f09fce7c000 rwxp 00000000 00:00 0 
7f09fce7c000-7f09fce7d000 r-xp 0001d000 08:05 500702                     /lib64/ld-2.9.so
7f09fce7d000-7f09fce7e000 rwxp 0001e000 08:05 500702                     /lib64/ld-2.9.so
7fff86999000-7fff869af000 rwxp 00000000 00:00 0                          [stack]
7fff869c9000-7fff869ca000 r-xp 00000000 00:00 0                          [vdso]
ffffffffff600000-ffffffffff601000 r-xp 00000000 00:00 0                  [vsyscall]

VM Arguments:
jvm_args: -Djdk.home=/usr/lib64/jvm/java-1.6.0-sun-1.6.0 -Dnetbeans.dirs=/home/lsp/JavaProjects/MPUR/build/cluster:/usr/share/netbeans/ide10:/usr/share/netbeans/java2 -Dnetbeans.home=/usr/share/netbeans/platform9 -Dnetbeans.logger.console=true -ea -Xdebug -Xnoagent -Xrunjdwp:transport=dt_socket,suspend=n,server=n,address=laptop.site:56612 
java_command: org.netbeans.Main --userdir /home/lsp/JavaProjects/MPUR/build/testuserdir --branding mpur --test-userdir-lock-with-invalid-arg
Launcher Type: SUN_STANDARD

Environment Variables:
JAVA_HOME=/usr/lib64/jvm/java-1.6.0-sun-1.6.0
JRE_HOME=/usr/lib64/jvm/java/jre
PATH=/usr/local/bin:/usr/bin:/bin:/usr/bin/X11:/usr/X11R6/bin:/usr/games:/opt/kde3/bin:/usr/lib/mit/bin:/usr/lib/mit/sbin
LD_LIBRARY_PATH=/usr/lib64/jvm/java-1.6.0-sun-1.6.0/jre/lib/amd64/server:/usr/lib64/jvm/java-1.6.0-sun-1.6.0/jre/lib/amd64:/usr/lib64/jvm/java-1.6.0-sun-1.6.0/jre/../lib/amd64::/usr/lib64/R/library/rJava/jri:/usr/lib64/R/lib
SHELL=/bin/bash
DISPLAY=:0.0
HOSTTYPE=x86_64
OSTYPE=linux
MACHTYPE=x86_64-suse-linux

Signal Handlers:
SIGSEGV: [libjvm.so+0x5fcd20], sa_mask[0]=0x7ffbfeff, sa_flags=0x10000004
SIGBUS: [libjvm.so+0x5fcd20], sa_mask[0]=0x7ffbfeff, sa_flags=0x10000004
SIGFPE: [libjvm.so+0x4e0eb0], sa_mask[0]=0x7ffbfeff, sa_flags=0x10000004
SIGPIPE: [libjvm.so+0x4e0eb0], sa_mask[0]=0x7ffbfeff, sa_flags=0x10000004
SIGXFSZ: [libjvm.so+0x4e0eb0], sa_mask[0]=0x7ffbfeff, sa_flags=0x10000004
SIGILL: [libjvm.so+0x4e0eb0], sa_mask[0]=0x7ffbfeff, sa_flags=0x10000004
SIGUSR1: SIG_DFL, sa_mask[0]=0x00000000, sa_flags=0x00000000
SIGUSR2: [libjvm.so+0x4e35d0], sa_mask[0]=0x00000004, sa_flags=0x10000004
SIGHUP: [libjvm.so+0x4e3320], sa_mask[0]=0x7ffbfeff, sa_flags=0x10000004
SIGINT: SIG_IGN, sa_mask[0]=0x00000000, sa_flags=0x00000000
SIGTERM: [libjvm.so+0x4e3320], sa_mask[0]=0x7ffbfeff, sa_flags=0x10000004
SIGQUIT: [libjvm.so+0x4e3320], sa_mask[0]=0x7ffbfeff, sa_flags=0x10000004


---------------  S Y S T E M  ---------------

OS:openSUSE 11.1  (x86_64)
VERSION = 11.1

uname:Linux 2.6.30-rc6-git3-17-default #1 SMP 2009-05-25 14:11:59 +0200 x86_64
libc:glibc 2.9 NPTL 2.9 
rlimit: STACK 8192k, CORE 0k, NPROC 16374, NOFILE 8192, AS 4164320k
load average:0.39 0.70 0.75

CPU:total 2 (2 cores per cpu, 1 threads per core) family 6 model 7 stepping 6, cmov, cx8, fxsr, mmx, sse, sse2, sse3, ssse3

Memory: 4k page, physical 2056624k(59552k free), swap 3148700k(2987968k free)

vm_info: Java HotSpot(TM) 64-Bit Server VM (11.3-b02) for linux-amd64 JRE (1.6.0_13-b03), built on Mar  9 2009 11:08:22 by "java_re" with gcc 3.2.2 (SuSE Linux)

time: Mon Jun 22 16:11:43 2009
elapsed time: 174 seconds

