#
# An unexpected error has been detected by Java Runtime Environment:
#
#  SIGSEGV (0xb) at pc=0xb45fae6c, pid=24559, tid=2335619984
#
# Java VM: OpenJDK Server VM (1.6.0-b09 mixed mode linux-x86)
# Problematic frame:
# J  java.awt.Component.isShowing()Z
#
# If you would like to submit a bug report, please visit:
#   http://icedtea.classpath.org/bugzilla
#

---------------  T H R E A D  ---------------

Current thread (0x89ef1000):  JavaThread "AWT-EventQueue-1" [_thread_in_Java, id=24602, stack(0x8b31b000,0x8b36c000)]

siginfo:si_signo=SIGSEGV: si_errno=0, si_code=2 (SEGV_ACCERR), si_addr=0x8b31afbc

Registers:
EAX=0x8d4d54e8, EBX=0x8c9025f0, ECX=0x951e4658, EDX=0x00800001
ESP=0x8b31dfbc, EBP=0x94958bc0, ESI=0x8b31e42c, EDI=0xb45fae6c
EIP=0xb45fae6c, CR2=0x8b31afbc, EFLAGS=0x00010282

Top of Stack: (sp=0x8b31dfbc)
0x8b31dfbc:   b45fae9c 00000000 00000000 00000000
0x8b31dfcc:   00000000 8e3aec30 00000000 00000000
0x8b31dfdc:   8c6353e8 8e3aec30 00000000 8e244898
0x8b31dfec:   00000000 00000000 00000000 00000000
0x8b31dffc:   00000000 00000000 00000000 94958bc0
0x8b31e00c:   b45fae9c 00000000 00000000 00000000
0x8b31e01c:   8c689a40 00000000 00000000 00000000
0x8b31e02c:   000011a0 8e3aec30 00000000 00000000 

Instructions: (pc=0xb45fae6c)
0xb45fae5c:   00 00 c7 03 3b 41 04 0f 85 57 fe d2 ff 66 66 90
0xb45fae6c:   89 84 24 00 d0 ff ff 55 81 ec 48 00 00 00 0f be 

Stack: [0x8b31b000,0x8b36c000],  sp=0x8b31dfbc,  free space=11k
Native frames: (J=compiled Java code, j=interpreted, Vv=VM code, C=native code)
J  java.awt.Component.isShowing()Z


---------------  P R O C E S S  ---------------

Java Threads: ( => current thread )
  0x081f5c00 JavaThread "pool-1-thread-1" [_thread_blocked, id=24624, stack(0x89204000,0x89255000)]
  0x88ac6000 JavaThread "Inactive RequestProcessor thread [Was:Default RequestProcessor/org.netbeans.core.windows.FloatingWindowTransparencyManager$2]" daemon [_thread_blocked, id=24617, stack(0x8ba0b000,0x8ba5c000)]
  0x89ebf400 JavaThread "DestroyJavaVM" [_thread_blocked, id=24560, stack(0xb738d000,0xb73de000)]
=>0x89ef1000 JavaThread "AWT-EventQueue-1" [_thread_in_Java, id=24602, stack(0x8b31b000,0x8b36c000)]
  0x8b03bc00 JavaThread "Thread-4" daemon [_thread_blocked, id=24601, stack(0x892a6000,0x892f7000)]
  0x088b5c00 JavaThread "TimerQueue" daemon [_thread_blocked, id=24588, stack(0x8a44a000,0x8a49b000)]
  0x8aec7c00 JavaThread "Thread-2" [_thread_blocked, id=24587, stack(0x8a57f000,0x8a5d0000)]
  0x0848cc00 JavaThread "AWT-Shutdown" [_thread_blocked, id=24584, stack(0x8b36c000,0x8b3bd000)]
  0x08272800 JavaThread "AWT-XAWT" daemon [_thread_in_native, id=24579, stack(0x8b3bd000,0x8b40e000)]
  0x08463400 JavaThread "Java2D Disposer" daemon [_thread_blocked, id=24577, stack(0x8b59e000,0x8b5ef000)]
  0x8bf9b800 JavaThread "Timer-0" daemon [_thread_blocked, id=24573, stack(0x8baad000,0x8bafe000)]
  0x8bf5d800 JavaThread "CLI Requests Server" daemon [_thread_in_native, id=24572, stack(0x8bafe000,0x8bb4f000)]
  0x8bf7f000 JavaThread "Active Reference Queue Daemon" daemon [_thread_blocked, id=24571, stack(0x8bbfa000,0x8bc4b000)]
  0x8bf1f000 JavaThread "Low Memory Detector" daemon [_thread_blocked, id=24569, stack(0x8bccc000,0x8bd1d000)]
  0x8bf1d000 JavaThread "CompilerThread1" daemon [_thread_blocked, id=24568, stack(0x8bd1d000,0x8bd9e000)]
  0x8bf1bc00 JavaThread "CompilerThread0" daemon [_thread_blocked, id=24567, stack(0x8bd9e000,0x8be1f000)]
  0x8bf1ac00 JavaThread "Signal Dispatcher" daemon [_thread_blocked, id=24566, stack(0x8be1f000,0x8be70000)]
  0x8bf00800 JavaThread "Finalizer" daemon [_thread_blocked, id=24565, stack(0x8beaf000,0x8bf00000)]
  0x080e6800 JavaThread "Reference Handler" daemon [_thread_blocked, id=24564, stack(0x8c03e000,0x8c08f000)]

Other Threads:
  0x080e3400 VMThread [stack: 0x8c08f000,0x8c110000] [id=24563]
  0x8bf20800 WatcherThread [stack: 0x8bc4b000,0x8bccc000] [id=24570]

VM state:not at safepoint (normal execution)

VM Mutex/Monitor currently owned by a thread: None

Heap
 PSYoungGen      total 57472K, used 53158K [0xb09c0000, 0xb4230000, 0xb4230000)
  eden space 57152K, 92% used [0xb09c0000,0xb3d78cd8,0xb4190000)
  from space 320K, 61% used [0xb41e0000,0xb4210e40,0xb4230000)
  to   space 320K, 0% used [0xb4190000,0xb4190000,0xb41e0000)
 PSOldGen        total 28864K, used 26194K [0x94630000, 0x96260000, 0xb09c0000)
  object space 28864K, 90% used [0x94630000,0x95fc4b88,0x96260000)
 PSPermGen       total 34560K, used 34518K [0x8c630000, 0x8e7f0000, 0x94630000)
  object space 34560K, 99% used [0x8c630000,0x8e7e5a48,0x8e7f0000)

Dynamic libraries:
08048000-08050000 r-xp 00000000 08:02 1046338    /usr/lib/jvm/java-1.6.0-openjdk-1.2_b09/bin/java
08050000-08051000 r--p 00008000 08:02 1046338    /usr/lib/jvm/java-1.6.0-openjdk-1.2_b09/bin/java
08051000-08052000 rw-p 00009000 08:02 1046338    /usr/lib/jvm/java-1.6.0-openjdk-1.2_b09/bin/java
08052000-0c258000 rw-p 08052000 00:00 0          [heap]
86b03000-87000000 rw-s 00000000 00:09 9994252    /SYSV00000000 (deleted)
87000000-87100000 rw-p 87000000 00:00 0 
87100000-87106000 r-xp 00000000 08:02 980623     /usr/lib/jvm/java-1.6.0-openjdk-1.2_b09/jre/lib/i386/libmanagement.so
87106000-87107000 r--p 00005000 08:02 980623     /usr/lib/jvm/java-1.6.0-openjdk-1.2_b09/jre/lib/i386/libmanagement.so
87107000-87108000 rw-p 00006000 08:02 980623     /usr/lib/jvm/java-1.6.0-openjdk-1.2_b09/jre/lib/i386/libmanagement.so
87108000-8710b000 rw-s 00000000 00:09 9404427    /SYSV00000000 (deleted)
8710b000-87110000 rw-s 00000000 00:09 9371657    /SYSV00000000 (deleted)
87200000-873ed000 rw-p 87200000 00:00 0 
873ed000-87400000 ---p 873ed000 00:00 0 
87400000-874ff000 rw-p 87400000 00:00 0 
874ff000-87500000 ---p 874ff000 00:00 0 
87500000-875fa000 rw-p 87500000 00:00 0 
875fa000-87600000 ---p 875fa000 00:00 0 
87600000-876fa000 rw-p 87600000 00:00 0 
876fa000-87700000 ---p 876fa000 00:00 0 
87a8c000-87a8f000 rw-s 00000000 00:09 10027016   /SYSV00000000 (deleted)
87a8f000-87a92000 r--s 00000000 08:02 1036982    /tmp/output1218602772705
87a92000-87a95000 r--s 00000000 08:02 1036982    /tmp/output1218602772705
87a95000-87a97000 r--s 00000000 08:02 1036982    /tmp/output1218602772705
87a97000-87a9f000 r-xp 00000000 08:02 1030248    /usr/lib/R/modules/lapack.so
87a9f000-87aa0000 r--p 00007000 08:02 1030248    /usr/lib/R/modules/lapack.so
87aa0000-87aa1000 rw-p 00008000 08:02 1030248    /usr/lib/R/modules/lapack.so
87aa1000-87aa3000 r--s 00000000 08:02 1036982    /tmp/output1218602772705
87aa3000-87aa5000 r--s 00000000 08:02 1036982    /tmp/output1218602772705
87aa5000-87aa7000 r--s 00000000 08:02 1036982    /tmp/output1218602772705
87aa7000-87aa9000 r--s 00000000 08:02 1036982    /tmp/output1218602772705
87aa9000-87aab000 r--s 00000000 08:02 1036982    /tmp/output1218602772705
87aab000-87aad000 r--s 00000000 08:02 1036982    /tmp/output1218602772705
87aad000-87aaf000 r--s 00000000 08:02 1036982    /tmp/output1218602772705
87aaf000-87ab1000 r--s 00000000 08:02 1036982    /tmp/output1218602772705
87ab1000-87ab3000 r--s 00000000 08:02 1036982    /tmp/output1218602772705
87ab3000-87aba000 r--s 00000000 08:02 1126384    /var/cache/fontconfig/77e41c5059666d75f92e318d4be8c21e-x86.cache-2
87aba000-87b00000 r--s 00000000 08:02 1126234    /var/cache/fontconfig/df311e82a1a24c41a75c2c930223552e-x86.cache-2
87b00000-87c00000 rw-p 87b00000 00:00 0 
87c00000-87c02000 r--s 00000000 08:02 1036982    /tmp/output1218602772705
87c02000-87c04000 r--s 00000000 08:02 1036982    /tmp/output1218602772705
87c04000-87c08000 r--s 00000000 08:02 1126024    /var/cache/fontconfig/c16af864172909159ced9a806109b5c1-x86.cache-2
87c08000-87c0b000 r--s 00000000 08:02 1126390    /var/cache/fontconfig/e8f57fabc4e232f9607bdc8fbe43225c-x86.cache-2
87c0b000-87c0e000 r--s 00000000 08:02 1126175    /var/cache/fontconfig/7d1da13f417e58a363659dbbdaa33aa0-x86.cache-2
87c0e000-87c0f000 r--s 00000000 08:02 1126174    /var/cache/fontconfig/b6bbb9f898b73777cfe763014a8c08d3-x86.cache-2
87c0f000-87c32000 r--s 00000000 08:02 1126238    /var/cache/fontconfig/8d4af663993b81a124ee82e610bb31f9-x86.cache-2
87c32000-87c78000 r--s 00000000 08:02 1126235    /var/cache/fontconfig/17090aa38d5c6f09fb8c5c354938f1d7-x86.cache-2
87c78000-87cdd000 r--s 00000000 08:02 1126001    /var/cache/fontconfig/7ef2298fde41cc6eeb7af42e48b7d293-x86.cache-2
87cdd000-87cec000 r-xp 00000000 08:02 911527     /lib/libresolv-2.8.so
87cec000-87ced000 r--p 0000f000 08:02 911527     /lib/libresolv-2.8.so
87ced000-87cee000 rw-p 00010000 08:02 911527     /lib/libresolv-2.8.so
87cee000-87cf0000 rw-p 87cee000 00:00 0 
87cf0000-87cff000 r-xp 00000000 08:02 1036995    /tmp/jna25726.tmp
87cff000-87d00000 rw-p 0000f000 08:02 1036995    /tmp/jna25726.tmp
87d00000-87deb000 rw-p 87d00000 00:00 0 
87deb000-87e00000 ---p 87deb000 00:00 0 
87e00000-87ef7000 rw-p 87e00000 00:00 0 
87ef7000-87f00000 ---p 87ef7000 00:00 0 
87f00000-87ff0000 rw-p 87f00000 00:00 0 
87ff0000-88000000 ---p 87ff0000 00:00 0 
88000000-880fe000 rw-p 88000000 00:00 0 
880fe000-88100000 ---p 880fe000 00:00 0 
88100000-881fd000 rw-p 88100000 00:00 0 
881fd000-88200000 ---p 881fd000 00:00 0 
88200000-882f8000 rw-p 88200000 00:00 0 
882f8000-88300000 ---p 882f8000 00:00 0 
88300000-883d2000 rw-p 88300000 00:00 0 
883d2000-88400000 ---p 883d2000 00:00 0 
88400000-884fd000 rw-p 88400000 00:00 0 
884fd000-88500000 ---p 884fd000 00:00 0 
88500000-885fb000 rw-p 88500000 00:00 0 
885fb000-88600000 ---p 885fb000 00:00 0 
88600000-886f6000 rw-p 88600000 00:00 0 
886f6000-88700000 ---p 886f6000 00:00 0 
88700000-887fd000 rw-p 88700000 00:00 0 
887fd000-88800000 ---p 887fd000 00:00 0 
88800000-88802000 r--s 00000000 08:02 1036982    /tmp/output1218602772705
88802000-88807000 r--s 00000000 08:02 1126232    /var/cache/fontconfig/d62e99ef547d1d24cdb1bd22ec1a2976-x86.cache-2
88807000-8880b000 r-xp 00000000 08:02 911420     /lib/libnss_dns-2.8.so
8880b000-8880c000 r--p 00003000 08:02 911420     /lib/libnss_dns-2.8.so
8880c000-8880d000 rw-p 00004000 08:02 911420     /lib/libnss_dns-2.8.so
8880d000-88810000 rwxp 8880d000 00:00 0 
88810000-8885e000 rwxp 88810000 00:00 0 
8885e000-88861000 rwxp 8885e000 00:00 0 
88861000-888af000 rwxp 88861000 00:00 0 
888af000-888b2000 rwxp 888af000 00:00 0 
888b2000-88900000 rwxp 888b2000 00:00 0 
88900000-889fc000 rw-p 88900000 00:00 0 
889fc000-88a00000 ---p 889fc000 00:00 0 
88a00000-88af0000 rw-p 88a00000 00:00 0 
88af0000-88b00000 ---p 88af0000 00:00 0 
88b00000-88cf3000 rw-p 88b00000 00:00 0 
88cf3000-88d00000 ---p 88cf3000 00:00 0 
88d00000-88ee8000 rw-p 88d00000 00:00 0 
88ee8000-88f00000 ---p 88ee8000 00:00 0 
88f00000-89100000 rw-p 88f00000 00:00 0 
89100000-89200000 rw-p 89100000 00:00 0 
89200000-89202000 r-xp 00000000 08:02 911323     /lib/libnss_mdns4_minimal.so.2
89202000-89203000 r--p 00001000 08:02 911323     /lib/libnss_mdns4_minimal.so.2
89203000-89204000 rw-p 00002000 08:02 911323     /lib/libnss_mdns4_minimal.so.2
89204000-89207000 ---p 89204000 00:00 0 
89207000-89255000 rwxp 89207000 00:00 0 
89255000-89258000 rwxp 89255000 00:00 0 
89258000-892a9000 rwxp 89258000 00:00 0 
892a9000-892f7000 rwxp 892a9000 00:00 0 
892f7000-892fa000 rwxp 892f7000 00:00 0 
892fa000-89348000 rwxp 892fa000 00:00 0 
89348000-89491000 r-xp 00000000 08:02 954816     /usr/lib/R/lib/libRlapack.so
89491000-89492000 r--p 00148000 08:02 954816     /usr/lib/R/lib/libRlapack.so
89492000-89493000 rw-p 00149000 08:02 954816     /usr/lib/R/lib/libRlapack.so
89493000-8950e000 rw-p 89493000 00:00 0 
8950e000-89516000 r-xp 00000000 08:02 181074     /usr/lib/R/library/minpack.lm/libs/minpack.lm.so
89516000-89517000 r--p 00007000 08:02 181074     /usr/lib/R/library/minpack.lm/libs/minpack.lm.so
89517000-89518000 rw-p 00008000 08:02 181074     /usr/lib/R/library/minpack.lm/libs/minpack.lm.so
89518000-8951c000 r-xp 00000000 08:02 180989     /usr/lib/R/library/quadprog/libs/quadprog.so
8951c000-8951d000 r--p 00003000 08:02 180989     /usr/lib/R/library/quadprog/libs/quadprog.so
8951d000-8951e000 rw-p 00004000 08:02 180989     /usr/lib/R/library/quadprog/libs/quadprog.so
8951e000-89521000 r-xp 00000000 08:02 102959     /usr/lib/R/library/nnls/libs/nnls.so
89521000-89522000 r--p 00002000 08:02 102959     /usr/lib/R/library/nnls/libs/nnls.so
89522000-89523000 rw-p 00003000 08:02 102959     /usr/lib/R/library/nnls/libs/nnls.so
89523000-89529000 r-xp 00000000 08:02 1309740    /usr/lib/R/library/fields/libs/fields.so
89529000-8952a000 r--p 00005000 08:02 1309740    /usr/lib/R/library/fields/libs/fields.so
8952a000-8952b000 rw-p 00006000 08:02 1309740    /usr/lib/R/library/fields/libs/fields.so
8952b000-89811000 rw-p 8952b000 00:00 0 
89811000-8982a000 r-xp 00000000 08:02 1095194    /usr/lib/R/library/grid/libs/grid.so
8982a000-8982b000 r--p 00018000 08:02 1095194    /usr/lib/R/library/grid/libs/grid.so
8982b000-8982c000 rw-p 00019000 08:02 1095194    /usr/lib/R/library/grid/libs/grid.so
8982c000-89850000 r-xp 00000000 08:02 911125     /lib/libexpat.so.1.5.2
89850000-89852000 r--p 00023000 08:02 911125     /lib/libexpat.so.1.5.2
89852000-89853000 rw-p 00025000 08:02 911125     /lib/libexpat.so.1.5.2
89853000-89878000 r-xp 00000000 08:02 634264     /usr/lib/libfontconfig.so.1.2.0
89878000-89880000 r--p 00024000 08:02 634264     /usr/lib/libfontconfig.so.1.2.0
89880000-89881000 rw-p 0002c000 08:02 634264     /usr/lib/libfontconfig.so.1.2.0
89881000-8998b000 r-xp 00000000 08:02 635763     /usr/lib/libtk8.5.so
8998b000-89990000 r--p 0010a000 08:02 635763     /usr/lib/libtk8.5.so
89990000-8999b000 rw-p 0010f000 08:02 635763     /usr/lib/libtk8.5.so
8999b000-8999c000 rw-p 8999b000 00:00 0 
8999c000-89aa0000 r-xp 00000000 08:02 636906     /usr/lib/libtcl8.5.so
89aa0000-89aa2000 r--p 00103000 08:02 636906     /usr/lib/libtcl8.5.so
89aa2000-89aa6000 rw-p 00105000 08:02 636906     /usr/lib/libtcl8.5.so
89aa6000-89aa7000 rw-p 89aa6000 00:00 0 
89aa7000-89afd000 r-xp 00000000 08:02 1184560    /usr/lib/R/library/stats/libs/stats.so
89afd000-89afe000 r--p 00056000 08:02 1184560    /usr/lib/R/library/stats/libs/stats.so
89afe000-89aff000 rw-p 00057000 08:02 1184560    /usr/lib/R/library/stats/libs/stats.so
89aff000-89cfc000 rw-p 89aff000 00:00 0 
89cfc000-89d00000 ---p 89cfc000 00:00 0 
89d00000-89f00000 rw-p 89d00000 00:00 0 
89f00000-89ff7000 rw-p 89f00000 00:00 0 
89ff7000-8a000000 ---p 89ff7000 00:00 0 
8a000000-8a0b3000 rw-p 8a000000 00:00 0 
8a0b3000-8a100000 ---p 8a0b3000 00:00 0 
8a100000-8a300000 rw-p 8a100000 00:00 0 
8a300000-8a3fa000 rw-p 8a300000 00:00 0 
8a3fa000-8a400000 ---p 8a3fa000 00:00 0 
8a400000-8a402000 r-xp 00000000 08:02 956800     /usr/lib/R/library/TIMP/libs/TIMP.so
8a402000-8a403000 r--p 00001000 08:02 956800     /usr/lib/R/library/TIMP/libs/TIMP.so
8a403000-8a404000 rw-p 00002000 08:02 956800     /usr/lib/R/library/TIMP/libs/TIMP.so
8a404000-8a406000 r-xp 00000000 08:02 1102990    /usr/lib/R/library/splines/libs/splines.so
8a406000-8a407000 r--p 00001000 08:02 1102990    /usr/lib/R/library/splines/libs/splines.so
8a407000-8a408000 rw-p 00002000 08:02 1102990    /usr/lib/R/library/splines/libs/splines.so
8a408000-8a416000 r-xp 00000000 08:02 102704     /usr/lib/R/library/spam/libs/spam.so
8a416000-8a417000 r--p 0000d000 08:02 102704     /usr/lib/R/library/spam/libs/spam.so
8a417000-8a418000 rw-p 0000e000 08:02 102704     /usr/lib/R/library/spam/libs/spam.so
8a418000-8a42a000 r-xp 00000000 08:02 635072     /usr/lib/libXft.so.2.1.2
8a42a000-8a42b000 r--p 00011000 08:02 635072     /usr/lib/libXft.so.2.1.2
8a42b000-8a42c000 rw-p 00012000 08:02 635072     /usr/lib/libXft.so.2.1.2
8a42c000-8a448000 r-xp 00000000 08:02 1062570    /usr/lib/R/library/grDevices/libs/grDevices.so
8a448000-8a449000 r--p 0001b000 08:02 1062570    /usr/lib/R/library/grDevices/libs/grDevices.so
8a449000-8a44a000 rw-p 0001c000 08:02 1062570    /usr/lib/R/library/grDevices/libs/grDevices.so
8a44a000-8a49b000 rwxp 8a44a000 00:00 0 
8a49b000-8a57f000 r--p 00000000 08:02 657270     /usr/lib/locale/en_US.utf8/LC_COLLATE
8a57f000-8a5d0000 rwxp 8a57f000 00:00 0 
8a5d0000-8a601000 r-xp 00000000 08:02 911212     /lib/libncurses.so.5.6
8a601000-8a603000 r--p 00030000 08:02 911212     /lib/libncurses.so.5.6
8a603000-8a607000 rw-p 00032000 08:02 911212     /lib/libncurses.so.5.6
8a607000-8a634000 r-xp 00000000 08:02 911312     /lib/libreadline.so.5.2
8a634000-8a635000 r--p 0002d000 08:02 911312     /lib/libreadline.so.5.2
8a635000-8a638000 rw-p 0002e000 08:02 911312     /lib/libreadline.so.5.2
8a638000-8a63a000 rw-p 8a638000 00:00 0 
8a63a000-8a6ea000 r-xp 00000000 08:02 638060     /usr/lib/libgfortran.so.3.0.0
8a6ea000-8a6eb000 r--p 000af000 08:02 638060     /usr/lib/libgfortran.so.3.0.0
8a6eb000-8a6ec000 rw-p 000b0000 08:02 638060     /usr/lib/libgfortran.so.3.0.0
8a6ec000-8a6ed000 rw-p 8a6ec000 00:00 0 
8a6ed000-8a93a000 r-xp 00000000 08:02 954814     /usr/lib/R/lib/libR.so
8a93a000-8a93d000 r--p 0024c000 08:02 954814     /usr/lib/R/lib/libR.so
8a93d000-8a948000 rw-p 0024f000 08:02 954814     /usr/lib/R/lib/libR.so
8a948000-8a9dd000 rw-p 8a948000 00:00 0 
8a9dd000-8aa00000 r--s 00000000 08:02 1126238    /var/cache/fontconfig/8d4af663993b81a124ee82e610bb31f9-x86.cache-2
8aa00000-8ab00000 rw-p 8aa00000 00:00 0 
8ab01000-8ab02000 r--s 00000000 08:02 1036982    /tmp/output1218602772705
8ab03000-8ab0d000 r-xp 00000000 08:02 102730     /usr/lib/R/library/colorspace/libs/colorspace.so
8ab0d000-8ab0e000 r--p 00009000 08:02 102730     /usr/lib/R/library/colorspace/libs/colorspace.so
8ab0e000-8ab0f000 rw-p 0000a000 08:02 102730     /usr/lib/R/library/colorspace/libs/colorspace.so
8ab0f000-8ab55000 r--s 00000000 08:02 1126234    /var/cache/fontconfig/df311e82a1a24c41a75c2c930223552e-x86.cache-2
8ab55000-8ab9b000 r--s 00000000 08:02 1126235    /var/cache/fontconfig/17090aa38d5c6f09fb8c5c354938f1d7-x86.cache-2
8ab9b000-8ac00000 r--s 00000000 08:02 1126001    /var/cache/fontconfig/7ef2298fde41cc6eeb7af42e48b7d293-x86.cache-2
8ac00000-8ad00000 rw-p 8ac00000 00:00 0 
8ad01000-8ad02000 r-xp 00000000 08:02 102999     /usr/lib/R/library/gtools/libs/gtools.so
8ad02000-8ad03000 r--p 00000000 08:02 102999     /usr/lib/R/library/gtools/libs/gtools.so
8ad03000-8ad04000 rw-p 00001000 08:02 102999     /usr/lib/R/library/gtools/libs/gtools.so
8ad04000-8ad05000 rw-p 8ad04000 00:00 0 
8ad05000-8ad07000 r--s 00000000 08:02 1036982    /tmp/output1218602772705
8ad07000-8ad0b000 r-xp 00000000 08:02 956086     /usr/lib/R/library/MASS/libs/MASS.so
8ad0b000-8ad0c000 r--p 00003000 08:02 956086     /usr/lib/R/library/MASS/libs/MASS.so
8ad0c000-8ad0d000 rw-p 00004000 08:02 956086     /usr/lib/R/library/MASS/libs/MASS.so
8ad0d000-8ad14000 r--s 00000000 08:02 1126384    /var/cache/fontconfig/77e41c5059666d75f92e318d4be8c21e-x86.cache-2
8ad14000-8ad18000 r--s 00000000 08:02 1126024    /var/cache/fontconfig/c16af864172909159ced9a806109b5c1-x86.cache-2
8ad18000-8ad1b000 r--s 00000000 08:02 1126390    /var/cache/fontconfig/e8f57fabc4e232f9607bdc8fbe43225c-x86.cache-2
8ad1b000-8ad1e000 r--s 00000000 08:02 1126175    /var/cache/fontconfig/7d1da13f417e58a363659dbbdaa33aa0-x86.cache-2
8ad1e000-8ad23000 r--s 00000000 08:02 1126232    /var/cache/fontconfig/d62e99ef547d1d24cdb1bd22ec1a2976-x86.cache-2
8ad23000-8ad24000 r--s 00000000 08:02 1036982    /tmp/output1218602772705
8ad24000-8ad26000 r-xp 00000000 08:02 635102     /usr/lib/libXss.so.1.0.0
8ad26000-8ad27000 r--p 00001000 08:02 635102     /usr/lib/libXss.so.1.0.0
8ad27000-8ad28000 rw-p 00002000 08:02 635102     /usr/lib/libXss.so.1.0.0
8ad28000-8ad2d000 r-xp 00000000 08:02 1185010    /usr/lib/R/library/tcltk/libs/tcltk.so
8ad2d000-8ad2e000 r--p 00004000 08:02 1185010    /usr/lib/R/library/tcltk/libs/tcltk.so
8ad2e000-8ad2f000 rw-p 00005000 08:02 1185010    /usr/lib/R/library/tcltk/libs/tcltk.so
8ad2f000-8ad30000 rw-p 8ad2f000 00:00 0 
8ad30000-8ad31000 r--s 00000000 08:02 1126228    /var/cache/fontconfig/cf6c88e680607f2ab796171745f068a4-x86.cache-2
8ad31000-8ad32000 r-xp 00000000 08:02 634030     /usr/lib/gconv/ISO8859-1.so
8ad32000-8ad33000 r--p 00001000 08:02 634030     /usr/lib/gconv/ISO8859-1.so
8ad33000-8ad34000 rw-p 00002000 08:02 634030     /usr/lib/gconv/ISO8859-1.so
8ad34000-8ad35000 r--p 00000000 08:02 1185676    /usr/lib/R/share/locale/en/LC_MESSAGES/R.mo
8ad35000-8ad3b000 r-xp 00000000 08:02 1095728    /usr/lib/R/library/methods/libs/methods.so
8ad3b000-8ad3c000 r--p 00005000 08:02 1095728    /usr/lib/R/library/methods/libs/methods.so
8ad3c000-8ad3d000 rw-p 00006000 08:02 1095728    /usr/lib/R/library/methods/libs/methods.so
8ad3d000-8ad3e000 r--p 00000000 08:02 673774     /usr/lib/locale/en_US.utf8/LC_MEASUREMENT
8ad3e000-8ad3f000 r--p 00000000 08:02 673463     /usr/lib/locale/en_US.utf8/LC_PAPER
8ad3f000-8ad40000 r--p 00000000 08:02 673903     /usr/lib/locale/en_US.utf8/LC_TIME
8ad40000-8ad41000 r--p 00000000 08:02 657306     /usr/lib/locale/en_US.utf8/LC_MESSAGES/SYS_LC_MESSAGES
8ad41000-8ad6d000 r-xp 00000000 08:02 954815     /usr/lib/R/lib/libRblas.so
8ad6d000-8ad6e000 r--p 0002b000 08:02 954815     /usr/lib/R/lib/libRblas.so
8ad6e000-8ad6f000 rw-p 0002c000 08:02 954815     /usr/lib/R/lib/libRblas.so
8ad6f000-8ad76000 r-xp 00000000 08:02 221900     /usr/lib/R/library/rJava/jri/libjri.so
8ad76000-8ad77000 r--p 00006000 08:02 221900     /usr/lib/R/library/rJava/jri/libjri.so
8ad77000-8ad78000 rw-p 00007000 08:02 221900     /usr/lib/R/library/rJava/jri/libjri.so
8ad78000-8ad7c000 r--s 00076000 08:02 980592     /usr/lib/jvm/java-1.6.0-openjdk-1.2_b09/jre/lib/ext/localedata.jar
8ad7c000-8ad7e000 r--s 0000f000 08:03 287595     /home/jsg210/netbeans-6.1/platform8/modules/org-netbeans-modules-progress-ui.jar
8ad7e000-8ad80000 r--s 0000e000 08:03 294950     /home/jsg210/netbeans-6.1/java2/modules/ext/jaxws21/activation.jar
8ad80000-8ad83000 r--s 00011000 08:03 294972     /home/jsg210/netbeans-6.1/java2/modules/ext/jaxws21/http.jar
8ad83000-8ad85000 r--s 0000f000 08:03 294959     /home/jsg210/netbeans-6.1/java2/modules/ext/jaxws21/resolver.jar
8ad85000-8ad86000 r--s 00002000 08:03 294963     /home/jsg210/netbeans-6.1/java2/modules/ext/jaxws21/stax-ex.jar
8ad86000-8ad98000 r--s 000bb000 08:03 294952     /home/jsg210/netbeans-6.1/java2/modules/ext/jaxws21/jaxb-impl.jar
8ad98000-8ad9a000 r--s 0000c000 08:03 294945     /home/jsg210/netbeans-6.1/java2/modules/ext/jaxws21/streambuffer.jar
8ad9a000-8add5000 r--s 002b8000 08:03 294957     /home/jsg210/netbeans-6.1/java2/modules/ext/jaxws21/jaxb-xjc.jar
8add5000-8adeb000 r--s 000f9000 08:03 294958     /home/jsg210/netbeans-6.1/java2/modules/ext/jaxws21/jaxws-rt.jar
8adeb000-8adf1000 r--s 00041000 08:03 294948     /home/jsg210/netbeans-6.1/java2/modules/ext/jaxws21/FastInfoset.jar
8adf1000-8adf7000 r--s 0003d000 08:03 294951     /home/jsg210/netbeans-6.1/java2/modules/ext/jaxws21/saaj-impl.jar
8adf7000-8ae00000 r--s 00070000 08:03 294949     /home/jsg210/netbeans-6.1/java2/modules/ext/jaxws21/jaxws-tools.jar
8ae00000-8af00000 rw-p 8ae00000 00:00 0 
8af00000-8af01000 r--s 00000000 08:02 1126174    /var/cache/fontconfig/b6bbb9f898b73777cfe763014a8c08d3-x86.cache-2
8af01000-8af06000 r--s 0004b000 08:03 294970     /home/jsg210/netbeans-6.1/java2/modules/ext/jaxws21/sjsxp.jar
8af06000-8af07000 r--s 00003000 08:03 289229     /home/jsg210/netbeans-6.1/java2/modules/org-netbeans-modules-websvc-jaxws21.jar
8af07000-8af0b000 r--s 00033000 08:03 287613     /home/jsg210/netbeans-6.1/platform8/modules/org-netbeans-core-nativeaccess.jar
8af0b000-8af0e000 r--s 0006d000 08:03 287766     /home/jsg210/netbeans-6.1/platform8/modules/ext/jna-3.0.2.jar
8af0e000-8af0f000 r--s 00000000 08:03 287712     /home/jsg210/netbeans-6.1/platform8/modules/org-netbeans-libs-jna.jar
8af0f000-8af10000 r--s 00000000 08:03 475643     /home/jsg210/netbeans-6.1/xml2/modules/org-netbeans-modules-xml-kit.jar
8af10000-8af13000 r--s 00012000 08:03 475687     /home/jsg210/netbeans-6.1/xml2/modules/org-netbeans-modules-xml-xpath.jar
8af13000-8af17000 r--s 0001f000 08:03 475658     /home/jsg210/netbeans-6.1/xml2/modules/docs/org-netbeans-modules-xml-schema.jar
8af17000-8af1b000 r--s 0005d000 08:03 475659     /home/jsg210/netbeans-6.1/xml2/modules/org-netbeans-modules-xml-schema.jar
8af1b000-8af24000 r--s 000a5000 08:03 475648     /home/jsg210/netbeans-6.1/xml2/modules/org-netbeans-modules-xml-schema-abe.jar
8af24000-8af28000 r--s 00048000 08:03 475703     /home/jsg210/netbeans-6.1/xml2/modules/org-netbeans-modules-xml-schema-refactoring.jar
8af28000-8af34000 r--s 00103000 08:03 475674     /home/jsg210/netbeans-6.1/xml2/modules/org-netbeans-modules-xml-schema-ui-basic.jar
8af34000-8af37000 r--s 00039000 08:03 475669     /home/jsg210/netbeans-6.1/xml2/modules/org-netbeans-modules-xml-refactoring.jar
8af37000-8af39000 r--s 0000f000 08:03 475698     /home/jsg210/netbeans-6.1/xml2/modules/org-netbeans-modules-xml-nbprefuse.jar
8af39000-8af40000 r--s 00075000 08:03 288326     /home/jsg210/netbeans-6.1/ide9/modules/org-netbeans-modules-xml-wsdl-model.jar
8af40000-8af41000 r--s 00005000 08:03 475664     /home/jsg210/netbeans-6.1/xml2/modules/org-netbeans-modules-xml-validation.jar
8af41000-8af42000 r--s 00003000 08:03 287828     /home/jsg210/netbeans-6.1/nb6.1/modules/org-netbeans-modules-updatecenters.jar
8af42000-8af47000 r--s 00086000 08:03 475681     /home/jsg210/netbeans-6.1/xml2/modules/ext/jxpath/jxpath1.1.jar
8af47000-8af48000 r--s 00000000 08:03 475682     /home/jsg210/netbeans-6.1/xml2/modules/org-netbeans-libs-jxpath.jar
8af48000-8af4a000 r--s 0001a000 08:03 698862     /home/jsg210/NetBeansProjects/MPUR/build/cluster/modules/nl-vu-nat-timpgui.jar
8af4a000-8af4c000 r--s 00018000 08:03 698858     /home/jsg210/NetBeansProjects/MPUR/build/cluster/modules/nl-wur-flimdataloader.jar
8af4c000-8af59000 r--s 000a6000 08:03 475692     /home/jsg210/netbeans-6.1/xml2/modules/ext/prefuse-beta.jar
8af59000-8af5a000 r--s 00000000 08:03 475693     /home/jsg210/netbeans-6.1/xml2/modules/org-netbeans-modules-visdev-prefuse.jar
8af5a000-8af5e000 r--s 00047000 08:03 288583     /home/jsg210/netbeans-6.1/ide9/modules/org-netbeans-spi-palette.jar
8af5e000-8af5f000 r--s 00003000 08:03 698804     /home/jsg210/NetBeansProjects/MPUR/build/cluster/modules/nl-wur-flim-jfreechartcustom.jar
8af5f000-8af65000 r--s 0005e000 08:03 288582     /home/jsg210/netbeans-6.1/ide9/modules/org-netbeans-modules-xml.jar
8af65000-8af66000 r--s 00000000 08:03 287822     /home/jsg210/netbeans-6.1/nb6.1/modules/org-netbeans-modules-ide-branding-kit.jar
8af66000-8af67000 r--s 00000000 08:03 288505     /home/jsg210/netbeans-6.1/ide9/modules/org-netbeans-modules-ide-kit.jar
8af67000-8af69000 r--s 0003c000 08:03 288482     /home/jsg210/netbeans-6.1/ide9/modules/org-netbeans-modules-defaults.jar
8af69000-8af6b000 r--s 0000e000 08:03 288532     /home/jsg210/netbeans-6.1/ide9/modules/org-netbeans-modules-timers.jar
8af6b000-8af6e000 r--s 00017000 08:03 288627     /home/jsg210/netbeans-6.1/ide9/modules/org-netbeans-insane.jar
8af6e000-8af70000 r--s 00004000 08:03 288242     /home/jsg210/netbeans-6.1/ide9/modules/org-netbeans-modules-editor-highlights.jar
8af70000-8af71000 r--s 00000000 08:03 287832     /home/jsg210/netbeans-6.1/nb6.1/modules/org-netbeans-modules-ide-branding.jar
8af71000-8af74000 r--s 0001d000 08:03 288355     /home/jsg210/netbeans-6.1/ide9/modules/org-netbeans-modules-editor-macros.jar
8af74000-8af75000 r--s 00000000 08:03 286883     /home/jsg210/netbeans-6.1/platform8/modules/org-netbeans-modules-core-kit.jar
8af75000-8af76000 r--s 00001000 08:03 287611     /home/jsg210/netbeans-6.1/platform8/modules/org-netbeans-modules-templates.jar
8af76000-8af77000 r--s 00008000 08:03 287760     /home/jsg210/netbeans-6.1/platform8/modules/ext/script-api.jar
8af77000-8af78000 r--s 00000000 08:03 287691     /home/jsg210/netbeans-6.1/platform8/modules/org-netbeans-libs-jsr223.jar
8af78000-8af79000 r--s 00004000 08:03 288380     /home/jsg210/netbeans-6.1/ide9/modules/org-netbeans-modules-editor-plain.jar
8af79000-8af82000 r--s 0004e000 08:03 288317     /home/jsg210/netbeans-6.1/ide9/modules/docs/org-netbeans-modules-usersguide.jar
8af82000-8af83000 r--s 00002000 08:03 288436     /home/jsg210/netbeans-6.1/ide9/modules/org-netbeans-modules-usersguide.jar
8af83000-8af8c000 r--s 000d1000 08:03 288453     /home/jsg210/netbeans-6.1/ide9/modules/org-netbeans-modules-languages.jar
8af8c000-8af93000 r--s 00061000 08:03 288301     /home/jsg210/netbeans-6.1/ide9/modules/org-netbeans-modules-refactoring-api.jar
8af93000-8af95000 r--s 0000f000 08:03 288357     /home/jsg210/netbeans-6.1/ide9/modules/org-netbeans-modules-editor-guards.jar
8af95000-8af9c000 r--s 000c3000 08:03 288568     /home/jsg210/netbeans-6.1/ide9/modules/org-netbeans-modules-diff.jar
8af9c000-8af9f000 r--s 0002e000 08:03 288335     /home/jsg210/netbeans-6.1/ide9/modules/org-netbeans-modules-options-editor.jar
8af9f000-8afa1000 r--s 0001d000 08:03 287560     /home/jsg210/netbeans-6.1/platform8/modules/org-netbeans-modules-options-keymap.jar
8afa1000-8afa4000 r--s 00022000 08:03 288534     /home/jsg210/netbeans-6.1/ide9/modules/org-netbeans-modules-jumpto.jar
8afa4000-8afa6000 r--s 0000f000 08:03 288234     /home/jsg210/netbeans-6.1/ide9/modules/org-netbeans-modules-editor-errorstripe.jar
8afa6000-8afa7000 r--s 00010000 08:03 288133     /home/jsg210/netbeans-6.1/ide9/modules/org-netbeans-modules-editor-bracesmatching.jar
8afa7000-8afac000 r--s 00069000 08:03 288459     /home/jsg210/netbeans-6.1/ide9/modules/org-netbeans-modules-utilities.jar
8afac000-8afad000 r--s 0000e000 08:03 287619     /home/jsg210/netbeans-6.1/platform8/modules/org-netbeans-modules-sendopts.jar
8afad000-8afb0000 r--s 00020000 08:03 288484     /home/jsg210/netbeans-6.1/ide9/modules/org-netbeans-swing-dirchooser.jar
8afb0000-8afb1000 r--s 00000000 08:03 287791     /home/jsg210/netbeans-6.1/nb6.1/modules/org-netbeans-modules-uihandler-exceptionreporter.jar
8afb1000-8afb2000 r--s 00009000 08:03 287833     /home/jsg210/netbeans-6.1/nb6.1/modules/org-netbeans-modules-registration.jar
8afb2000-8afb4000 r--s 00017000 08:03 288270     /home/jsg210/netbeans-6.1/ide9/modules/org-netbeans-modules-editor-bookmarks.jar
8afb4000-8afb7000 r--s 00040000 08:03 287855     /home/jsg210/netbeans-6.1/nb6.1/modules/org-netbeans-modules-reglib.jar
8afb7000-8afb9000 r--s 0003e000 08:03 287678     /home/jsg210/netbeans-6.1/platform8/modules/org-netbeans-core-output2.jar
8afb9000-8afbf000 r--s 0005c000 08:03 288641     /home/jsg210/netbeans-6.1/ide9/modules/ext/webserver.jar
8afbf000-8afc0000 r--s 0000e000 08:03 288434     /home/jsg210/netbeans-6.1/ide9/modules/org-netbeans-modules-httpserver.jar
8afc0000-8afc3000 r--s 0001b000 08:03 288429     /home/jsg210/netbeans-6.1/ide9/modules/org-netbeans-modules-extbrowser.jar
8afc3000-8afc8000 r--s 00067000 08:03 288512     /home/jsg210/netbeans-6.1/ide9/modules/org-netbeans-modules-xml-axi.jar
8afc8000-8afce000 r--s 00072000 08:03 288287     /home/jsg210/netbeans-6.1/ide9/modules/org-netbeans-modules-xml-schema-model.jar
8afce000-8afd0000 r--s 0001e000 08:03 287844     /home/jsg210/netbeans-6.1/nb6.1/modules/org-netbeans-modules-uihandler.jar
8afd0000-8afd2000 r--s 0000e000 08:03 287858     /home/jsg210/netbeans-6.1/nb6.1/modules/org-netbeans-lib-uihandler.jar
8afd2000-8afdd000 r--s 0015a000 08:03 287675     /home/jsg210/netbeans-6.1/platform8/modules/org-netbeans-core-windows.jar
8afdd000-8afdf000 r--s 0002d000 08:03 287632     /home/jsg210/netbeans-6.1/platform8/modules/org-netbeans-modules-settings.jar
8afdf000-8afe2000 r--s 0003a000 08:03 288187     /home/jsg210/netbeans-6.1/ide9/modules/org-netbeans-modules-editor-codetemplates.jar
8afe2000-8afe5000 r--s 00037000 08:03 288100     /home/jsg210/netbeans-6.1/ide9/modules/org-netbeans-modules-editor-settings-storage.jar
8afe5000-8afe6000 r--s 00003000 08:03 288616     /home/jsg210/netbeans-6.1/ide9/modules/org-netbeans-core-ide.jar
8afe6000-8afea000 r--s 00052000 08:03 287847     /home/jsg210/netbeans-6.1/nb6.1/modules/org-netbeans-modules-welcome.jar
8afea000-8aff3000 r--s 000a7000 08:03 288460     /home/jsg210/netbeans-6.1/ide9/modules/org-netbeans-modules-projectui.jar
8aff3000-8aff6000 r--s 0001a000 08:03 287612     /home/jsg210/netbeans-6.1/platform8/modules/org-netbeans-modules-favorites.jar
8aff6000-8affa000 r--s 0003a000 08:03 287631     /home/jsg210/netbeans-6.1/platform8/modules/org-netbeans-modules-masterfs.jar
8affa000-8affe000 r--s 00036000 08:03 288412     /home/jsg210/netbeans-6.1/ide9/modules/org-netbeans-modules-xml-catalog.jar
8affe000-8b000000 r--s 00024000 08:03 286873     /home/jsg210/netbeans-6.1/platform8/modules/org-netbeans-core-ui.jar
8b000000-8b0f5000 rw-p 8b000000 00:00 0 
8b0f5000-8b100000 ---p 8b0f5000 00:00 0 
8b100000-8b101000 r--s 00000000 08:02 1126228    /var/cache/fontconfig/cf6c88e680607f2ab796171745f068a4-x86.cache-2
8b101000-8b104000 r--s 0001a000 08:03 287666     /home/jsg210/netbeans-6.1/platform8/modules/org-netbeans-core-execution.jar
8b104000-8b10f000 r--s 000da000 08:03 287746     /home/jsg210/netbeans-6.1/platform8/modules/org-netbeans-core.jar
8b10f000-8b112000 r--s 0002c000 08:03 287697     /home/jsg210/netbeans-6.1/platform8/modules/org-netbeans-swing-plaf.jar
8b112000-8b114000 r--s 0000b000 08:03 287495     /home/jsg210/netbeans-6.1/platform8/modules/org-netbeans-modules-editor-mimelookup-impl.jar
8b114000-8b116000 r--s 0000f000 08:03 698841     /home/jsg210/NetBeansProjects/MPUR/build/cluster/modules/nl-vu-nat-tgmprojectsupport.jar
8b116000-8b118000 r--s 0001a000 08:03 698834     /home/jsg210/NetBeansProjects/MPUR/build/cluster/modules/nl-vu-nat-tgmfilesupport.jar
8b118000-8b11a000 r--s 00000000 08:03 698794     /home/jsg210/NetBeansProjects/MPUR/build/cluster/modules/nl-vu-nat-api-tgm.jar
8b11a000-8b11f000 r--s 0003f000 08:03 475717     /home/jsg210/netbeans-6.1/xml2/modules/org-netbeans-modules-xml-xam-ui.jar
8b11f000-8b121000 r--s 00002000 08:03 475711     /home/jsg210/netbeans-6.1/xml2/modules/docs/org-netbeans-modules-xml-catalogsupport.jar
8b121000-8b123000 r--s 00012000 08:03 475712     /home/jsg210/netbeans-6.1/xml2/modules/org-netbeans-modules-xml-catalogsupport.jar
8b123000-8b12b000 r--s 00071000 08:03 287765     /home/jsg210/netbeans-6.1/platform8/modules/ext/jh-2.0_05.jar
8b12b000-8b12e000 r--s 0001d000 08:03 287633     /home/jsg210/netbeans-6.1/platform8/modules/org-netbeans-modules-javahelp.jar
8b12e000-8b133000 r--s 00071000 08:03 288405     /home/jsg210/netbeans-6.1/ide9/modules/org-netbeans-modules-project-ant.jar
8b133000-8b137000 r--s 00036000 08:03 288259     /home/jsg210/netbeans-6.1/ide9/modules/org-netbeans-modules-project-libraries.jar
8b137000-8b13a000 r--s 00033000 08:03 288344     /home/jsg210/netbeans-6.1/ide9/modules/org-netbeans-modules-xml-retriever.jar
8b13a000-8b13c000 r--s 00012000 08:03 288636     /home/jsg210/netbeans-6.1/ide9/modules/ext/resolver-1.2.jar
8b13c000-8b13d000 r--s 00000000 08:03 288600     /home/jsg210/netbeans-6.1/ide9/modules/org-apache-xml-resolver.jar
8b13d000-8b141000 r--s 00048000 08:03 288514     /home/jsg210/netbeans-6.1/ide9/modules/org-netbeans-modules-xml-xdm.jar
8b141000-8b143000 r--s 0002b000 08:03 288509     /home/jsg210/netbeans-6.1/ide9/modules/org-netbeans-modules-xml-xam.jar
8b143000-8b14a000 r--s 0008e000 08:03 288488     /home/jsg210/netbeans-6.1/ide9/modules/org-netbeans-modules-xml-text.jar
8b14a000-8b14c000 r--s 0000b000 08:03 288551     /home/jsg210/netbeans-6.1/ide9/modules/org-netbeans-spi-navigator.jar
8b14c000-8b14f000 r--s 00032000 08:03 288258     /home/jsg210/netbeans-6.1/ide9/modules/org-netbeans-modules-editor-completion.jar
8b14f000-8b151000 r--s 0001a000 08:03 288271     /home/jsg210/netbeans-6.1/ide9/modules/org-netbeans-modules-editor-structure.jar
8b151000-8b153000 r--s 0000c000 08:03 288347     /home/jsg210/netbeans-6.1/ide9/modules/org-netbeans-modules-editor-indent.jar
8b153000-8b15e000 r--s 000d0000 08:03 288535     /home/jsg210/netbeans-6.1/ide9/modules/org-netbeans-modules-editor.jar
8b15e000-8b16a000 r--s 000ab000 08:03 287630     /home/jsg210/netbeans-6.1/platform8/modules/org-netbeans-swing-tabcontrol.jar
8b16a000-8b16c000 r--s 00000000 08:03 288289     /home/jsg210/netbeans-6.1/ide9/modules/org-netbeans-modules-editor-plain-lib.jar
8b16c000-8b174000 r--s 000b8000 08:03 287567     /home/jsg210/netbeans-6.1/platform8/modules/org-netbeans-modules-autoupdate-ui.jar
8b174000-8b177000 r--s 0002c000 08:03 287771     /home/jsg210/netbeans-6.1/platform8/modules/ext/updater.jar
8b177000-8b17c000 r--s 00073000 08:03 287527     /home/jsg210/netbeans-6.1/platform8/modules/org-netbeans-modules-autoupdate-services.jar
8b17c000-8b17e000 r--s 0000b000 08:03 288633     /home/jsg210/netbeans-6.1/ide9/modules/org-openidex-util.jar
8b17e000-8b184000 r--s 00046000 08:03 698800     /home/jsg210/NetBeansProjects/MPUR/build/cluster/modules/ext/jcommon-1.0.13.jar
8b184000-8b193000 r--s 00132000 08:03 698799     /home/jsg210/NetBeansProjects/MPUR/build/cluster/modules/ext/jfreechart-1.0.10.jar
8b193000-8b195000 r--s 00007000 08:03 697416     /home/jsg210/NetBeansProjects/MPUR/build/cluster/modules/ext/Jama-1.0.2.jar
8b195000-8b196000 r--s 00000000 08:03 697386     /home/jsg210/NetBeansProjects/MPUR/build/cluster/modules/Jama.jar
8b196000-8b197000 r--s 00006000 08:03 287711     /home/jsg210/netbeans-6.1/platform8/modules/org-openide-execution.jar
8b197000-8b198000 r--s 00006000 08:03 288461     /home/jsg210/netbeans-6.1/ide9/modules/org-netbeans-modules-xml-lexer.jar
8b198000-8b19a000 r--s 00008000 08:03 288638     /home/jsg210/netbeans-6.1/ide9/modules/ext/servlet-2.2.jar
8b19a000-8b19b000 r--s 00000000 08:03 288428     /home/jsg210/netbeans-6.1/ide9/modules/org-netbeans-modules-servletapi.jar
8b19b000-8b19c000 r--s 00008000 08:03 287726     /home/jsg210/netbeans-6.1/platform8/modules/org-openide-options.jar
8b19c000-8b19d000 r--s 00000000 08:03 698797     /home/jsg210/NetBeansProjects/MPUR/build/cluster/modules/org-jfree.jar
8b19d000-8b1a1000 r--s 0002b000 08:03 288489     /home/jsg210/netbeans-6.1/ide9/modules/org-netbeans-spi-editor-hints.jar
8b1a1000-8b1b1000 r--s 00181000 08:03 288435     /home/jsg210/netbeans-6.1/ide9/modules/org-netbeans-modules-editor-lib.jar
8b1b1000-8b1b3000 r--s 00017000 08:03 288410     /home/jsg210/netbeans-6.1/ide9/modules/org-netbeans-modules-editor-fold.jar
8b1b3000-8b1b8000 r--s 00049000 08:03 288411     /home/jsg210/netbeans-6.1/ide9/modules/org-netbeans-modules-editor-lib2.jar
8b1b8000-8b1bb000 r--s 00052000 08:03 288554     /home/jsg210/netbeans-6.1/ide9/modules/org-netbeans-modules-lexer.jar
8b1bb000-8b1bd000 r--s 00016000 08:03 288409     /home/jsg210/netbeans-6.1/ide9/modules/org-netbeans-modules-editor-util.jar
8b1bd000-8b1be000 r--s 00001000 08:03 288127     /home/jsg210/netbeans-6.1/ide9/modules/org-netbeans-modules-editor-errorstripe-api.jar
8b1be000-8b1c1000 r--s 0001a000 08:03 287594     /home/jsg210/netbeans-6.1/platform8/modules/org-netbeans-modules-options-api.jar
8b1c1000-8b1c3000 r--s 00006000 08:03 288302     /home/jsg210/netbeans-6.1/ide9/modules/org-netbeans-modules-editor-settings.jar
8b1c3000-8b1c4000 r--s 00011000 08:03 698850     /home/jsg210/NetBeansProjects/MPUR/build/cluster/modules/nl-vu-nat-tgofilesupport.jar
8b1c4000-8b1c9000 r--s 00049000 08:03 288356     /home/jsg210/netbeans-6.1/ide9/modules/org-netbeans-modules-xml-multiview.jar
8b1c9000-8b1cc000 r--s 0001f000 08:03 287661     /home/jsg210/netbeans-6.1/platform8/modules/org-netbeans-core-multiview.jar
8b1cc000-8b1cf000 r--s 00019000 08:03 288487     /home/jsg210/netbeans-6.1/ide9/modules/org-netbeans-modules-xml-core.jar
8b1cf000-8b1d1000 r--s 00011000 08:03 288620     /home/jsg210/netbeans-6.1/ide9/modules/org-netbeans-api-xml.jar
8b1d1000-8b1d4000 r--s 0002e000 08:03 288372     /home/jsg210/netbeans-6.1/ide9/modules/org-netbeans-modules-projectuiapi.jar
8b1d4000-8b1d7000 r--s 00018000 08:03 288432     /home/jsg210/netbeans-6.1/ide9/modules/org-netbeans-modules-projectapi.jar
8b1d7000-8b1d8000 r--s 00008000 08:03 698821     /home/jsg210/NetBeansProjects/MPUR/build/cluster/modules/nl-vu-nat-timpinterface.jar
8b1d8000-8b1d9000 r--s 00005000 08:03 698817     /home/jsg210/NetBeansProjects/MPUR/build/cluster/modules/nl-vu-nat-rjavainterface.jar
8b1d9000-8b1da000 r--s 00008000 08:03 698809     /home/jsg210/NetBeansProjects/MPUR/build/cluster/modules/ext/JRI.jar
8b1da000-8b1db000 r--s 00000000 08:03 698807     /home/jsg210/NetBeansProjects/MPUR/build/cluster/modules/org-rosuda-JRI.jar
8b1db000-8b1dd000 r--s 00005000 08:03 697570     /home/jsg210/NetBeansProjects/MPUR/build/cluster/modules/nat-vu-nl-datasettimp.jar
8b1dd000-8b1df000 r--s 00007000 08:03 294944     /home/jsg210/netbeans-6.1/java2/modules/ext/jaxws21/api/jaxws-api.jar
8b1df000-8b1e1000 r--s 00004000 08:03 294942     /home/jsg210/netbeans-6.1/java2/modules/ext/jaxws21/api/jsr173_api.jar
8b1e1000-8b1e4000 r--s 00013000 08:03 294947     /home/jsg210/netbeans-6.1/java2/modules/ext/jaxws21/api/jaxb-api.jar
8b1e4000-8b1e5000 r--s 00001000 08:03 294941     /home/jsg210/netbeans-6.1/java2/modules/ext/jaxws21/api/jsr181-api.jar
8b1e5000-8b1e6000 r--s 00001000 08:03 294943     /home/jsg210/netbeans-6.1/java2/modules/ext/jaxws21/api/jsr250-api.jar
8b1e6000-8b1e8000 r--s 00003000 08:03 294946     /home/jsg210/netbeans-6.1/java2/modules/ext/jaxws21/api/saaj-api.jar
8b1e8000-8b1e9000 r--s 00000000 08:03 289169     /home/jsg210/netbeans-6.1/java2/modules/org-netbeans-modules-websvc-jaxws21api.jar
8b1e9000-8b1ea000 r--s 00003000 08:03 287759     /home/jsg210/netbeans-6.1/platform8/modules/org-openide-io.jar
8b1ea000-8b1f4000 r--s 000ef000 08:03 287725     /home/jsg210/netbeans-6.1/platform8/modules/org-openide-loaders.jar
8b1f4000-8b1f6000 r--s 00008000 08:03 287648     /home/jsg210/netbeans-6.1/platform8/modules/org-netbeans-modules-queries.jar
8b1f6000-8b1fa000 r--s 00025000 08:03 287724     /home/jsg210/netbeans-6.1/platform8/modules/org-openide-actions.jar
8b1fa000-8b1fd000 r--s 00043000 08:03 287750     /home/jsg210/netbeans-6.1/platform8/modules/org-openide-text.jar
8b1fd000-8b1ff000 r--s 00004000 08:03 287537     /home/jsg210/netbeans-6.1/platform8/modules/org-netbeans-modules-editor-mimelookup.jar
8b1ff000-8b201000 r--s 00019000 08:03 287722     /home/jsg210/netbeans-6.1/platform8/modules/org-openide-windows.jar
8b201000-8b20c000 r--s 00115000 08:03 286889     /home/jsg210/netbeans-6.1/platform8/modules/org-openide-explorer.jar
8b20c000-8b211000 r--s 00052000 08:03 286877     /home/jsg210/netbeans-6.1/platform8/modules/org-openide-nodes.jar
8b211000-8b214000 r--s 00021000 08:03 287723     /home/jsg210/netbeans-6.1/platform8/modules/org-openide-dialogs.jar
8b214000-8b216000 r--s 0000b000 08:03 287676     /home/jsg210/netbeans-6.1/platform8/modules/org-netbeans-api-progress.jar
8b216000-8b217000 r--s 0001c000 08:03 287704     /home/jsg210/netbeans-6.1/platform8/modules/ext/swing-layout-1.0.3.jar
8b217000-8b218000 r--s 00000000 08:03 287727     /home/jsg210/netbeans-6.1/platform8/modules/org-jdesktop-layout.jar
8b218000-8b21c000 r--s 00054000 08:03 287755     /home/jsg210/netbeans-6.1/platform8/modules/org-openide-awt.jar
8b21c000-8b2a7000 rw-s 00000000 00:09 9306119    /SYSV00000000 (deleted)
8b2a7000-8b2cf000 rw-s 00000000 00:09 9273348    /SYSV00000000 (deleted)
8b2cf000-8b31b000 r--p 00000000 08:02 1124679    /var/cache/libx11/compose/l4_024_313cb605_00280cc0
8b31b000-8b36f000 rwxp 8b31b000 00:00 0 
8b36f000-8b3c0000 rwxp 8b36f000 00:00 0 
8b3c0000-8b40e000 rwxp 8b3c0000 00:00 0 
8b40e000-8b412000 r-xp 00000000 08:02 634990     /usr/lib/libXfixes.so.3.1.0
8b412000-8b413000 r--p 00003000 08:02 634990     /usr/lib/libXfixes.so.3.1.0
8b413000-8b414000 rw-p 00004000 08:02 634990     /usr/lib/libXfixes.so.3.1.0
8b414000-8b41c000 r-xp 00000000 08:02 634981     /usr/lib/libXcursor.so.1.0.2
8b41c000-8b41d000 r--p 00007000 08:02 634981     /usr/lib/libXcursor.so.1.0.2
8b41d000-8b41e000 rw-p 00008000 08:02 634981     /usr/lib/libXcursor.so.1.0.2
8b41e000-8b425000 r--s 00000000 08:02 1126384    /var/cache/fontconfig/77e41c5059666d75f92e318d4be8c21e-x86.cache-2
8b425000-8b429000 r--s 00000000 08:02 1126024    /var/cache/fontconfig/c16af864172909159ced9a806109b5c1-x86.cache-2
8b429000-8b42c000 r--s 00000000 08:02 1126390    /var/cache/fontconfig/e8f57fabc4e232f9607bdc8fbe43225c-x86.cache-2
8b42c000-8b42f000 r--s 00000000 08:02 1126175    /var/cache/fontconfig/7d1da13f417e58a363659dbbdaa33aa0-x86.cache-2
8b42f000-8b430000 r--s 00000000 08:02 1126174    /var/cache/fontconfig/b6bbb9f898b73777cfe763014a8c08d3-x86.cache-2
8b430000-8b453000 r--s 00000000 08:02 1126238    /var/cache/fontconfig/8d4af663993b81a124ee82e610bb31f9-x86.cache-2
8b453000-8b499000 r--s 00000000 08:02 1126234    /var/cache/fontconfig/df311e82a1a24c41a75c2c930223552e-x86.cache-2
8b499000-8b4df000 r--s 00000000 08:02 1126235    /var/cache/fontconfig/17090aa38d5c6f09fb8c5c354938f1d7-x86.cache-2
8b4df000-8b544000 r--s 00000000 08:02 1126001    /var/cache/fontconfig/7ef2298fde41cc6eeb7af42e48b7d293-x86.cache-2
8b544000-8b549000 r--s 00000000 08:02 1126232    /var/cache/fontconfig/d62e99ef547d1d24cdb1bd22ec1a2976-x86.cache-2
8b549000-8b551000 r-xp 00000000 08:02 634991     /usr/lib/libXrender.so.1.3.0
8b551000-8b552000 r--p 00007000 08:02 634991     /usr/lib/libXrender.so.1.3.0
8b552000-8b553000 rw-p 00008000 08:02 634991     /usr/lib/libXrender.so.1.3.0
8b553000-8b57f000 r-xp 00000000 08:02 980622     /usr/lib/jvm/java-1.6.0-openjdk-1.2_b09/jre/lib/i386/liblcms.so
8b57f000-8b580000 r--p 0002b000 08:02 980622     /usr/lib/jvm/java-1.6.0-openjdk-1.2_b09/jre/lib/i386/liblcms.so
8b580000-8b581000 rw-p 0002c000 08:02 980622     /usr/lib/jvm/java-1.6.0-openjdk-1.2_b09/jre/lib/i386/liblcms.so
8b581000-8b584000 rw-p 8b581000 00:00 0 
8b584000-8b58a000 r--s 000fd000 08:02 980643     /usr/lib/jvm/java-1.6.0-openjdk-1.2_b09/jre/lib/resources.jar
8b58a000-8b593000 r-xp 00000000 08:02 980617     /usr/lib/jvm/java-1.6.0-openjdk-1.2_b09/jre/lib/i386/libjpeg.so
8b593000-8b594000 r--p 00008000 08:02 980617     /usr/lib/jvm/java-1.6.0-openjdk-1.2_b09/jre/lib/i386/libjpeg.so
8b594000-8b595000 rw-p 00009000 08:02 980617     /usr/lib/jvm/java-1.6.0-openjdk-1.2_b09/jre/lib/i386/libjpeg.so
8b595000-8b59c000 r-xp 00000000 08:02 980626     /usr/lib/jvm/java-1.6.0-openjdk-1.2_b09/jre/lib/i386/libnio.so
8b59c000-8b59d000 r--p 00006000 08:02 980626     /usr/lib/jvm/java-1.6.0-openjdk-1.2_b09/jre/lib/i386/libnio.so
8b59d000-8b59e000 rw-p 00007000 08:02 980626     /usr/lib/jvm/java-1.6.0-openjdk-1.2_b09/jre/lib/i386/libnio.so
8b59e000-8b5ef000 rwxp 8b59e000 00:00 0 
8b5ef000-8b5fb000 r-xp 00000000 08:02 911138     /lib/libgcc_s.so.1
8b5fb000-8b5fc000 r--p 0000b000 08:02 911138     /lib/libgcc_s.so.1
8b5fc000-8b5fd000 rw-p 0000c000 08:02 911138     /lib/libgcc_s.so.1
8b5fd000-8b66c000 r-xp 00000000 08:02 1077051    /usr/lib/libfreetype.so.6.3.16
8b66c000-8b66f000 r--p 0006f000 08:02 1077051    /usr/lib/libfreetype.so.6.3.16
8b66f000-8b670000 rw-p 00072000 08:02 1077051    /usr/lib/libfreetype.so.6.3.16
8b670000-8b6b3000 r-xp 00000000 08:02 980606     /usr/lib/jvm/java-1.6.0-openjdk-1.2_b09/jre/lib/i386/libfontmanager.so
8b6b3000-8b6b5000 r--p 00042000 08:02 980606     /usr/lib/jvm/java-1.6.0-openjdk-1.2_b09/jre/lib/i386/libfontmanager.so
8b6b5000-8b6b6000 rw-p 00044000 08:02 980606     /usr/lib/jvm/java-1.6.0-openjdk-1.2_b09/jre/lib/i386/libfontmanager.so
8b6b6000-8b6ba000 rw-p 8b6b6000 00:00 0 
8b6ba000-8b6d1000 r-xp 00000000 08:02 634286     /usr/lib/libxcb.so.1.0.0
8b6d1000-8b6d2000 r--p 00016000 08:02 634286     /usr/lib/libxcb.so.1.0.0
8b6d2000-8b6d3000 rw-p 00017000 08:02 634286     /usr/lib/libxcb.so.1.0.0
8b6d3000-8b6da000 r-xp 00000000 08:02 635026     /usr/lib/libXi.so.6.0.0
8b6da000-8b6db000 r--p 00006000 08:02 635026     /usr/lib/libXi.so.6.0.0
8b6db000-8b6dc000 rw-p 00007000 08:02 635026     /usr/lib/libXi.so.6.0.0
8b6dc000-8b7f9000 r-xp 00000000 08:02 634044     /usr/lib/libX11.so.6.2.0
8b7f9000-8b7fa000 r--p 0011c000 08:02 634044     /usr/lib/libX11.so.6.2.0
8b7fa000-8b7fd000 rw-p 0011d000 08:02 634044     /usr/lib/libX11.so.6.2.0
8b7fd000-8b80a000 r-xp 00000000 08:02 634285     /usr/lib/libXext.so.6.4.0
8b80a000-8b80b000 r--p 0000c000 08:02 634285     /usr/lib/libXext.so.6.4.0
8b80b000-8b80c000 rw-p 0000d000 08:02 634285     /usr/lib/libXext.so.6.4.0
8b80c000-8b84c000 r-xp 00000000 08:02 996993     /usr/lib/jvm/java-1.6.0-openjdk-1.2_b09/jre/lib/i386/xawt/libmawt.so
8b84c000-8b84d000 r--p 00040000 08:02 996993     /usr/lib/jvm/java-1.6.0-openjdk-1.2_b09/jre/lib/i386/xawt/libmawt.so
8b84d000-8b84f000 rw-p 00041000 08:02 996993     /usr/lib/jvm/java-1.6.0-openjdk-1.2_b09/jre/lib/i386/xawt/libmawt.so
8b84f000-8b850000 rw-p 8b84f000 00:00 0 
8b850000-8b8d4000 r-xp 00000000 08:02 980604     /usr/lib/jvm/java-1.6.0-openjdk-1.2_b09/jre/lib/i386/libawt.so
8b8d4000-8b8d5000 r--p 00084000 08:02 980604     /usr/lib/jvm/java-1.6.0-openjdk-1.2_b09/jre/lib/i386/libawt.so
8b8d5000-8b8dc000 rw-p 00085000 08:02 980604     /usr/lib/jvm/java-1.6.0-openjdk-1.2_b09/jre/lib/i386/libawt.so
8b8dc000-8ba00000 rw-p 8b8dc000 00:00 0 
8ba00000-8ba01000 r--s 00007000 08:03 698778     /home/jsg210/NetBeansProjects/MPUR/build/cluster/modules/nl-vu-nat-tgmodels.jar
8ba01000-8ba02000 r--p 8ba01000 00:00 0 
8ba02000-8ba03000 r-xp 00000000 08:02 634321     /usr/lib/libxcb-xlib.so.0.0.0
8ba03000-8ba04000 r--p 00000000 08:02 634321     /usr/lib/libxcb-xlib.so.0.0.0
8ba04000-8ba05000 rw-p 00001000 08:02 634321     /usr/lib/libxcb-xlib.so.0.0.0
8ba05000-8ba09000 r-xp 00000000 08:02 635103     /usr/lib/libXtst.so.6.1.0
8ba09000-8ba0a000 r--p 00004000 08:02 635103     /usr/lib/libXtst.so.6.1.0
8ba0a000-8ba0b000 rw-p 00005000 08:02 635103     /usr/lib/libXtst.so.6.1.0
8ba0b000-8ba0e000 ---p 8ba0b000 00:00 0 
8ba0e000-8ba5c000 rwxp 8ba0e000 00:00 0 
8ba5c000-8ba5f000 rwxp 8ba5c000 00:00 0 
8ba5f000-8bab0000 rwxp 8ba5f000 00:00 0 
8bab0000-8bb01000 rwxp 8bab0000 00:00 0 
8bb01000-8bb4f000 rwxp 8bb01000 00:00 0 
8bb4f000-8bb88000 rw-p 8bb4f000 00:00 0 
8bb88000-8bb9c000 r-xp 00000000 08:02 980625     /usr/lib/jvm/java-1.6.0-openjdk-1.2_b09/jre/lib/i386/libnet.so
8bb9c000-8bb9d000 r--p 00013000 08:02 980625     /usr/lib/jvm/java-1.6.0-openjdk-1.2_b09/jre/lib/i386/libnet.so
8bb9d000-8bb9e000 rw-p 00014000 08:02 980625     /usr/lib/jvm/java-1.6.0-openjdk-1.2_b09/jre/lib/i386/libnet.so
8bb9e000-8bbfa000 r--s 00b4b000 08:02 1144787    /usr/lib/jvm/java-1.6.0-openjdk-1.2_b09/lib/tools.jar
8bbfa000-8bc4b000 rwxp 8bbfa000 00:00 0 
8bc4b000-8bc4c000 ---p 8bc4b000 00:00 0 
8bc4c000-8bccf000 rwxp 8bc4c000 00:00 0 
8bccf000-8bd1d000 rwxp 8bccf000 00:00 0 
8bd1d000-8bd1e000 ---p 8bd1d000 00:00 0 
8bd1e000-8bd9e000 rwxp 8bd1e000 00:00 0 
8bd9e000-8bd9f000 ---p 8bd9e000 00:00 0 
8bd9f000-8be22000 rwxp 8bd9f000 00:00 0 
8be22000-8be70000 rwxp 8be22000 00:00 0 
8be70000-8beaf000 r--p 00000000 08:02 657271     /usr/lib/locale/en_US.utf8/LC_CTYPE
8beaf000-8bf00000 rwxp 8beaf000 00:00 0 
8bf00000-8bfd1000 rw-p 8bf00000 00:00 0 
8bfd1000-8c000000 ---p 8bfd1000 00:00 0 
8c000000-8c001000 r--s 00000000 08:02 1126228    /var/cache/fontconfig/cf6c88e680607f2ab796171745f068a4-x86.cache-2
8c001000-8c003000 r-xp 00000000 08:02 634243     /usr/lib/libXau.so.6.0.0
8c003000-8c004000 r--p 00001000 08:02 634243     /usr/lib/libXau.so.6.0.0
8c004000-8c005000 rw-p 00002000 08:02 634243     /usr/lib/libXau.so.6.0.0
8c005000-8c00b000 r--s 0001f000 08:02 1144782    /usr/lib/jvm/java-1.6.0-openjdk-1.2_b09/lib/dt.jar
8c00b000-8c00c000 r--s 00000000 08:03 287683     /home/jsg210/netbeans-6.1/platform8/lib/locale/org-openide-util_zh_CN.jar
8c00c000-8c00d000 r--s 00000000 08:03 287684     /home/jsg210/netbeans-6.1/platform8/lib/locale/org-openide-util_pt_BR.jar
8c00d000-8c00e000 r--s 00000000 08:03 287706     /home/jsg210/netbeans-6.1/platform8/lib/locale/org-openide-util_ja.jar
8c00e000-8c00f000 r--s 00000000 08:03 287652     /home/jsg210/netbeans-6.1/platform8/lib/locale/org-openide-modules_zh_CN.jar
8c00f000-8c010000 r--s 00000000 08:03 287653     /home/jsg210/netbeans-6.1/platform8/lib/locale/org-openide-modules_pt_BR.jar
8c010000-8c011000 r--s 00000000 08:03 287685     /home/jsg210/netbeans-6.1/platform8/lib/locale/org-openide-modules_ja.jar
8c011000-8c012000 r--s 00000000 08:03 287768     /home/jsg210/netbeans-6.1/platform8/lib/locale/boot_zh_CN.jar
8c012000-8c013000 r--s 00000000 08:03 287767     /home/jsg210/netbeans-6.1/platform8/lib/locale/boot_pt_BR.jar
8c013000-8c019000 r--s 0008d000 08:03 287770     /home/jsg210/netbeans-6.1/platform8/lib/org-openide-util.jar
8c019000-8c01b000 r--s 00004000 08:03 287757     /home/jsg210/netbeans-6.1/platform8/lib/org-openide-modules.jar
8c01b000-8c01c000 r--s 00000000 08:03 287869     /home/jsg210/netbeans-6.1/nb6.1/core/locale/core_nb_zh_CN.jar
8c01c000-8c01d000 r--s 0003b000 08:03 287874     /home/jsg210/netbeans-6.1/nb6.1/core/locale/core_nb.jar
8c01d000-8c01e000 r--s 00000000 08:03 287842     /home/jsg210/netbeans-6.1/nb6.1/core/locale/org-netbeans-upgrader_zh_CN.jar
8c01e000-8c01f000 r--s 00000000 08:03 287872     /home/jsg210/netbeans-6.1/nb6.1/core/locale/core_nb_ja.jar
8c01f000-8c020000 r--s 00000000 08:03 287841     /home/jsg210/netbeans-6.1/nb6.1/core/locale/org-netbeans-upgrader_pt_BR.jar
8c020000-8c021000 r--s 00000000 08:03 287870     /home/jsg210/netbeans-6.1/nb6.1/core/locale/core_nb_pt_BR.jar
8c021000-8c022000 r--s 00000000 08:03 287848     /home/jsg210/netbeans-6.1/nb6.1/core/locale/org-netbeans-upgrader_ja.jar
8c022000-8c025000 r--s 00044000 08:03 287865     /home/jsg210/netbeans-6.1/nb6.1/core/org-netbeans-upgrader.jar
8c025000-8c026000 r--s 00000000 08:03 287580     /home/jsg210/netbeans-6.1/platform8/core/locale/org-openide-filesystems_zh_CN.jar
8c026000-8c027000 r--s 00000000 08:03 287761     /home/jsg210/netbeans-6.1/platform8/core/locale/core_zh_CN.jar
8c027000-8c028000 r--s 00000000 08:03 287614     /home/jsg210/netbeans-6.1/platform8/core/locale/org-openide-filesystems_ja.jar
8c028000-8c029000 r--s 00000000 08:03 287772     /home/jsg210/netbeans-6.1/platform8/core/locale/core_ja.jar
8c029000-8c02a000 r--s 00000000 08:03 287579     /home/jsg210/netbeans-6.1/platform8/core/locale/org-openide-filesystems_pt_BR.jar
8c02a000-8c02b000 r--s 00000000 08:03 287762     /home/jsg210/netbeans-6.1/platform8/core/locale/core_pt_BR.jar
8c02b000-8c030000 r--s 00070000 08:03 287717     /home/jsg210/netbeans-6.1/platform8/core/org-openide-filesystems.jar
8c030000-8c035000 r--s 00091000 08:03 287777     /home/jsg210/netbeans-6.1/platform8/core/core.jar
8c035000-8c03e000 r--s 00065000 08:02 980591     /usr/lib/jvm/java-1.6.0-openjdk-1.2_b09/jre/lib/ext/gnome-java-bridge.jar
8c03e000-8c08f000 rwxp 8c03e000 00:00 0 
8c08f000-8c090000 ---p 8c08f000 00:00 0 
8c090000-8c110000 rwxp 8c090000 00:00 0 
8c110000-8c142000 rw-p 8c110000 00:00 0 
8c142000-8c2cd000 r--s 0334e000 08:02 980644     /usr/lib/jvm/java-1.6.0-openjdk-1.2_b09/jre/lib/rt.jar
8c2cd000-8c2ce000 ---p 8c2cd000 00:00 0 
8c2ce000-8c34e000 rwxp 8c2ce000 00:00 0 
8c34e000-8c34f000 ---p 8c34e000 00:00 0 
8c34f000-8c3e0000 rwxp 8c34f000 00:00 0 
8c3e0000-8c40f000 rwxp 8c3e0000 00:00 0 
8c40f000-8c41e000 rwxp 8c40f000 00:00 0 
8c41e000-8c4f1000 rwxp 8c41e000 00:00 0 
8c4f1000-8c502000 rwxp 8c4f1000 00:00 0 
8c502000-8c531000 rwxp 8c502000 00:00 0 
8c531000-8c540000 rwxp 8c531000 00:00 0 
8c540000-8c612000 rwxp 8c540000 00:00 0 
8c612000-8c62f000 rwxp 8c612000 00:00 0 
8c62f000-8e7f0000 rwxp 8c62f000 00:00 0 
8e7f0000-94630000 rwxp 8e7f0000 00:00 0 
94630000-96260000 rwxp 94630000 00:00 0 
96260000-b09c0000 rwxp 96260000 00:00 0 
b09c0000-b4230000 rwxp b09c0000 00:00 0 
b4230000-b4231000 r--s 00000000 08:03 287776     /home/jsg210/netbeans-6.1/platform8/lib/locale/boot_ja.jar
b4231000-b4235000 r--s 00079000 08:02 980635     /usr/lib/jvm/java-1.6.0-openjdk-1.2_b09/jre/lib/jsse.jar
b4235000-b4237000 r--s 0003b000 08:03 287778     /home/jsg210/netbeans-6.1/platform8/lib/boot.jar
b4237000-b423e000 r--s 00000000 08:02 634345     /usr/lib/gconv/gconv-modules.cache
b423e000-b424b000 rwxp b423e000 00:00 0 
b424b000-b42fe000 rwxp b424b000 00:00 0 
b42fe000-b460e000 rwxp b42fe000 00:00 0 
b460e000-b72fe000 rwxp b460e000 00:00 0 
b72fe000-b7305000 r-xp 00000000 08:02 980633     /usr/lib/jvm/java-1.6.0-openjdk-1.2_b09/jre/lib/i386/libzip.so
b7305000-b7306000 r--p 00006000 08:02 980633     /usr/lib/jvm/java-1.6.0-openjdk-1.2_b09/jre/lib/i386/libzip.so
b7306000-b7307000 rw-p 00007000 08:02 980633     /usr/lib/jvm/java-1.6.0-openjdk-1.2_b09/jre/lib/i386/libzip.so
b7307000-b732b000 r-xp 00000000 08:02 980613     /usr/lib/jvm/java-1.6.0-openjdk-1.2_b09/jre/lib/i386/libjava.so
b732b000-b732c000 r--p 00023000 08:02 980613     /usr/lib/jvm/java-1.6.0-openjdk-1.2_b09/jre/lib/i386/libjava.so
b732c000-b732e000 rw-p 00024000 08:02 980613     /usr/lib/jvm/java-1.6.0-openjdk-1.2_b09/jre/lib/i386/libjava.so
b732e000-b733a000 r-xp 00000000 08:02 980632     /usr/lib/jvm/java-1.6.0-openjdk-1.2_b09/jre/lib/i386/libverify.so
b733a000-b733b000 r--p 0000c000 08:02 980632     /usr/lib/jvm/java-1.6.0-openjdk-1.2_b09/jre/lib/i386/libverify.so
b733b000-b733c000 rw-p 0000d000 08:02 980632     /usr/lib/jvm/java-1.6.0-openjdk-1.2_b09/jre/lib/i386/libverify.so
b733c000-b7344000 rw-s 00000000 08:02 1297600    /tmp/hsperfdata_jsg210/24559
b7344000-b734d000 r-xp 00000000 08:02 911451     /lib/libnss_files-2.8.so
b734d000-b734e000 r--p 00008000 08:02 911451     /lib/libnss_files-2.8.so
b734e000-b734f000 rw-p 00009000 08:02 911451     /lib/libnss_files-2.8.so
b734f000-b7357000 r-xp 00000000 08:02 911438     /lib/libnss_nis-2.8.so
b7357000-b7358000 r--p 00007000 08:02 911438     /lib/libnss_nis-2.8.so
b7358000-b7359000 rw-p 00008000 08:02 911438     /lib/libnss_nis-2.8.so
b7359000-b7360000 r-xp 00000000 08:02 911405     /lib/libnss_compat-2.8.so
b7360000-b7361000 r--p 00006000 08:02 911405     /lib/libnss_compat-2.8.so
b7361000-b7362000 rw-p 00007000 08:02 911405     /lib/libnss_compat-2.8.so
b7362000-b7375000 r-xp 00000000 08:02 911213     /lib/libnsl-2.8.so
b7375000-b7376000 r--p 00012000 08:02 911213     /lib/libnsl-2.8.so
b7376000-b7377000 rw-p 00013000 08:02 911213     /lib/libnsl-2.8.so
b7377000-b7379000 rw-p b7377000 00:00 0 
b7379000-b7380000 r-xp 00000000 08:02 996988     /usr/lib/jvm/java-1.6.0-openjdk-1.2_b09/jre/lib/i386/native_threads/libhpi.so
b7380000-b7381000 r--p 00006000 08:02 996988     /usr/lib/jvm/java-1.6.0-openjdk-1.2_b09/jre/lib/i386/native_threads/libhpi.so
b7381000-b7382000 rw-p 00007000 08:02 996988     /usr/lib/jvm/java-1.6.0-openjdk-1.2_b09/jre/lib/i386/native_threads/libhpi.so
b7382000-b7383000 rwxp b7382000 00:00 0 
b7383000-b7384000 r--p b7383000 00:00 0 
b7384000-b738b000 r-xp 00000000 08:02 911401     /lib/librt-2.8.so
b738b000-b738c000 r--p 00006000 08:02 911401     /lib/librt-2.8.so
b738c000-b738d000 rw-p 00007000 08:02 911401     /lib/librt-2.8.so
b738d000-b738e000 ---p b738d000 00:00 0 
b738e000-b73de000 rwxp b738e000 00:00 0 
b73de000-b7402000 r-xp 00000000 08:02 911450     /lib/libm-2.8.so
b7402000-b7403000 r--p 00023000 08:02 911450     /lib/libm-2.8.so
b7403000-b7404000 rw-p 00024000 08:02 911450     /lib/libm-2.8.so
b7404000-b7994000 r-xp 00000000 08:02 996991     /usr/lib/jvm/java-1.6.0-openjdk-1.2_b09/jre/lib/i386/server/libjvm.so
b7994000-b79d1000 r--p 0058f000 08:02 996991     /usr/lib/jvm/java-1.6.0-openjdk-1.2_b09/jre/lib/i386/server/libjvm.so
b79d1000-b79df000 rw-p 005cc000 08:02 996991     /usr/lib/jvm/java-1.6.0-openjdk-1.2_b09/jre/lib/i386/server/libjvm.so
b79df000-b7e01000 rw-p b79df000 00:00 0 
b7e01000-b7f3e000 r-xp 00000000 08:02 911440     /lib/libc-2.8.so
b7f3e000-b7f40000 r--p 0013d000 08:02 911440     /lib/libc-2.8.so
b7f40000-b7f41000 rw-p 0013f000 08:02 911440     /lib/libc-2.8.so
b7f41000-b7f44000 rw-p b7f41000 00:00 0 
b7f44000-b7f46000 r-xp 00000000 08:02 911445     /lib/libdl-2.8.so
b7f46000-b7f47000 r--p 00001000 08:02 911445     /lib/libdl-2.8.so
b7f47000-b7f48000 rw-p 00002000 08:02 911445     /lib/libdl-2.8.so
b7f48000-b7f49000 rw-p b7f48000 00:00 0 
b7f49000-b7f4d000 r-xp 00000000 08:02 996986     /usr/lib/jvm/java-1.6.0-openjdk-1.2_b09/jre/lib/i386/jli/libjli.so
b7f4d000-b7f4e000 r--p 00003000 08:02 996986     /usr/lib/jvm/java-1.6.0-openjdk-1.2_b09/jre/lib/i386/jli/libjli.so
b7f4e000-b7f4f000 rw-p 00004000 08:02 996986     /usr/lib/jvm/java-1.6.0-openjdk-1.2_b09/jre/lib/i386/jli/libjli.so
b7f4f000-b7f63000 r-xp 00000000 08:02 911141     /lib/libpthread-2.8.so
b7f63000-b7f64000 r--p 00013000 08:02 911141     /lib/libpthread-2.8.so
b7f64000-b7f65000 rw-p 00014000 08:02 911141     /lib/libpthread-2.8.so
b7f65000-b7f67000 rw-p b7f65000 00:00 0 
b7f67000-b7f79000 r-xp 00000000 08:02 911226     /lib/libz.so.1.2.3
b7f79000-b7f7a000 r--p 00011000 08:02 911226     /lib/libz.so.1.2.3
b7f7a000-b7f7b000 rw-p 00012000 08:02 911226     /lib/libz.so.1.2.3
b7f7b000-b7f7c000 rw-p b7f7b000 00:00 0 
b7f7c000-b7f97000 r-xp 00000000 08:02 917208     /lib/ld-2.8.so
b7f97000-b7f98000 r--p 0001a000 08:02 917208     /lib/ld-2.8.so
b7f98000-b7f99000 rw-p 0001b000 08:02 917208     /lib/ld-2.8.so
bfc83000-bfc98000 rwxp bffea000 00:00 0          [stack]
bfc98000-bfc99000 rw-p bffff000 00:00 0 
ffffe000-fffff000 r-xp 00000000 00:00 0          [vdso]

VM Arguments:
jvm_args: -Djdk.home=/usr/lib/jvm/java-1.6.0-openjdk-1.2_b09 -Dnetbeans.dirs=/home/jsg210/NetBeansProjects/MPUR/build/cluster:/home/jsg210/netbeans-6.1/ide9:/home/jsg210/netbeans-6.1/java2:/home/jsg210/netbeans-6.1/nb6.1:/home/jsg210/netbeans-6.1/xml2 -Dnetbeans.home=/home/jsg210/netbeans-6.1/platform8 -Dnetbeans.logger.console=true -ea 
java_command: org.netbeans.Main --userdir /home/jsg210/NetBeansProjects/MPUR/build/testuserdir --branding -
Launcher Type: SUN_STANDARD

Environment Variables:
JAVA_HOME=/usr/lib/jvm-exports/java-1.6.0-sun-1.6.0.u6
JRE_HOME=/usr/lib/jvm/java/jre
PATH=/usr/lib/mpi/gcc/openmpi/bin:/home/jsg210/bin:/usr/local/bin:/usr/bin:/bin:/usr/bin/X11:/usr/X11R6/bin:/usr/games:/opt/kde3/bin:/usr/lib/mit/bin:/usr/lib/mit/sbin:/usr/NX/bin:/usr/lib/qt3/bin:/usr/sbin
LD_LIBRARY_PATH=/usr/lib/jvm/java-1.6.0-openjdk-1.2_b09/jre/lib/i386/server:/usr/lib/jvm/java-1.6.0-openjdk-1.2_b09/jre/lib/i386:/usr/lib/jvm/java-1.6.0-openjdk-1.2_b09/jre/../lib/i386:/usr/lib/jvm/java-1.6.0-openjdk-1.2_b09/jre/lib/i386/client:/usr/lib/jvm/java-1.6.0-openjdk-1.2_b09/jre/lib/i386:/usr/lib/jvm/java-1.6.0-openjdk-1.2_b09/jre/../lib/i386:/usr/lib/mpi/gcc/openmpi/lib::/usr/lib/R/library/rJava/jri:/usr/lib/R/lib:/usr/lib/R/lib:/usr/lib/R/bin:/usr/lib/jvm/java-1.6.0-openjdk-1.2_b09/jre/lib/i386/server:/usr/lib/jvm/java-1.6.0-openjdk-1.2_b09/jre/lib/i386:/usr/lib/jvm/java-1.6.0-openjdk-1.2_b09/jre/../lib/i386:/usr/lib/mpi/gcc/openmpi/lib::/usr/java/packages/lib/i386:/lib:/usr/lib
SHELL=/bin/bash
DISPLAY=:0.0
HOSTTYPE=i386
OSTYPE=linux
MACHTYPE=i686-suse-linux

Signal Handlers:
SIGSEGV: [libjvm.so+0x529830], sa_mask[0]=0x7ffbfeff, sa_flags=0x10000004
SIGBUS: [libjvm.so+0x529830], sa_mask[0]=0x7ffbfeff, sa_flags=0x10000004
SIGFPE: [libjvm.so+0x42d350], sa_mask[0]=0x7ffbfeff, sa_flags=0x10000004
SIGPIPE: SIG_IGN, sa_mask[0]=0x00001000, sa_flags=0x10000000
SIGXFSZ: [libjvm.so+0x42d350], sa_mask[0]=0x7ffbfeff, sa_flags=0x10000004
SIGILL: [libjvm.so+0x42d350], sa_mask[0]=0x7ffbfeff, sa_flags=0x10000004
SIGUSR1: SIG_DFL, sa_mask[0]=0x00000000, sa_flags=0x00000000
SIGUSR2: [libjvm.so+0x42cd00], sa_mask[0]=0x00000004, sa_flags=0x10000004
SIGHUP: [libjvm.so+0x42eec0], sa_mask[0]=0x7ffbfeff, sa_flags=0x10000004
SIGINT: SIG_IGN, sa_mask[0]=0x00000000, sa_flags=0x00000000
SIGTERM: [libjvm.so+0x42eec0], sa_mask[0]=0x7ffbfeff, sa_flags=0x10000004
SIGQUIT: [libjvm.so+0x42eec0], sa_mask[0]=0x7ffbfeff, sa_flags=0x10000004


---------------  S Y S T E M  ---------------

OS:openSUSE 11.0 (i586)
VERSION = 11.0

uname:Linux 2.6.25.11-0.1-default #1 SMP 2008-07-13 20:48:28 +0200 i686
libc:glibc 2.8 NPTL 2.8 
rlimit: STACK 8192k, CORE 0k, NPROC 16374, NOFILE 8192, AS 3342880k
load average:0.24 0.53 0.47

CPU:total 2 (2 cores per cpu, 1 threads per core) family 6 model 14 stepping 8, cmov, cx8, fxsr, mmx, sse, sse2, sse3

Memory: 4k page, physical 2074072k(58456k free), swap 2104472k(2104444k free)

vm_info: OpenJDK Server VM (1.6.0-b09) for linux-x86 JRE (1.6.0-b09), built on Jun  7 2008 06:42:03 by "abuild" with gcc 4.3.1 20080507 (prerelease) [gcc-4_3-branch revision 135036]

time: Wed Aug 13 06:49:39 2008
elapsed time: 211 seconds

