#
# A fatal error has been detected by the Java Runtime Environment:
#
#  SIGBUS (0x7) at pc=0x00007ff6ea664a4b, pid=6377, tid=140696148240656
#
# JRE version: 6.0_15-b03
# Java VM: Java HotSpot(TM) 64-Bit Server VM (14.1-b02 mixed mode linux-amd64 )
# Problematic frame:
# C  [libc.so.6+0x7fa4b]  memcpy+0x15b
#
# If you would like to submit a bug report, please visit:
#   http://java.sun.com/webapps/bugreport/crash.jsp
# The crash happened outside the Java Virtual Machine in native code.
# See problematic frame for where to report the bug.
#

---------------  T H R E A D  ---------------

Current thread (0x0000000040766000):  JavaThread "AWT-EventQueue-1" [_thread_in_native, id=6402, stack(0x00007ff65fdfe000,0x00007ff65feff000)]

siginfo:si_signo=SIGBUS: si_errno=0, si_code=2 (BUS_ADRERR), si_addr=0x00007ff664214000

Registers:
RAX=0x0000000000000014, RBX=0x0000000000007361, RCX=0x0000000000000e4d, RDX=0x0000000000007360
RSP=0x00007ff65fefb808, RBP=0x00007ff664213ed9, RSI=0x00007ff664214000, RDI=0x00007ff660310499
R8 =0x000000000000001c, R9 =0x00007ff660000070, R10=0x00007ff660000070, R11=0x0000000000007360
R12=0x00007ff660481a20, R13=0x0000000000007361, R14=0x0000000000007465, R15=0x0000000000006954
RIP=0x00007ff6ea664a4b, EFL=0x0000000000010216, CSGSFS=0x0000000000000033, ERR=0x0000000000000004
  TRAPNO=0x000000000000000e

Top of Stack: (sp=0x00007ff65fefb808)
0x00007ff65fefb808:   00007ff6e9009152 00007ff65fefb830
0x00007ff65fefb818:   00007ff658033368 00007ff658032cb0
0x00007ff65fefb828:   0000000000000000 00000000466e22ad
0x00007ff65fefb838:   00007ff65fefb8a0 0000000000000033
0x00007ff65fefb848:   00007ff6e900939d 0000000040766000
0x00007ff65fefb858:   00007ff65fefb8a0 00000000407661b8
0x00007ff65fefb868:   0000000000000033 00007ff65fefbcf8
0x00007ff65fefb878:   0000000000000033 0000000000000001
0x00007ff65fefb888:   00007ff6e9001837 00007ff65fefb8a0
0x00007ff65fefb898:   00007ff658032cb0 746f6c672f67726f
0x00007ff65fefb8a8:   726f632f6e617261 732f6e69616d2f65
0x00007ff65fefb8b8:   6572757463757274 6573617461442f73
0x00007ff65fefb8c8:   6c632e706d695474 00007ff600737361
0x00007ff65fefb8d8:   0000000000000000 00007ff65fefba70
0x00007ff65fefb8e8:   00007ff6e9ed9f24 0000000000000000
0x00007ff65fefb8f8:   00007ff6604adda0 0000000000000000
0x00007ff65fefb908:   0000000000000000 0000000000000000
0x00007ff65fefb918:   00007ff6604ac2f8 00007ff65fefbd50
0x00007ff65fefb928:   00007ff6e9e8b2ae 00007ff6c02b1b58
0x00007ff65fefb938:   00007ff6c02b1ab8 00007ff65fefbd70
0x00007ff65fefb948:   00007ff6e9e8b2ae 00007ff65fefb870
0x00007ff65fefb958:   00007ff65fefb8b8 00007ff65fefb940
0x00007ff65fefb968:   0000000800000002 00007ff65fef0101
0x00007ff65fefb978:   0000000040766000 00007ff65fefb8a8
0x00007ff65fefb988:   00007ff6c02b2a10 00007ff65fefb971
0x00007ff65fefb998:   0000000800000001 00007ff65fefbdd0
0x00007ff65fefb9a8:   00007ff6e9e8b2ae 00007ff60000000c
0x00007ff65fefb9b8:   00007ff6c02b2320 00007ff6e6002d90
0x00007ff65fefb9c8:   00007ff600000000 00007ff65fefbdc0
0x00007ff65fefb9d8:   00007ff65fefbd70 00007ff65fefbdd0
0x00007ff65fefb9e8:   00007ff6e60038c9 00007ff6e6002d90
0x00007ff65fefb9f8:   00007ff600000000 00007ff65fefbe30 

Instructions: (pc=0x00007ff6ea664a4b)
0x00007ff6ea664a3b:   0f 47 da 4c 89 d9 49 83 e3 f8 48 c1 e9 03 74 05
0x00007ff6ea664a4b:   f3 48 a5 66 90 4c 29 da 48 f7 c2 f8 ff ff ff 75 

Stack: [0x00007ff65fdfe000,0x00007ff65feff000],  sp=0x00007ff65fefb808,  free space=1014k
Native frames: (J=compiled Java code, j=interpreted, Vv=VM code, C=native code)
C  [libc.so.6+0x7fa4b]  memcpy+0x15b

Java frames: (J=compiled Java code, j=interpreted, Vv=VM code)
J  java.util.zip.ZipFile.getEntry(JLjava/lang/String;Z)J
J  java.util.jar.JarFile.getEntry(Ljava/lang/String;)Ljava/util/zip/ZipEntry;
J  org.netbeans.JarClassLoader$JarSource.resource(Ljava/lang/String;)[B
j  org.netbeans.Archive.getData(Lorg/netbeans/JarClassLoader$JarSource;Ljava/lang/String;)[B+204
j  org.netbeans.JarClassLoader$JarSource.readClass(Ljava/lang/String;)[B+5
j  org.netbeans.JarClassLoader$Source.getClassData(Ljava/lang/String;)[B+2
j  org.netbeans.JarClassLoader.doLoadClass(Ljava/lang/String;Ljava/lang/String;)Ljava/lang/Class;+39
j  org.netbeans.ProxyClassLoader.selfLoadClass(Ljava/lang/String;Ljava/lang/String;)Ljava/lang/Class;+13
j  org.netbeans.ProxyClassLoader.loadClass(Ljava/lang/String;Z)Ljava/lang/Class;+292
j  java.lang.ClassLoader.loadClass(Ljava/lang/String;)Ljava/lang/Class;+3
j  java.lang.ClassLoader.loadClassInternal(Ljava/lang/String;)Ljava/lang/Class;+2
v  ~StubRoutines::call_stub
j  org.glotaran.core.ui.StartAnalysis.actionPerformed(Ljava/awt/event/ActionEvent;)V+117
j  org.openide.awt.AlwaysEnabledAction.actionPerformed(Ljava/awt/event/ActionEvent;)V+64
j  javax.swing.AbstractButton.fireActionPerformed(Ljava/awt/event/ActionEvent;)V+84
j  javax.swing.AbstractButton$Handler.actionPerformed(Ljava/awt/event/ActionEvent;)V+5
j  javax.swing.DefaultButtonModel.fireActionPerformed(Ljava/awt/event/ActionEvent;)V+35
j  javax.swing.DefaultButtonModel.setPressed(Z)V+117
j  javax.swing.plaf.basic.BasicButtonListener.mouseReleased(Ljava/awt/event/MouseEvent;)V+35
j  java.awt.AWTEventMulticaster.mouseReleased(Ljava/awt/event/MouseEvent;)V+21
j  java.awt.AWTEventMulticaster.mouseReleased(Ljava/awt/event/MouseEvent;)V+8
j  java.awt.Component.processMouseEvent(Ljava/awt/event/MouseEvent;)V+64
j  javax.swing.JComponent.processMouseEvent(Ljava/awt/event/MouseEvent;)V+23
j  java.awt.Component.processEvent(Ljava/awt/AWTEvent;)V+81
j  java.awt.Container.processEvent(Ljava/awt/AWTEvent;)V+18
j  java.awt.Component.dispatchEventImpl(Ljava/awt/AWTEvent;)V+562
j  java.awt.Container.dispatchEventImpl(Ljava/awt/AWTEvent;)V+42
j  java.awt.Component.dispatchEvent(Ljava/awt/AWTEvent;)V+2
j  java.awt.LightweightDispatcher.retargetMouseEvent(Ljava/awt/Component;ILjava/awt/event/MouseEvent;)V+320
j  java.awt.LightweightDispatcher.processMouseEvent(Ljava/awt/event/MouseEvent;)Z+139
j  java.awt.LightweightDispatcher.dispatchEvent(Ljava/awt/AWTEvent;)Z+50
j  java.awt.Container.dispatchEventImpl(Ljava/awt/AWTEvent;)V+12
j  java.awt.Window.dispatchEventImpl(Ljava/awt/AWTEvent;)V+19
j  java.awt.Component.dispatchEvent(Ljava/awt/AWTEvent;)V+2
j  java.awt.EventQueue.dispatchEvent(Ljava/awt/AWTEvent;)V+46
j  org.netbeans.core.TimableEventQueue.dispatchEvent(Ljava/awt/AWTEvent;)V+6
j  java.awt.EventDispatchThread.pumpOneEventForFilters(I)Z+204
j  java.awt.EventDispatchThread.pumpEventsForFilter(ILjava/awt/Conditional;Ljava/awt/EventFilter;)V+30
j  java.awt.EventDispatchThread.pumpEventsForHierarchy(ILjava/awt/Conditional;Ljava/awt/Component;)V+11
j  java.awt.EventDispatchThread.pumpEvents(ILjava/awt/Conditional;)V+4
j  java.awt.EventDispatchThread.pumpEvents(Ljava/awt/Conditional;)V+3
j  java.awt.EventDispatchThread.run()V+9
v  ~StubRoutines::call_stub

---------------  P R O C E S S  ---------------

Java Threads: ( => current thread )
  0x00007ff6604e8000 JavaThread "Inactive RequestProcessor thread [Was:System clipboard synchronizer/org.netbeans.core.NbClipboard]" daemon [_thread_blocked, id=6542, stack(0x00007ff666293000,0x00007ff666394000)]
  0x00007ff66009f000 JavaThread "DestroyJavaVM" [_thread_blocked, id=6378, stack(0x00007ff6e987c000,0x00007ff6e997d000)]
=>0x0000000040766000 JavaThread "AWT-EventQueue-1" [_thread_in_native, id=6402, stack(0x00007ff65fdfe000,0x00007ff65feff000)]
  0x000000004035b000 JavaThread "TimerQueue" daemon [_thread_blocked, id=6401, stack(0x00007ff664429000,0x00007ff66452a000)]
  0x0000000040150800 JavaThread "Thread-3" daemon [_thread_blocked, id=6400, stack(0x00007ff65feff000,0x00007ff660000000)]
  0x0000000040359800 JavaThread "AWT-Shutdown" [_thread_blocked, id=6398, stack(0x00007ff66452a000,0x00007ff66462b000)]
  0x00007ff660289000 JavaThread "AWT-XAWT" daemon [_thread_blocked, id=6397, stack(0x00007ff66462b000,0x00007ff66472c000)]
  0x00000000402f2000 JavaThread "Java2D Disposer" daemon [_thread_blocked, id=6396, stack(0x00007ff664e4f000,0x00007ff664f50000)]
  0x0000000040275000 JavaThread "Timer-0" daemon [_thread_blocked, id=6393, stack(0x00007ff666394000,0x00007ff666495000)]
  0x000000004025a800 JavaThread "CLI Requests Server" daemon [_thread_in_native, id=6392, stack(0x00007ff666495000,0x00007ff666596000)]
  0x00000000401a8800 JavaThread "Active Reference Queue Daemon" daemon [_thread_blocked, id=6391, stack(0x00007ff66676d000,0x00007ff66686e000)]
  0x00007ff660078800 JavaThread "Low Memory Detector" daemon [_thread_blocked, id=6389, stack(0x00007ff66696f000,0x00007ff666a70000)]
  0x00007ff660075800 JavaThread "CompilerThread1" daemon [_thread_blocked, id=6388, stack(0x00007ff666a70000,0x00007ff666b71000)]
  0x00007ff660073000 JavaThread "CompilerThread0" daemon [_thread_blocked, id=6387, stack(0x00007ff666b71000,0x00007ff666c72000)]
  0x00007ff660071000 JavaThread "Signal Dispatcher" daemon [_thread_blocked, id=6386, stack(0x00007ff666c72000,0x00007ff666d73000)]
  0x00007ff660053800 JavaThread "Finalizer" daemon [_thread_blocked, id=6385, stack(0x00007ff666db2000,0x00007ff666eb3000)]
  0x00007ff660051800 JavaThread "Reference Handler" daemon [_thread_blocked, id=6384, stack(0x00007ff666eb3000,0x00007ff666fb4000)]

Other Threads:
  0x00007ff66004b000 VMThread [stack: 0x00007ff666fb4000,0x00007ff6670b5000] [id=6383]
  0x00007ff66007b800 WatcherThread [stack: 0x00007ff66686e000,0x00007ff66696f000] [id=6390]

VM state:not at safepoint (normal execution)

VM Mutex/Monitor currently owned by a thread: None

Heap
 PSYoungGen      total 129024K, used 46148K [0x00007ff6bdb50000, 0x00007ff6c5e50000, 0x00007ff6e5ff0000)
  eden space 123904K, 33% used [0x00007ff6bdb50000,0x00007ff6c0451268,0x00007ff6c5450000)
  from space 5120K, 81% used [0x00007ff6c5950000,0x00007ff6c5d5ff88,0x00007ff6c5e50000)
  to   space 5120K, 0% used [0x00007ff6c5450000,0x00007ff6c5450000,0x00007ff6c5950000)
 PSOldGen        total 82560K, used 17533K [0x00007ff66d1f0000, 0x00007ff672290000, 0x00007ff6bdb50000)
  object space 82560K, 21% used [0x00007ff66d1f0000,0x00007ff66e30f6f0,0x00007ff672290000)
 PSPermGen       total 34304K, used 34256K [0x00007ff667df0000, 0x00007ff669f70000, 0x00007ff66d1f0000)
  object space 34304K, 99% used [0x00007ff667df0000,0x00007ff669f64250,0x00007ff669f70000)

Dynamic libraries:
40000000-40009000 r-xp 00000000 08:06 201378                             /usr/lib64/jvm/java-1.6.0-sun-1.6.0/bin/java
40108000-4010a000 rwxp 00008000 08:06 201378                             /usr/lib64/jvm/java-1.6.0-sun-1.6.0/bin/java
4010a000-423e0000 rwxp 00000000 00:00 0                                  [heap]
7ff658000000-7ff65a8c3000 rwxp 00000000 00:00 0 
7ff65a8c3000-7ff65c000000 ---p 00000000 00:00 0 
7ff65f419000-7ff65f41f000 r-xp 00000000 08:06 200421                     /usr/lib64/jvm/java-1.6.0-sun-1.6.0/jre/lib/amd64/libmanagement.so
7ff65f41f000-7ff65f51e000 ---p 00006000 08:06 200421                     /usr/lib64/jvm/java-1.6.0-sun-1.6.0/jre/lib/amd64/libmanagement.so
7ff65f51e000-7ff65f520000 rwxp 00005000 08:06 200421                     /usr/lib64/jvm/java-1.6.0-sun-1.6.0/jre/lib/amd64/libmanagement.so
7ff65f520000-7ff65f538000 r-xp 00000000 08:06 50869                      /tmp/jna3511838172860573976.tmp
7ff65f538000-7ff65f637000 ---p 00018000 08:06 50869                      /tmp/jna3511838172860573976.tmp
7ff65f637000-7ff65f638000 rwxp 00017000 08:06 50869                      /tmp/jna3511838172860573976.tmp
7ff65f638000-7ff65f639000 rwxp 00000000 00:00 0 
7ff65f639000-7ff65fafb000 rwxs 00000000 00:04 11010057                   /SYSV00000000 (deleted)
7ff65fafb000-7ff65fafe000 rwxp 00000000 00:00 0 
7ff65fafe000-7ff65fbfc000 rwxp 00000000 00:00 0 
7ff65fbfc000-7ff65fbff000 rwxp 00000000 00:00 0 
7ff65fbff000-7ff65fcfd000 rwxp 00000000 00:00 0 
7ff65fcfd000-7ff65fd00000 rwxp 00000000 00:00 0 
7ff65fd00000-7ff65fdfe000 rwxp 00000000 00:00 0 
7ff65fdfe000-7ff65fe01000 ---p 00000000 00:00 0 
7ff65fe01000-7ff65feff000 rwxp 00000000 00:00 0 
7ff65feff000-7ff65ff02000 ---p 00000000 00:00 0 
7ff65ff02000-7ff660000000 rwxp 00000000 00:00 0 
7ff660000000-7ff66082c000 rwxp 00000000 00:00 0 
7ff66082c000-7ff664000000 ---p 00000000 00:00 0 
7ff6640d3000-7ff6640da000 r-xs 00111000 08:06 200584                     /usr/lib64/jvm/java-1.6.0-sun-1.6.0/jre/lib/resources.jar
7ff6640da000-7ff6640e7000 r-xs 00000000 08:06 204818                     /var/cache/fontconfig/77e41c5059666d75f92e318d4be8c21e-x86-64.cache-2
7ff6640e7000-7ff664144000 r-xs 00000000 08:06 204815                     /var/cache/fontconfig/df311e82a1a24c41a75c2c930223552e-x86-64.cache-2
7ff664144000-7ff6641a1000 r-xs 00000000 08:06 204816                     /var/cache/fontconfig/17090aa38d5c6f09fb8c5c354938f1d7-x86-64.cache-2
7ff6641a5000-7ff6641a8000 r-xs 000cb000 08:06 200519                     /usr/lib64/jvm/java-1.6.0-sun-1.6.0/jre/lib/ext/localedata.jar
7ff6641a8000-7ff6641ad000 r-xs 00033000 08:07 32942                      /home/programs/Netbeans/netbeans-6.7.1/platform10/modules/org-netbeans-core-nativeaccess.jar
7ff6641ad000-7ff6641af000 r-xs 0003a000 08:07 33020                      /home/programs/Netbeans/netbeans-6.7.1/platform10/modules/org-netbeans-core-output2.jar
7ff6641af000-7ff6641b1000 r-xs 00010000 08:07 32915                      /home/programs/Netbeans/netbeans-6.7.1/platform10/modules/org-netbeans-modules-progress-ui.jar
7ff6641b1000-7ff6641b3000 r-xs 00023000 08:07 11117607                   /home/slk230/JavaProj/Glotaran/build/cluster/modules/org-glotaran-core-datadisplayers.jar
7ff6641b3000-7ff6641b4000 r-xs 00004000 08:07 11117558                   /home/slk230/JavaProj/Glotaran/build/cluster/modules/org-glotaran-flimdataloader.jar
7ff6641b4000-7ff6641bd000 r-xs 000be000 08:07 34163                      /home/programs/Netbeans/netbeans-6.7.1/ide11/modules/org-netbeans-modules-projectui.jar
7ff6641bd000-7ff6641bf000 r-xs 0001a000 08:07 33002                      /home/programs/Netbeans/netbeans-6.7.1/platform10/modules/org-netbeans-core-execution.jar
7ff6641bf000-7ff6641c0000 r-xs 00006000 08:07 33060                      /home/programs/Netbeans/netbeans-6.7.1/platform10/modules/org-openide-execution.jar
7ff6641c0000-7ff6641c2000 r-xs 0000c000 08:07 34375                      /home/programs/Netbeans/netbeans-6.7.1/ide11/modules/org-openidex-util.jar
7ff6641c2000-7ff6641c4000 r-xs 0000c000 08:07 32800                      /home/programs/Netbeans/netbeans-6.7.1/platform10/modules/org-netbeans-modules-editor-mimelookup-impl.jar
7ff6641c4000-7ff6641c6000 r-xs 0000f000 08:07 11117616                   /home/slk230/JavaProj/Glotaran/build/cluster/modules/org-glotaran-core-ui.jar
7ff6641c6000-7ff6641c7000 r-xs 00008000 08:07 11117615                   /home/slk230/JavaProj/Glotaran/build/cluster/modules/org-glotaran-timpcontroller.jar
7ff6641c7000-7ff6641c9000 r-xs 00013000 08:07 11117614                   /home/slk230/JavaProj/Glotaran/build/cluster/modules/org-rosuda.jar
7ff6641c9000-7ff6641cc000 r-xs 000be000 08:07 33118                      /home/programs/Netbeans/netbeans-6.7.1/platform10/modules/ext/jna-3.0.9.jar
7ff6641cc000-7ff6641cd000 r-xs 00000000 08:07 33061                      /home/programs/Netbeans/netbeans-6.7.1/platform10/modules/org-netbeans-libs-jna.jar
7ff6641cd000-7ff6641ce000 r-xs 00006000 08:07 11338694                   /home/slk230/JavaProj/Glotaran/build/cluster/modules/ext/RserveEngine.jar
7ff6641ce000-7ff6641d0000 r-xs 00006000 08:07 11338692                   /home/slk230/JavaProj/Glotaran/build/cluster/modules/ext/REngine.jar
7ff6641d0000-7ff6641d1000 r-xs 00000000 08:07 11117612                   /home/slk230/JavaProj/Glotaran/build/cluster/modules/org-rosuda-REngine.jar
7ff6641d1000-7ff6641d4000 r-xs 00030000 08:07 11117610                   /home/slk230/JavaProj/Glotaran/build/cluster/modules/org-glotaran-tgmfilesupport.jar
7ff6641d4000-7ff6641d9000 r-xs 0004a000 08:07 34011                      /home/programs/Netbeans/netbeans-6.7.1/ide11/modules/org-netbeans-modules-xml-multiview.jar
7ff6641d9000-7ff6641db000 r-xs 0001b000 08:07 34194                      /home/programs/Netbeans/netbeans-6.7.1/ide11/modules/org-netbeans-modules-xml-core.jar
7ff6641db000-7ff6641dd000 r-xs 00013000 08:07 34368                      /home/programs/Netbeans/netbeans-6.7.1/ide11/modules/org-netbeans-api-xml.jar
7ff6641dd000-7ff6641df000 r-xs 00000000 08:07 11117555                   /home/slk230/JavaProj/Glotaran/build/cluster/modules/org-glotaran-asciidataloader.jar
7ff6641df000-7ff6641e0000 r-xs 00008000 08:07 11338689                   /home/slk230/JavaProj/Glotaran/build/cluster/modules/ext/JRI.jar
7ff6641e0000-7ff6641e1000 r-xs 00000000 08:07 11117611                   /home/slk230/JavaProj/Glotaran/build/cluster/modules/org-rosuda-JRI.jar
7ff6641e1000-7ff6641e2000 r-xs 00007000 08:07 33048                      /home/programs/Netbeans/netbeans-6.7.1/platform10/modules/org-netbeans-core-io-ui.jar
7ff6641e2000-7ff6641e5000 r-xs 00020000 08:07 33001                      /home/programs/Netbeans/netbeans-6.7.1/platform10/modules/org-netbeans-core-multiview.jar
7ff6641e5000-7ff6641e7000 r-xs 00027000 08:07 11117578                   /home/slk230/JavaProj/Glotaran/build/cluster/modules/org-glotaran-core-resultdisplayers.jar
7ff6641e7000-7ff6641e9000 r-xs 0000a000 08:07 11117570                   /home/slk230/JavaProj/Glotaran/build/cluster/modules/org-glotaran-jfreechartcustom.jar
7ff6641e9000-7ff6641ea000 r-xs 00007000 08:07 11337905                   /home/slk230/JavaProj/Glotaran/build/cluster/modules/ext/batik-xml.jar
7ff6641ea000-7ff6641ee000 r-xs 00027000 08:07 11338065                   /home/slk230/JavaProj/Glotaran/build/cluster/modules/ext/batik-dom.jar
7ff6641ee000-7ff6641f3000 r-xs 00030000 08:07 11338003                   /home/slk230/JavaProj/Glotaran/build/cluster/modules/ext/batik-svggen.jar
7ff6641f3000-7ff6641f4000 r-xs 00002000 08:07 11338186                   /home/slk230/JavaProj/Glotaran/build/cluster/modules/ext/batik-ext.jar
7ff6641f4000-7ff6641f7000 r-xs 0001d000 08:07 11337904                   /home/slk230/JavaProj/Glotaran/build/cluster/modules/ext/batik-util.jar
7ff6641f7000-7ff6641fe000 r-xs 0005c000 08:07 11338067                   /home/slk230/JavaProj/Glotaran/build/cluster/modules/ext/batik-awt-util.jar
7ff6641fe000-7ff6641ff000 r-xs 00000000 08:07 11117504                   /home/slk230/JavaProj/Glotaran/build/cluster/modules/org-apache-batik.jar
7ff6641ff000-7ff664210000 r-xs 0014c000 08:07 11338670                   /home/slk230/JavaProj/Glotaran/build/cluster/modules/ext/jfreechart-1.0.13.jar
7ff664210000-7ff664211000 r-xs 00000000 08:07 11117561                   /home/slk230/JavaProj/Glotaran/build/cluster/modules/org-jfree-data.jar
7ff664211000-7ff664215000 r-xs 00039000 08:07 11117520                   /home/slk230/JavaProj/Glotaran/build/cluster/modules/org-glotaran-core-main.jar
7ff664215000-7ff664217000 r-xs 00007000 08:07 11338402                   /home/slk230/JavaProj/Glotaran/build/cluster/modules/ext/Jama-1.0.2.jar
7ff664217000-7ff664218000 r-xs 00000000 08:07 11117515                   /home/slk230/JavaProj/Glotaran/build/cluster/modules/org-glotaran-jama.jar
7ff664218000-7ff66421a000 r-xs 00009000 08:07 11117506                   /home/slk230/JavaProj/Glotaran/build/cluster/modules/org-glotaran-core-models.jar
7ff66421a000-7ff66421d000 r-xs 00011000 08:07 49187                      /home/programs/Netbeans/netbeans-6.7.1/java2/modules/ext/jaxws21/http.jar
7ff66421d000-7ff664222000 r-xs 0003e000 08:07 49166                      /home/programs/Netbeans/netbeans-6.7.1/java2/modules/ext/jaxws21/saaj-impl.jar
7ff664222000-7ff664224000 r-xs 00008000 08:07 49172                      /home/programs/Netbeans/netbeans-6.7.1/java2/modules/ext/jaxws21/mimepull.jar
7ff664224000-7ff664225000 r-xs 0000d000 08:07 49160                      /home/programs/Netbeans/netbeans-6.7.1/java2/modules/ext/jaxws21/streambuffer.jar
7ff664225000-7ff664226000 r-xs 00002000 08:07 49177                      /home/programs/Netbeans/netbeans-6.7.1/java2/modules/ext/jaxws21/stax-ex.jar
7ff664226000-7ff66422b000 r-xs 00042000 08:07 49161                      /home/programs/Netbeans/netbeans-6.7.1/java2/modules/ext/jaxws21/FastInfoset.jar
7ff66422b000-7ff664243000 r-xs 0011e000 08:07 49173                      /home/programs/Netbeans/netbeans-6.7.1/java2/modules/ext/jaxws21/jaxws-rt.jar
7ff664243000-7ff66424b000 r-xs 00073000 08:07 49162                      /home/programs/Netbeans/netbeans-6.7.1/java2/modules/ext/jaxws21/jaxws-tools.jar
7ff66424b000-7ff664250000 r-xs 0004c000 08:07 49185                      /home/programs/Netbeans/netbeans-6.7.1/java2/modules/ext/jaxws21/sjsxp.jar
7ff664250000-7ff664251000 r-xs 00003000 08:07 41369                      /home/programs/Netbeans/netbeans-6.7.1/java2/modules/org-netbeans-modules-websvc-jaxws21.jar
7ff664251000-7ff664252000 r-xs 00001000 08:07 49157                      /home/programs/Netbeans/netbeans-6.7.1/java2/modules/ext/jaxws21/api/jsr250-api.jar
7ff664252000-7ff664254000 r-xs 00003000 08:07 49159                      /home/programs/Netbeans/netbeans-6.7.1/java2/modules/ext/jaxws21/api/saaj-api.jar
7ff664254000-7ff664256000 r-xs 00007000 08:07 49158                      /home/programs/Netbeans/netbeans-6.7.1/java2/modules/ext/jaxws21/api/jaxws-api.jar
7ff664256000-7ff664257000 r-xs 00001000 08:07 49156                      /home/programs/Netbeans/netbeans-6.7.1/java2/modules/ext/jaxws21/api/jsr181-api.jar
7ff664257000-7ff664259000 r-xs 00000000 08:07 41300                      /home/programs/Netbeans/netbeans-6.7.1/java2/modules/org-netbeans-modules-websvc-jaxws21api.jar
7ff664259000-7ff66425c000 r-xs 00013000 08:07 40977                      /home/programs/Netbeans/netbeans-6.7.1/ide11/modules/ext/jaxb/api/jaxb-api.jar
7ff66425c000-7ff66425e000 r-xs 0000e000 08:07 40980                      /home/programs/Netbeans/netbeans-6.7.1/ide11/modules/ext/jaxb/activation.jar
7ff66425e000-7ff664270000 r-xs 000bd000 08:07 40981                      /home/programs/Netbeans/netbeans-6.7.1/ide11/modules/ext/jaxb/jaxb-impl.jar
7ff664270000-7ff6642aa000 r-xs 002b9000 08:07 40982                      /home/programs/Netbeans/netbeans-6.7.1/ide11/modules/ext/jaxb/jaxb-xjc.jar
7ff6642aa000-7ff6642ac000 r-xs 00004000 08:07 40976                      /home/programs/Netbeans/netbeans-6.7.1/ide11/modules/ext/jaxb/api/jsr173_api.jar
7ff6642ac000-7ff6642ae000 r-xs 00002000 08:07 34356                      /home/programs/Netbeans/netbeans-6.7.1/ide11/modules/org-netbeans-libs-jaxb.jar
7ff6642ae000-7ff6642b2000 r-xs 00033000 08:07 34040                      /home/programs/Netbeans/netbeans-6.7.1/ide11/modules/org-netbeans-modules-projectuiapi.jar
7ff6642b2000-7ff6642b6000 r-xs 00032000 08:07 34118                      /home/programs/Netbeans/netbeans-6.7.1/ide11/modules/org-netbeans-modules-projectapi.jar
7ff6642b6000-7ff6642bc000 r-xs 00046000 08:07 11338666                   /home/slk230/JavaProj/Glotaran/build/cluster/modules/ext/jcommon-1.0.16.jar
7ff6642bc000-7ff6642c8000 r-xs 00169000 08:07 33023                      /home/programs/Netbeans/netbeans-6.7.1/platform10/modules/org-netbeans-core-windows.jar
7ff6642c8000-7ff6642d5000 r-xs 000b8000 08:07 32964                      /home/programs/Netbeans/netbeans-6.7.1/platform10/modules/org-netbeans-swing-tabcontrol.jar
7ff6642d5000-7ff6642dc000 r-xs 0007f000 08:07 33096                      /home/programs/Netbeans/netbeans-6.7.1/platform10/modules/org-netbeans-core.jar
7ff6642dc000-7ff6642df000 r-xs 0002e000 08:07 33046                      /home/programs/Netbeans/netbeans-6.7.1/platform10/modules/org-netbeans-swing-plaf.jar
7ff6642df000-7ff6642e1000 r-xs 00007000 08:07 33112                      /home/programs/Netbeans/netbeans-6.7.1/platform10/modules/org-openide-io.jar
7ff6642e1000-7ff6642ea000 r-xs 000f8000 08:07 33075                      /home/programs/Netbeans/netbeans-6.7.1/platform10/modules/org-openide-loaders.jar
7ff6642ea000-7ff6642eb000 r-xs 00009000 08:07 32988                      /home/programs/Netbeans/netbeans-6.7.1/platform10/modules/org-netbeans-modules-queries.jar
7ff6642eb000-7ff6642ee000 r-xs 0001c000 08:07 32987                      /home/programs/Netbeans/netbeans-6.7.1/platform10/modules/org-netbeans-spi-quicksearch.jar
7ff6642ee000-7ff6642f2000 r-xs 00026000 08:07 33078                      /home/programs/Netbeans/netbeans-6.7.1/platform10/modules/org-openide-actions.jar
7ff6642f2000-7ff6642f6000 r-xs 0004a000 08:07 33102                      /home/programs/Netbeans/netbeans-6.7.1/platform10/modules/org-openide-text.jar
7ff6642f6000-7ff6642f7000 r-xs 00005000 08:07 32859                      /home/programs/Netbeans/netbeans-6.7.1/platform10/modules/org-netbeans-modules-editor-mimelookup.jar
7ff6642f7000-7ff6642f9000 r-xs 0001b000 08:07 33076                      /home/programs/Netbeans/netbeans-6.7.1/platform10/modules/org-openide-windows.jar
7ff6642f9000-7ff664305000 r-xs 00144000 08:07 33069                      /home/programs/Netbeans/netbeans-6.7.1/platform10/modules/org-openide-explorer.jar
7ff664305000-7ff66430a000 r-xs 00065000 08:07 33097                      /home/programs/Netbeans/netbeans-6.7.1/platform10/modules/org-openide-nodes.jar
7ff66430a000-7ff66430c000 r-xs 0002a000 08:07 33013                      /home/programs/Netbeans/netbeans-6.7.1/platform10/modules/org-netbeans-swing-outline.jar
7ff66430c000-7ff66430e000 r-xs 00028000 08:07 33077                      /home/programs/Netbeans/netbeans-6.7.1/platform10/modules/org-openide-dialogs.jar
7ff66430e000-7ff66430f000 r-xs 0001c000 08:07 33057                      /home/programs/Netbeans/netbeans-6.7.1/platform10/modules/ext/swing-layout-1.0.3.jar
7ff66430f000-7ff664310000 r-xs 00000000 08:07 33079                      /home/programs/Netbeans/netbeans-6.7.1/platform10/modules/org-jdesktop-layout.jar
7ff664310000-7ff664312000 r-xs 0002e000 08:07 33126                      /home/programs/Netbeans/netbeans-6.7.1/platform10/modules/ext/updater.jar
7ff664312000-7ff664317000 r-xs 0007f000 08:07 32835                      /home/programs/Netbeans/netbeans-6.7.1/platform10/modules/org-netbeans-modules-autoupdate-services.jar
7ff664317000-7ff664319000 r-xs 0000c000 08:07 33021                      /home/programs/Netbeans/netbeans-6.7.1/platform10/modules/org-netbeans-api-progress.jar
7ff664319000-7ff66431e000 r-xs 00059000 08:07 33106                      /home/programs/Netbeans/netbeans-6.7.1/platform10/modules/org-openide-awt.jar
7ff664324000-7ff664327000 r-xs 00000000 08:06 201860                     /var/cache/fontconfig/c952848b32a83a3db68a27ab871288f2-x86-64.cache-2
7ff664327000-7ff66436c000 r-xs 00000000 08:06 201858                     /var/cache/fontconfig/7ef2298fde41cc6eeb7af42e48b7d293-x86-64.cache-2
7ff66436c000-7ff6643a2000 r-xs 00000000 08:06 52082                      /var/cache/fontconfig/8d4af663993b81a124ee82e610bb31f9-x86-64.cache-2
7ff6643a2000-7ff6643a9000 r-xs 00000000 08:06 204817                     /var/cache/fontconfig/d62e99ef547d1d24cdb1bd22ec1a2976-x86-64.cache-2
7ff6643a9000-7ff6643aa000 r-xs 00000000 08:07 11117560                   /home/slk230/JavaProj/Glotaran/build/cluster/modules/org-jfree.jar
7ff6643aa000-7ff6643ab000 r-xs 00000000 08:07 32961                      /home/programs/Netbeans/netbeans-6.7.1/platform10/modules/org-netbeans-modules-core-kit.jar
7ff6643ab000-7ff6643af000 r-xs 0003b000 08:07 32885                      /home/programs/Netbeans/netbeans-6.7.1/platform10/modules/org-netbeans-modules-options-keymap.jar
7ff6643af000-7ff6643b1000 r-xs 00030000 08:07 32958                      /home/programs/Netbeans/netbeans-6.7.1/platform10/modules/org-netbeans-modules-settings.jar
7ff6643b1000-7ff6643b3000 r-xs 00023000 08:07 32949                      /home/programs/Netbeans/netbeans-6.7.1/platform10/modules/org-netbeans-modules-favorites.jar
7ff6643b3000-7ff6643b4000 r-xs 00001000 08:07 32941                      /home/programs/Netbeans/netbeans-6.7.1/platform10/modules/org-netbeans-modules-templates.jar
7ff6643b4000-7ff6643b5000 r-xs 00008000 08:07 33113                      /home/programs/Netbeans/netbeans-6.7.1/platform10/modules/ext/script-api.jar
7ff6643b5000-7ff6643b6000 r-xs 00000000 08:07 33036                      /home/programs/Netbeans/netbeans-6.7.1/platform10/modules/org-netbeans-libs-jsr223.jar
7ff6643b6000-7ff6643ba000 r-xs 00034000 08:07 33012                      /home/programs/Netbeans/netbeans-6.7.1/platform10/modules/org-netbeans-modules-print.jar
7ff6643ba000-7ff6643be000 r-xs 0003b000 08:07 32959                      /home/programs/Netbeans/netbeans-6.7.1/platform10/modules/org-netbeans-modules-masterfs.jar
7ff6643be000-7ff6643c6000 r-xs 000b7000 08:07 32894                      /home/programs/Netbeans/netbeans-6.7.1/platform10/modules/org-netbeans-modules-autoupdate-ui.jar
7ff6643c6000-7ff6643c9000 r-xs 00043000 08:07 33068                      /home/programs/Netbeans/netbeans-6.7.1/platform10/modules/org-netbeans-core-ui.jar
7ff6643c9000-7ff6643ce000 r-xs 0004b000 08:07 32928                      /home/programs/Netbeans/netbeans-6.7.1/platform10/modules/org-netbeans-modules-options-api.jar
7ff6643ce000-7ff664429000 r-xp 00000000 08:06 27209                      /var/cache/libx11/compose/l4_030_313cb605_00280cc0
7ff664429000-7ff66442c000 ---p 00000000 00:00 0 
7ff66442c000-7ff66452a000 rwxp 00000000 00:00 0 
7ff66452a000-7ff66452d000 ---p 00000000 00:00 0 
7ff66452d000-7ff66462b000 rwxp 00000000 00:00 0 
7ff66462b000-7ff66462e000 ---p 00000000 00:00 0 
7ff66462e000-7ff66472c000 rwxp 00000000 00:00 0 
7ff66472c000-7ff664731000 r-xp 00000000 08:06 26874                      /usr/lib64/libXfixes.so.3.1.0
7ff664731000-7ff664930000 ---p 00005000 08:06 26874                      /usr/lib64/libXfixes.so.3.1.0
7ff664930000-7ff664931000 r-xp 00004000 08:06 26874                      /usr/lib64/libXfixes.so.3.1.0
7ff664931000-7ff664932000 rwxp 00005000 08:06 26874                      /usr/lib64/libXfixes.so.3.1.0
7ff664932000-7ff66493b000 r-xp 00000000 08:06 26952                      /usr/lib64/libXrender.so.1.3.0
7ff66493b000-7ff664b3a000 ---p 00009000 08:06 26952                      /usr/lib64/libXrender.so.1.3.0
7ff664b3a000-7ff664b3b000 r-xp 00008000 08:06 26952                      /usr/lib64/libXrender.so.1.3.0
7ff664b3b000-7ff664b3c000 rwxp 00009000 08:06 26952                      /usr/lib64/libXrender.so.1.3.0
7ff664b3c000-7ff664b45000 r-xp 00000000 08:06 26889                      /usr/lib64/libXcursor.so.1.0.2
7ff664b45000-7ff664d45000 ---p 00009000 08:06 26889                      /usr/lib64/libXcursor.so.1.0.2
7ff664d45000-7ff664d46000 r-xp 00009000 08:06 26889                      /usr/lib64/libXcursor.so.1.0.2
7ff664d46000-7ff664d47000 rwxp 0000a000 08:06 26889                      /usr/lib64/libXcursor.so.1.0.2
7ff664d47000-7ff664d4e000 r-xp 00000000 08:06 200426                     /usr/lib64/jvm/java-1.6.0-sun-1.6.0/jre/lib/amd64/libnio.so
7ff664d4e000-7ff664e4d000 ---p 00007000 08:06 200426                     /usr/lib64/jvm/java-1.6.0-sun-1.6.0/jre/lib/amd64/libnio.so
7ff664e4d000-7ff664e4f000 rwxp 00006000 08:06 200426                     /usr/lib64/jvm/java-1.6.0-sun-1.6.0/jre/lib/amd64/libnio.so
7ff664e4f000-7ff664e52000 ---p 00000000 00:00 0 
7ff664e52000-7ff664f50000 rwxp 00000000 00:00 0 
7ff664f50000-7ff664fce000 r-xp 00000000 08:06 200406                     /usr/lib64/jvm/java-1.6.0-sun-1.6.0/jre/lib/amd64/libfontmanager.so
7ff664fce000-7ff6650cd000 ---p 0007e000 08:06 200406                     /usr/lib64/jvm/java-1.6.0-sun-1.6.0/jre/lib/amd64/libfontmanager.so
7ff6650cd000-7ff6650e3000 rwxp 0007d000 08:06 200406                     /usr/lib64/jvm/java-1.6.0-sun-1.6.0/jre/lib/amd64/libfontmanager.so
7ff6650e3000-7ff6650f4000 rwxp 00000000 00:00 0 
7ff6650f4000-7ff6650f6000 r-xp 00000000 08:06 21995                      /usr/lib64/libXau.so.6.0.0
7ff6650f6000-7ff6652f6000 ---p 00002000 08:06 21995                      /usr/lib64/libXau.so.6.0.0
7ff6652f6000-7ff6652f7000 r-xp 00002000 08:06 21995                      /usr/lib64/libXau.so.6.0.0
7ff6652f7000-7ff6652f8000 rwxp 00003000 08:06 21995                      /usr/lib64/libXau.so.6.0.0
7ff6652f8000-7ff665313000 r-xp 00000000 08:06 21875                      /usr/lib64/libxcb.so.1.1.0
7ff665313000-7ff665513000 ---p 0001b000 08:06 21875                      /usr/lib64/libxcb.so.1.1.0
7ff665513000-7ff665514000 r-xp 0001b000 08:06 21875                      /usr/lib64/libxcb.so.1.1.0
7ff665514000-7ff665515000 rwxp 0001c000 08:06 21875                      /usr/lib64/libxcb.so.1.1.0
7ff665515000-7ff66551e000 r-xp 00000000 08:06 27166                      /usr/lib64/libXi.so.6.0.0
7ff66551e000-7ff66571e000 ---p 00009000 08:06 27166                      /usr/lib64/libXi.so.6.0.0
7ff66571e000-7ff66571f000 r-xp 00009000 08:06 27166                      /usr/lib64/libXi.so.6.0.0
7ff66571f000-7ff665720000 rwxp 0000a000 08:06 27166                      /usr/lib64/libXi.so.6.0.0
7ff665720000-7ff665725000 r-xp 00000000 08:06 26884                      /usr/lib64/libXtst.so.6.1.0
7ff665725000-7ff665925000 ---p 00005000 08:06 26884                      /usr/lib64/libXtst.so.6.1.0
7ff665925000-7ff665926000 r-xp 00005000 08:06 26884                      /usr/lib64/libXtst.so.6.1.0
7ff665926000-7ff665927000 rwxp 00006000 08:06 26884                      /usr/lib64/libXtst.so.6.1.0
7ff665927000-7ff665a5d000 r-xp 00000000 08:06 22455                      /usr/lib64/libX11.so.6.2.0
7ff665a5d000-7ff665c5d000 ---p 00136000 08:06 22455                      /usr/lib64/libX11.so.6.2.0
7ff665c5d000-7ff665c5e000 r-xp 00136000 08:06 22455                      /usr/lib64/libX11.so.6.2.0
7ff665c5e000-7ff665c63000 rwxp 00137000 08:06 22455                      /usr/lib64/libX11.so.6.2.0
7ff665c63000-7ff665c74000 r-xp 00000000 08:06 22418                      /usr/lib64/libXext.so.6.4.0
7ff665c74000-7ff665e73000 ---p 00011000 08:06 22418                      /usr/lib64/libXext.so.6.4.0
7ff665e73000-7ff665e74000 r-xp 00010000 08:06 22418                      /usr/lib64/libXext.so.6.4.0
7ff665e74000-7ff665e75000 rwxp 00011000 08:06 22418                      /usr/lib64/libXext.so.6.4.0
7ff665e75000-7ff665eb7000 r-xp 00000000 08:06 200439                     /usr/lib64/jvm/java-1.6.0-sun-1.6.0/jre/lib/amd64/xawt/libmawt.so
7ff665eb7000-7ff665fb6000 ---p 00042000 08:06 200439                     /usr/lib64/jvm/java-1.6.0-sun-1.6.0/jre/lib/amd64/xawt/libmawt.so
7ff665fb6000-7ff665fc1000 rwxp 00041000 08:06 200439                     /usr/lib64/jvm/java-1.6.0-sun-1.6.0/jre/lib/amd64/xawt/libmawt.so
7ff665fc1000-7ff665fc3000 rwxp 00000000 00:00 0 
7ff665fc3000-7ff666055000 r-xp 00000000 08:06 200401                     /usr/lib64/jvm/java-1.6.0-sun-1.6.0/jre/lib/amd64/libawt.so
7ff666055000-7ff666154000 ---p 00092000 08:06 200401                     /usr/lib64/jvm/java-1.6.0-sun-1.6.0/jre/lib/amd64/libawt.so
7ff666154000-7ff66616d000 rwxp 00091000 08:06 200401                     /usr/lib64/jvm/java-1.6.0-sun-1.6.0/jre/lib/amd64/libawt.so
7ff66616d000-7ff666192000 rwxp 00000000 00:00 0 
7ff666192000-7ff666195000 rwxp 00000000 00:00 0 
7ff666195000-7ff666293000 rwxp 00000000 00:00 0 
7ff666293000-7ff666296000 ---p 00000000 00:00 0 
7ff666296000-7ff666394000 rwxp 00000000 00:00 0 
7ff666394000-7ff666397000 ---p 00000000 00:00 0 
7ff666397000-7ff666495000 rwxp 00000000 00:00 0 
7ff666495000-7ff666498000 ---p 00000000 00:00 0 
7ff666498000-7ff6665f7000 rwxp 00000000 00:00 0 
7ff6665f7000-7ff66660a000 r-xp 00000000 08:06 200425                     /usr/lib64/jvm/java-1.6.0-sun-1.6.0/jre/lib/amd64/libnet.so
7ff66660a000-7ff66670b000 ---p 00013000 08:06 200425                     /usr/lib64/jvm/java-1.6.0-sun-1.6.0/jre/lib/amd64/libnet.so
7ff66670b000-7ff66670e000 rwxp 00014000 08:06 200425                     /usr/lib64/jvm/java-1.6.0-sun-1.6.0/jre/lib/amd64/libnet.so
7ff66670e000-7ff66676d000 r-xs 00ba3000 08:06 201428                     /usr/lib64/jvm/java-1.6.0-sun-1.6.0/lib/tools.jar
7ff66676d000-7ff666770000 ---p 00000000 00:00 0 
7ff666770000-7ff66686e000 rwxp 00000000 00:00 0 
7ff66686e000-7ff66686f000 ---p 00000000 00:00 0 
7ff66686f000-7ff66696f000 rwxp 00000000 00:00 0 
7ff66696f000-7ff666972000 ---p 00000000 00:00 0 
7ff666972000-7ff666a70000 rwxp 00000000 00:00 0 
7ff666a70000-7ff666a73000 ---p 00000000 00:00 0 
7ff666a73000-7ff666b71000 rwxp 00000000 00:00 0 
7ff666b71000-7ff666b74000 ---p 00000000 00:00 0 
7ff666b74000-7ff666c72000 rwxp 00000000 00:00 0 
7ff666c72000-7ff666c75000 ---p 00000000 00:00 0 
7ff666c75000-7ff666d73000 rwxp 00000000 00:00 0 
7ff666d73000-7ff666db2000 r-xp 00000000 08:06 18654                      /usr/lib/locale/en_US.utf8/LC_CTYPE
7ff666db2000-7ff666db5000 ---p 00000000 00:00 0 
7ff666db5000-7ff666eb3000 rwxp 00000000 00:00 0 
7ff666eb3000-7ff666eb6000 ---p 00000000 00:00 0 
7ff666eb6000-7ff666fb4000 rwxp 00000000 00:00 0 
7ff666fb4000-7ff666fb5000 ---p 00000000 00:00 0 
7ff666fb5000-7ff66718d000 rwxp 00000000 00:00 0 
7ff66718d000-7ff667323000 r-xs 02fb3000 08:06 200585                     /usr/lib64/jvm/java-1.6.0-sun-1.6.0/jre/lib/rt.jar
7ff667323000-7ff66734b000 rwxp 00000000 00:00 0 
7ff66734b000-7ff66734c000 ---p 00000000 00:00 0 
7ff66734c000-7ff66744c000 rwxp 00000000 00:00 0 
7ff66744c000-7ff66744d000 ---p 00000000 00:00 0 
7ff66744d000-7ff66754d000 rwxp 00000000 00:00 0 
7ff66754d000-7ff66754e000 ---p 00000000 00:00 0 
7ff66754e000-7ff66764e000 rwxp 00000000 00:00 0 
7ff66764e000-7ff66764f000 ---p 00000000 00:00 0 
7ff66764f000-7ff667760000 rwxp 00000000 00:00 0 
7ff667760000-7ff667779000 rwxp 00000000 00:00 0 
7ff667779000-7ff6677a2000 rwxp 00000000 00:00 0 
7ff6677a2000-7ff6679fe000 rwxp 00000000 00:00 0 
7ff6679fe000-7ff667a0f000 rwxp 00000000 00:00 0 
7ff667a0f000-7ff667a28000 rwxp 00000000 00:00 0 
7ff667a28000-7ff667a51000 rwxp 00000000 00:00 0 
7ff667a51000-7ff667cac000 rwxp 00000000 00:00 0 
7ff667cac000-7ff667cef000 rwxp 00000000 00:00 0 
7ff667cef000-7ff667def000 rwxp 00000000 00:00 0 
7ff667def000-7ff669f70000 rwxp 00000000 00:00 0 
7ff669f70000-7ff66d1f0000 rwxp 00000000 00:00 0 
7ff66d1f0000-7ff672290000 rwxp 00000000 00:00 0 
7ff672290000-7ff6bdb50000 rwxp 00000000 00:00 0 
7ff6bdb50000-7ff6c5e50000 rwxp 00000000 00:00 0 
7ff6c5e50000-7ff6e5ff0000 rwxp 00000000 00:00 0 
7ff6e5ff0000-7ff6e5ff1000 r-xs 00000000 08:07 11117491                   /home/slk230/JavaProj/Glotaran/build/cluster/modules/locale/org-netbeans-core-windows_glotaran.jar
7ff6e5ff1000-7ff6e5ff7000 r-xs 0001e000 08:06 201421                     /usr/lib64/jvm/java-1.6.0-sun-1.6.0/lib/dt.jar
7ff6e5ff7000-7ff6e5ff8000 r-xs 00001000 08:07 33024                      /home/programs/Netbeans/netbeans-6.7.1/platform10/lib/locale/org-openide-util_zh_CN.jar
7ff6e5ff8000-7ff6e5ffa000 r-xs 00000000 08:07 33025                      /home/programs/Netbeans/netbeans-6.7.1/platform10/lib/locale/org-openide-util_pt_BR.jar
7ff6e5ffa000-7ff6e5ffb000 r-xs 00001000 08:07 33058                      /home/programs/Netbeans/netbeans-6.7.1/platform10/lib/locale/org-openide-util_ja.jar
7ff6e5ffb000-7ff6e5ffc000 r-xs 00000000 08:07 32995                      /home/programs/Netbeans/netbeans-6.7.1/platform10/lib/locale/org-openide-modules_zh_CN.jar
7ff6e5ffc000-7ff6e5ffd000 r-xs 00000000 08:07 32994                      /home/programs/Netbeans/netbeans-6.7.1/platform10/lib/locale/org-openide-modules_pt_BR.jar
7ff6e5ffd000-7ff6e5ffe000 r-xs 00000000 08:07 33026                      /home/programs/Netbeans/netbeans-6.7.1/platform10/lib/locale/org-openide-modules_ja.jar
7ff6e5ffe000-7ff6e626e000 rwxp 00000000 00:00 0 
7ff6e626e000-7ff6e8ffe000 rwxp 00000000 00:00 0 
7ff6e8ffe000-7ff6e900c000 r-xp 00000000 08:06 200433                     /usr/lib64/jvm/java-1.6.0-sun-1.6.0/jre/lib/amd64/libzip.so
7ff6e900c000-7ff6e910e000 ---p 0000e000 08:06 200433                     /usr/lib64/jvm/java-1.6.0-sun-1.6.0/jre/lib/amd64/libzip.so
7ff6e910e000-7ff6e9111000 rwxp 00010000 08:06 200433                     /usr/lib64/jvm/java-1.6.0-sun-1.6.0/jre/lib/amd64/libzip.so
7ff6e9111000-7ff6e9112000 rwxp 00000000 00:00 0 
7ff6e9112000-7ff6e9119000 r-xp 00000000 08:06 200435                     /usr/lib64/jvm/java-1.6.0-sun-1.6.0/jre/lib/amd64/native_threads/libhpi.so
7ff6e9119000-7ff6e921a000 ---p 00007000 08:06 200435                     /usr/lib64/jvm/java-1.6.0-sun-1.6.0/jre/lib/amd64/native_threads/libhpi.so
7ff6e921a000-7ff6e921c000 rwxp 00008000 08:06 200435                     /usr/lib64/jvm/java-1.6.0-sun-1.6.0/jre/lib/amd64/native_threads/libhpi.so
7ff6e921c000-7ff6e921d000 rwxp 00000000 00:00 0 
7ff6e921d000-7ff6e9232000 r-xp 00000000 08:06 1431                       /lib64/libnsl-2.10.1.so
7ff6e9232000-7ff6e9431000 ---p 00015000 08:06 1431                       /lib64/libnsl-2.10.1.so
7ff6e9431000-7ff6e9432000 r-xp 00014000 08:06 1431                       /lib64/libnsl-2.10.1.so
7ff6e9432000-7ff6e9433000 rwxp 00015000 08:06 1431                       /lib64/libnsl-2.10.1.so
7ff6e9433000-7ff6e9435000 rwxp 00000000 00:00 0 
7ff6e9435000-7ff6e945e000 r-xp 00000000 08:06 200414                     /usr/lib64/jvm/java-1.6.0-sun-1.6.0/jre/lib/amd64/libjava.so
7ff6e945e000-7ff6e955d000 ---p 00029000 08:06 200414                     /usr/lib64/jvm/java-1.6.0-sun-1.6.0/jre/lib/amd64/libjava.so
7ff6e955d000-7ff6e9564000 rwxp 00028000 08:06 200414                     /usr/lib64/jvm/java-1.6.0-sun-1.6.0/jre/lib/amd64/libjava.so
7ff6e9564000-7ff6e9571000 r-xp 00000000 08:06 200432                     /usr/lib64/jvm/java-1.6.0-sun-1.6.0/jre/lib/amd64/libverify.so
7ff6e9571000-7ff6e9670000 ---p 0000d000 08:06 200432                     /usr/lib64/jvm/java-1.6.0-sun-1.6.0/jre/lib/amd64/libverify.so
7ff6e9670000-7ff6e9673000 rwxp 0000c000 08:06 200432                     /usr/lib64/jvm/java-1.6.0-sun-1.6.0/jre/lib/amd64/libverify.so
7ff6e9673000-7ff6e967b000 r-xp 00000000 08:06 1410                       /lib64/librt-2.10.1.so
7ff6e967b000-7ff6e987a000 ---p 00008000 08:06 1410                       /lib64/librt-2.10.1.so
7ff6e987a000-7ff6e987b000 r-xp 00007000 08:06 1410                       /lib64/librt-2.10.1.so
7ff6e987b000-7ff6e987c000 rwxp 00008000 08:06 1410                       /lib64/librt-2.10.1.so
7ff6e987c000-7ff6e987f000 ---p 00000000 00:00 0 
7ff6e987f000-7ff6e997d000 rwxp 00000000 00:00 0 
7ff6e997d000-7ff6e99d1000 r-xp 00000000 08:06 1406                       /lib64/libm-2.10.1.so
7ff6e99d1000-7ff6e9bd0000 ---p 00054000 08:06 1406                       /lib64/libm-2.10.1.so
7ff6e9bd0000-7ff6e9bd1000 r-xp 00053000 08:06 1406                       /lib64/libm-2.10.1.so
7ff6e9bd1000-7ff6e9bd2000 rwxp 00054000 08:06 1406                       /lib64/libm-2.10.1.so
7ff6e9bd2000-7ff6ea330000 r-xp 00000000 08:06 200438                     /usr/lib64/jvm/java-1.6.0-sun-1.6.0/jre/lib/amd64/server/libjvm.so
7ff6ea330000-7ff6ea42f000 ---p 0075e000 08:06 200438                     /usr/lib64/jvm/java-1.6.0-sun-1.6.0/jre/lib/amd64/server/libjvm.so
7ff6ea42f000-7ff6ea5a7000 rwxp 0075d000 08:06 200438                     /usr/lib64/jvm/java-1.6.0-sun-1.6.0/jre/lib/amd64/server/libjvm.so
7ff6ea5a7000-7ff6ea5e5000 rwxp 00000000 00:00 0 
7ff6ea5e5000-7ff6ea736000 r-xp 00000000 08:06 1409                       /lib64/libc-2.10.1.so
7ff6ea736000-7ff6ea936000 ---p 00151000 08:06 1409                       /lib64/libc-2.10.1.so
7ff6ea936000-7ff6ea93a000 r-xp 00151000 08:06 1409                       /lib64/libc-2.10.1.so
7ff6ea93a000-7ff6ea93b000 rwxp 00155000 08:06 1409                       /lib64/libc-2.10.1.so
7ff6ea93b000-7ff6ea940000 rwxp 00000000 00:00 0 
7ff6ea940000-7ff6ea942000 r-xp 00000000 08:06 1432                       /lib64/libdl-2.10.1.so
7ff6ea942000-7ff6eab42000 ---p 00002000 08:06 1432                       /lib64/libdl-2.10.1.so
7ff6eab42000-7ff6eab43000 r-xp 00002000 08:06 1432                       /lib64/libdl-2.10.1.so
7ff6eab43000-7ff6eab44000 rwxp 00003000 08:06 1432                       /lib64/libdl-2.10.1.so
7ff6eab44000-7ff6eab5a000 r-xp 00000000 08:06 1388                       /lib64/libpthread-2.10.1.so
7ff6eab5a000-7ff6ead5a000 ---p 00016000 08:06 1388                       /lib64/libpthread-2.10.1.so
7ff6ead5a000-7ff6ead5b000 r-xp 00016000 08:06 1388                       /lib64/libpthread-2.10.1.so
7ff6ead5b000-7ff6ead5c000 rwxp 00017000 08:06 1388                       /lib64/libpthread-2.10.1.so
7ff6ead5c000-7ff6ead60000 rwxp 00000000 00:00 0 
7ff6ead60000-7ff6ead7e000 r-xp 00000000 08:06 1383                       /lib64/ld-2.10.1.so
7ff6ead7e000-7ff6ead7f000 r-xs 00000000 08:07 33119                      /home/programs/Netbeans/netbeans-6.7.1/platform10/lib/locale/boot_zh_CN.jar
7ff6ead7f000-7ff6ead80000 r-xs 00011000 08:07 11337793                   /home/slk230/JavaProj/Glotaran/build/cluster/core/locale/core_glotaran.jar
7ff6ead80000-7ff6ead81000 r-xs 00001000 08:07 33122                      /home/programs/Netbeans/netbeans-6.7.1/platform10/core/locale/core_ja.jar
7ff6ead81000-7ff6ead82000 r-xs 00001000 08:07 32939                      /home/programs/Netbeans/netbeans-6.7.1/platform10/core/locale/org-openide-filesystems_ja.jar
7ff6ead82000-7ff6ead83000 r-xs 00001000 08:07 32904                      /home/programs/Netbeans/netbeans-6.7.1/platform10/core/locale/org-openide-filesystems_pt_BR.jar
7ff6ead83000-7ff6ead84000 r-xs 00001000 08:07 33109                      /home/programs/Netbeans/netbeans-6.7.1/platform10/core/locale/core_pt_BR.jar
7ff6ead84000-7ff6ead85000 r-xs 00001000 08:07 32905                      /home/programs/Netbeans/netbeans-6.7.1/platform10/core/locale/org-openide-filesystems_zh_CN.jar
7ff6ead85000-7ff6ead86000 r-xs 00001000 08:07 33110                      /home/programs/Netbeans/netbeans-6.7.1/platform10/core/locale/core_zh_CN.jar
7ff6ead86000-7ff6ead8b000 r-xs 00099000 08:07 33065                      /home/programs/Netbeans/netbeans-6.7.1/platform10/core/org-openide-filesystems.jar
7ff6ead8b000-7ff6ead90000 r-xs 00095000 08:07 33128                      /home/programs/Netbeans/netbeans-6.7.1/platform10/core/core.jar
7ff6ead90000-7ff6ead9a000 rwxp 00000000 00:00 0 
7ff6ead9a000-7ff6eae50000 rwxp 00000000 00:00 0 
7ff6eae50000-7ff6eae52000 rwxp 00000000 00:00 0 
7ff6eae52000-7ff6eae59000 r-xp 00000000 08:06 200398                     /usr/lib64/jvm/java-1.6.0-sun-1.6.0/jre/lib/amd64/jli/libjli.so
7ff6eae59000-7ff6eaf5a000 ---p 00007000 08:06 200398                     /usr/lib64/jvm/java-1.6.0-sun-1.6.0/jre/lib/amd64/jli/libjli.so
7ff6eaf5a000-7ff6eaf5c000 rwxp 00008000 08:06 200398                     /usr/lib64/jvm/java-1.6.0-sun-1.6.0/jre/lib/amd64/jli/libjli.so
7ff6eaf5c000-7ff6eaf5d000 rwxp 00000000 00:00 0 
7ff6eaf5d000-7ff6eaf5e000 r-xs 00000000 08:07 33120                      /home/programs/Netbeans/netbeans-6.7.1/platform10/lib/locale/boot_pt_BR.jar
7ff6eaf5e000-7ff6eaf5f000 r-xs 00000000 08:07 33127                      /home/programs/Netbeans/netbeans-6.7.1/platform10/lib/locale/boot_ja.jar
7ff6eaf5f000-7ff6eaf66000 r-xs 00097000 08:07 33121                      /home/programs/Netbeans/netbeans-6.7.1/platform10/lib/org-openide-util.jar
7ff6eaf66000-7ff6eaf68000 r-xs 00006000 08:07 33107                      /home/programs/Netbeans/netbeans-6.7.1/platform10/lib/org-openide-modules.jar
7ff6eaf68000-7ff6eaf6a000 r-xs 0003e000 08:07 33129                      /home/programs/Netbeans/netbeans-6.7.1/platform10/lib/boot.jar
7ff6eaf6a000-7ff6eaf71000 r-xs 00000000 08:06 22251                      /usr/lib64/gconv/gconv-modules.cache
7ff6eaf71000-7ff6eaf79000 rwxs 00000000 08:06 210637                     /tmp/hsperfdata_slapten/6377
7ff6eaf79000-7ff6eaf7a000 rwxp 00000000 00:00 0 
7ff6eaf7a000-7ff6eaf7b000 r-xp 00000000 00:00 0 
7ff6eaf7b000-7ff6eaf7d000 rwxp 00000000 00:00 0 
7ff6eaf7d000-7ff6eaf7e000 r-xp 0001d000 08:06 1383                       /lib64/ld-2.10.1.so
7ff6eaf7e000-7ff6eaf7f000 rwxp 0001e000 08:06 1383                       /lib64/ld-2.10.1.so
7fff31ca6000-7fff31cbc000 rwxp 00000000 00:00 0                          [stack]
7fff31dff000-7fff31e00000 r-xp 00000000 00:00 0                          [vdso]
ffffffffff600000-ffffffffff601000 r-xp 00000000 00:00 0                  [vsyscall]

VM Arguments:
jvm_args: -Djdk.home=/usr/lib64/jvm/java-1.6.0-sun-1.6.0 -Dnetbeans.dirs=/home/slk230/JavaProj/Glotaran/build/cluster:/home/programs/Netbeans/netbeans-6.7.1/ide11:/home/programs/Netbeans/netbeans-6.7.1/java2:/home/programs/Netbeans/netbeans-6.7.1/platform10 -Dnetbeans.home=/home/programs/Netbeans/netbeans-6.7.1/platform10 -Dnetbeans.logger.console=true -ea -XX:+HeapDumpOnOutOfMemoryError -XX:HeapDumpPath=build/testuserdir/var/log/heapdump.hprof 
java_command: org.netbeans.Main --userdir build/testuserdir --branding glotaran --test-userdir-lock-with-invalid-arg
Launcher Type: SUN_STANDARD

Environment Variables:
JAVA_HOME=/usr/lib64/jvm/java-1.6.0-sun
JRE_HOME=/usr//jvm/jre
PATH=/usr/lib64/mpi/gcc/openmpi/bin:/home/slk230/bin:/usr/local/bin:/usr/bin:/bin:/usr/bin/X11:/usr/X11R6/bin:/usr/games:/usr/lib/mit/bin:/usr/lib/mit/sbin
LD_LIBRARY_PATH=/usr/lib64/jvm/java-1.6.0-sun-1.6.0/jre/lib/amd64/server:/usr/lib64/jvm/java-1.6.0-sun-1.6.0/jre/lib/amd64:/usr/lib64/jvm/java-1.6.0-sun-1.6.0/jre/../lib/amd64:/usr/lib64/mpi/gcc/openmpi/lib64:/usr/lib64/R/library/rJava/jri:/usr/lib64/R/lib:/usr/lib64/R/lib:/usr/lib64/R/bin:/usr/lib64/jvm/java-1.6.0-sun/jre/lib/i386/server:/usr/lib64/jvm/java-1.6.0-sun/jre/lib/i386:/usr/lib64/jvm/java-1.6.0-sun/jre/../lib/i386:/usr/java/packages/lib/i386:/lib:/usr/lib64
SHELL=/bin/bash
DISPLAY=:0.0
HOSTTYPE=x86_64
OSTYPE=linux
MACHTYPE=x86_64-suse-linux

Signal Handlers:
SIGSEGV: [libjvm.so+0x6bdd00], sa_mask[0]=0x7ffbfeff, sa_flags=0x10000004
SIGBUS: [libjvm.so+0x6bdd00], sa_mask[0]=0x7ffbfeff, sa_flags=0x10000004
SIGFPE: [libjvm.so+0x594ed0], sa_mask[0]=0x7ffbfeff, sa_flags=0x10000004
SIGPIPE: [libjvm.so+0x594ed0], sa_mask[0]=0x7ffbfeff, sa_flags=0x10000004
SIGXFSZ: [libjvm.so+0x594ed0], sa_mask[0]=0x7ffbfeff, sa_flags=0x10000004
SIGILL: [libjvm.so+0x594ed0], sa_mask[0]=0x7ffbfeff, sa_flags=0x10000004
SIGUSR1: SIG_DFL, sa_mask[0]=0x00000000, sa_flags=0x00000000
SIGUSR2: [libjvm.so+0x597690], sa_mask[0]=0x00000004, sa_flags=0x10000004
SIGHUP: [libjvm.so+0x5973e0], sa_mask[0]=0x7ffbfeff, sa_flags=0x10000004
SIGINT: SIG_IGN, sa_mask[0]=0x00000000, sa_flags=0x00000000
SIGTERM: [libjvm.so+0x5973e0], sa_mask[0]=0x7ffbfeff, sa_flags=0x10000004
SIGQUIT: [libjvm.so+0x5973e0], sa_mask[0]=0x7ffbfeff, sa_flags=0x10000004


---------------  S Y S T E M  ---------------

OS:openSUSE 11.2 (x86_64)
VERSION = 11.2

uname:Linux 2.6.31.5-0.1-desktop #1 SMP PREEMPT 2009-10-26 15:49:03 +0100 x86_64
libc:glibc 2.10.1 NPTL 2.10.1 
rlimit: STACK 8192k, CORE 0k, NPROC 61804, NOFILE 8192, AS 16398000k
load average:0.37 0.16 0.18

CPU:total 4 (4 cores per cpu, 1 threads per core) family 16 model 2 stepping 3, cmov, cx8, fxsr, mmx, sse, sse2, sse3, mmxext, 3dnow, 3dnowext, sse4a

Memory: 4k page, physical 7918648k(4474868k free), swap 12578852k(12578852k free)

vm_info: Java HotSpot(TM) 64-Bit Server VM (14.1-b02) for linux-amd64 JRE (1.6.0_15-b03), built on Jul  2 2009 15:26:16 by "java_re" with gcc 3.2.2 (SuSE Linux)

time: Tue Nov 17 14:09:31 2009
elapsed time: 1332 seconds

